2024-06-28 00:08:00,715 - 3264776 - [wine.csv, DecisionTree, density_weighted_sampling] - INFO - Processo iniciado
2024-06-28 00:08:07,868 - 3264776 - [wine.csv, DecisionTree, density_weighted_sampling] - INFO - Processo finalizado
2024-06-28 00:27:45,291 - 3264780 - [climate-simulation-craches.csv, DecisionTree, density_weighted_sampling] - INFO - Processo iniciado
2024-06-28 00:27:54,686 - 3264780 - [climate-simulation-craches.csv, DecisionTree, density_weighted_sampling] - INFO - Processo finalizado
2024-06-28 00:43:05,293 - 3264739 - [parkinsons.csv, DecisionTree, density_weighted_sampling] - INFO - Processo iniciado
2024-06-28 00:43:08,549 - 3264739 - [parkinsons.csv, DecisionTree, density_weighted_sampling] - INFO - Processo finalizado
2024-06-28 01:12:17,325 - 3264751 - [volcanoes-e1.csv, DecisionTree, density_weighted_sampling] - INFO - Processo iniciado
2024-06-28 01:12:35,059 - 3264751 - [volcanoes-e1.csv, DecisionTree, density_weighted_sampling] - INFO - Processo finalizado
2024-06-28 01:30:21,488 - 3264761 - [autoUniv-au1-1000.csv, DecisionTree, density_weighted_sampling] - INFO - Processo iniciado
2024-06-28 01:30:35,385 - 3264761 - [autoUniv-au1-1000.csv, DecisionTree, density_weighted_sampling] - INFO - Processo finalizado
2024-06-28 02:06:29,105 - 3264821 - [flare.csv, DecisionTree, density_weighted_sampling] - INFO - Processo iniciado
2024-06-28 02:06:59,017 - 3264821 - [flare.csv, DecisionTree, density_weighted_sampling] - INFO - Processo finalizado
2024-06-28 02:34:36,366 - 3264747 - [wilt.csv, DecisionTree, density_weighted_sampling] - INFO - Processo iniciado
2024-06-28 02:41:33,644 - 3264747 - [wilt.csv, DecisionTree, density_weighted_sampling] - INFO - Processo finalizado
2024-06-28 03:56:22,308 - 3264760 - [monks3.csv, DecisionTree, density_weighted_sampling] - INFO - Processo iniciado
2024-06-28 03:56:29,498 - 3264760 - [monks3.csv, DecisionTree, density_weighted_sampling] - INFO - Processo finalizado
2024-06-28 05:41:20,705 - 3264739 - [volcanoes-d1.csv, DecisionTree, density_weighted_sampling] - INFO - Processo iniciado
2024-06-28 05:56:12,509 - 3264739 - [volcanoes-d1.csv, DecisionTree, density_weighted_sampling] - INFO - Processo finalizado
2024-06-28 08:54:10,504 - 3264767 - [voting.csv, DecisionTree, density_weighted_sampling] - INFO - Processo iniciado
2024-06-28 08:54:19,730 - 3264767 - [voting.csv, DecisionTree, density_weighted_sampling] - INFO - Processo finalizado
2024-06-28 09:59:27,919 - 3264769 - [thyroid-newthyroid.csv, DecisionTree, density_weighted_sampling] - INFO - Processo iniciado
2024-06-28 09:59:37,438 - 3264769 - [thyroid-newthyroid.csv, DecisionTree, density_weighted_sampling] - INFO - Processo finalizado
2024-06-28 10:29:40,044 - 3264774 - [waveform-v2.csv, DecisionTree, density_weighted_sampling] - INFO - Processo iniciado
2024-06-28 10:34:44,283 - 3264774 - [waveform-v2.csv, DecisionTree, density_weighted_sampling] - INFO - Processo finalizado
2024-06-28 18:24:06,253 - 3264757 - [thyroid-sick-euthyroid.csv, DecisionTree, density_weighted_sampling] - INFO - Processo iniciado
2024-06-28 18:26:30,025 - 3264757 - [thyroid-sick-euthyroid.csv, DecisionTree, density_weighted_sampling] - INFO - Processo finalizado
2024-06-29 01:45:19,380 - 3264741 - [vertebra-column-3c.csv, DecisionTree, density_weighted_sampling] - INFO - Processo iniciado
2024-06-29 01:45:27,650 - 3264741 - [vertebra-column-3c.csv, DecisionTree, density_weighted_sampling] - INFO - Processo finalizado
2024-06-29 03:12:17,167 - 3264797 - [hepatitis.csv, DecisionTree, density_weighted_sampling] - INFO - Processo iniciado
2024-06-29 03:12:24,409 - 3264797 - [hepatitis.csv, DecisionTree, density_weighted_sampling] - INFO - Processo finalizado
2024-06-29 14:14:34,763 - 3264805 - [eeg-eye-state.csv, DecisionTree, density_weighted_sampling] - INFO - Processo iniciado
2024-06-29 14:41:16,953 - 3264805 - [eeg-eye-state.csv, DecisionTree, density_weighted_sampling] - INFO - Processo finalizado
2024-06-29 18:54:14,862 - 3264819 - [mammographic-mass.csv, DecisionTree, density_weighted_sampling] - INFO - Processo iniciado
2024-06-29 18:54:25,147 - 3264819 - [mammographic-mass.csv, DecisionTree, density_weighted_sampling] - INFO - Processo finalizado
2024-06-29 19:53:22,139 - 3264770 - [abalone-3class.csv, DecisionTree, density_weighted_sampling] - INFO - Processo iniciado
2024-06-29 19:56:14,652 - 3264770 - [abalone-3class.csv, DecisionTree, density_weighted_sampling] - INFO - Processo finalizado
2024-06-29 23:45:07,465 - 3264795 - [texture.csv, DecisionTree, density_weighted_sampling] - INFO - Processo iniciado
2024-06-29 23:49:25,934 - 3264795 - [texture.csv, DecisionTree, density_weighted_sampling] - INFO - Processo finalizado
2024-06-30 12:11:29,347 - 3264740 - [lymphography.csv, DecisionTree, density_weighted_sampling] - INFO - Processo iniciado
2024-06-30 12:11:29,364 - 3264740 - [lymphography.csv, DecisionTree, density_weighted_sampling] - WARNING - The least populated class in y has only 2 members, which is less than n_splits=5.
2024-06-30 12:11:33,687 - 3264740 - [lymphography.csv, DecisionTree, density_weighted_sampling] - INFO - Processo finalizado
2024-06-30 13:32:52,762 - 3264804 - [connectionist-mines-vs-rocks.csv, DecisionTree, density_weighted_sampling] - INFO - Processo iniciado
2024-06-30 13:32:56,855 - 3264804 - [connectionist-mines-vs-rocks.csv, DecisionTree, density_weighted_sampling] - INFO - Processo finalizado
2024-06-30 15:22:35,416 - 3264771 - [turkiye-student.csv, DecisionTree, density_weighted_sampling] - INFO - Processo iniciado
2024-06-30 15:27:24,461 - 3264771 - [turkiye-student.csv, DecisionTree, density_weighted_sampling] - INFO - Processo finalizado
2024-06-30 19:38:45,522 - 3264793 - [nursery.csv, DecisionTree, density_weighted_sampling] - INFO - Processo iniciado
2024-06-30 19:38:45,688 - 3264793 - [nursery.csv, DecisionTree, density_weighted_sampling] - WARNING - The least populated class in y has only 2 members, which is less than n_splits=5.
2024-06-30 20:14:34,535 - 3264793 - [nursery.csv, DecisionTree, density_weighted_sampling] - INFO - Processo finalizado
2024-07-01 00:15:35,808 - 3264820 - [user-knowledge.csv, DecisionTree, density_weighted_sampling] - INFO - Processo iniciado
2024-07-01 00:15:42,845 - 3264820 - [user-knowledge.csv, DecisionTree, density_weighted_sampling] - INFO - Processo finalizado
2024-07-01 02:06:21,667 - 3264821 - [monks1.csv, DecisionTree, density_weighted_sampling] - INFO - Processo iniciado
2024-07-01 02:06:30,877 - 3264821 - [monks1.csv, DecisionTree, density_weighted_sampling] - INFO - Processo finalizado
2024-07-01 03:50:31,687 - 3264821 - [balance-scale.csv, DecisionTree, density_weighted_sampling] - INFO - Processo iniciado
2024-07-01 03:50:43,110 - 3264821 - [balance-scale.csv, DecisionTree, density_weighted_sampling] - INFO - Processo finalizado
2024-07-01 07:06:01,284 - 3264822 - [hill-valley-without-noise.csv, DecisionTree, density_weighted_sampling] - INFO - Processo iniciado
2024-07-01 07:06:30,962 - 3264822 - [hill-valley-without-noise.csv, DecisionTree, density_weighted_sampling] - INFO - Processo finalizado
2024-07-01 12:35:46,025 - 3264753 - [statlog-heart.csv, DecisionTree, density_weighted_sampling] - INFO - Processo iniciado
2024-07-01 12:35:51,152 - 3264753 - [statlog-heart.csv, DecisionTree, density_weighted_sampling] - INFO - Processo finalizado
2024-07-01 13:23:31,389 - 3264811 - [wine-quality-red.csv, DecisionTree, density_weighted_sampling] - INFO - Processo iniciado
2024-07-01 13:23:58,856 - 3264811 - [wine-quality-red.csv, DecisionTree, density_weighted_sampling] - INFO - Processo finalizado
2024-07-01 14:33:34,259 - 3264795 - [artificial-characters.csv, DecisionTree, density_weighted_sampling] - INFO - Processo iniciado
2024-07-01 14:55:07,061 - 3264795 - [artificial-characters.csv, DecisionTree, density_weighted_sampling] - INFO - Processo finalizado
2024-07-01 19:10:55,492 - 3264809 - [steel-plates-faults.csv, DecisionTree, density_weighted_sampling] - INFO - Processo iniciado
2024-07-01 19:11:25,987 - 3264809 - [steel-plates-faults.csv, DecisionTree, density_weighted_sampling] - INFO - Processo finalizado
2024-07-01 20:46:28,939 - 3264778 - [phoneme.csv, DecisionTree, density_weighted_sampling] - INFO - Processo iniciado
2024-07-01 20:50:03,743 - 3264778 - [phoneme.csv, DecisionTree, density_weighted_sampling] - INFO - Processo finalizado
2024-07-01 22:51:39,172 - 3264821 - [habermans-survival.csv, DecisionTree, density_weighted_sampling] - INFO - Processo iniciado
2024-07-01 22:51:42,708 - 3264821 - [habermans-survival.csv, DecisionTree, density_weighted_sampling] - INFO - Processo finalizado
2024-07-01 23:25:31,823 - 3264743 - [volcanoes-a3.csv, DecisionTree, density_weighted_sampling] - INFO - Processo iniciado
2024-07-01 23:25:47,012 - 3264743 - [volcanoes-a3.csv, DecisionTree, density_weighted_sampling] - INFO - Processo finalizado
2024-07-01 23:50:58,057 - 3264781 - [autoUniv-au7-700.csv, DecisionTree, density_weighted_sampling] - INFO - Processo iniciado
2024-07-01 23:51:03,718 - 3264781 - [autoUniv-au7-700.csv, DecisionTree, density_weighted_sampling] - INFO - Processo finalizado
2024-07-02 00:19:53,533 - 3264765 - [autoUniv-au6-cd1-400.csv, DecisionTree, density_weighted_sampling] - INFO - Processo iniciado
2024-07-02 00:19:58,913 - 3264765 - [autoUniv-au6-cd1-400.csv, DecisionTree, density_weighted_sampling] - INFO - Processo finalizado
2024-07-02 00:38:08,565 - 3264795 - [page-blocks.csv, DecisionTree, density_weighted_sampling] - INFO - Processo iniciado
2024-07-02 00:41:55,597 - 3264795 - [page-blocks.csv, DecisionTree, density_weighted_sampling] - INFO - Processo finalizado
2024-07-02 01:12:28,262 - 3264751 - [ecoli.csv, DecisionTree, density_weighted_sampling] - INFO - Processo iniciado
2024-07-02 01:12:28,268 - 3264751 - [ecoli.csv, DecisionTree, density_weighted_sampling] - WARNING - The least populated class in y has only 2 members, which is less than n_splits=5.
2024-07-02 01:12:32,123 - 3264751 - [ecoli.csv, DecisionTree, density_weighted_sampling] - INFO - Processo finalizado
2024-07-02 01:57:25,426 - 3264766 - [pendigits.csv, DecisionTree, density_weighted_sampling] - INFO - Processo iniciado
2024-07-02 02:12:36,360 - 3264766 - [pendigits.csv, DecisionTree, density_weighted_sampling] - INFO - Processo finalizado
2024-07-02 04:45:45,641 - 3264802 - [movement-libras.csv, DecisionTree, density_weighted_sampling] - INFO - Processo iniciado
2024-07-02 04:45:53,186 - 3264802 - [movement-libras.csv, DecisionTree, density_weighted_sampling] - INFO - Processo finalizado
2024-07-02 06:11:03,972 - 3264803 - [vertebra-column-2c.csv, DecisionTree, density_weighted_sampling] - INFO - Processo iniciado
2024-07-02 06:11:08,884 - 3264803 - [vertebra-column-2c.csv, DecisionTree, density_weighted_sampling] - INFO - Processo finalizado
2024-07-02 14:14:16,447 - 3264773 - [first-order-theorem.csv, DecisionTree, density_weighted_sampling] - INFO - Processo iniciado
2024-07-02 14:19:24,734 - 3264773 - [first-order-theorem.csv, DecisionTree, density_weighted_sampling] - INFO - Processo finalizado
2024-07-02 16:40:00,469 - 3264819 - [robot-failure-lp5.csv, DecisionTree, density_weighted_sampling] - INFO - Processo iniciado
2024-07-02 16:40:05,408 - 3264819 - [robot-failure-lp5.csv, DecisionTree, density_weighted_sampling] - INFO - Processo finalizado
2024-07-02 18:58:29,700 - 3264802 - [systhetic-control.csv, DecisionTree, density_weighted_sampling] - INFO - Processo iniciado
2024-07-02 18:58:36,403 - 3264802 - [systhetic-control.csv, DecisionTree, density_weighted_sampling] - INFO - Processo finalizado
2024-07-02 22:22:48,621 - 3543730 - [magic.csv, DecisionTree, density_weighted_sampling] - INFO - Processo iniciado
2024-07-02 23:11:40,159 - 3543730 - [magic.csv, DecisionTree, density_weighted_sampling] - INFO - Processo finalizado
2024-07-03 07:40:50,544 - 3556932 - [thyroid-hypothyroid.csv, DecisionTree, density_weighted_sampling] - INFO - Processo iniciado
2024-07-03 07:42:25,107 - 3556932 - [thyroid-hypothyroid.csv, DecisionTree, density_weighted_sampling] - INFO - Processo finalizado
2024-07-03 10:44:17,488 - 3560541 - [bupa.csv, DecisionTree, density_weighted_sampling] - INFO - Processo iniciado
2024-07-03 10:44:21,156 - 3560541 - [bupa.csv, DecisionTree, density_weighted_sampling] - INFO - Processo finalizado
2024-07-03 11:32:03,293 - 3264763 - [heart-disease-processed-cleveland.csv, DecisionTree, density_weighted_sampling] - INFO - Processo iniciado
2024-07-03 11:32:07,516 - 3264763 - [heart-disease-processed-cleveland.csv, DecisionTree, density_weighted_sampling] - INFO - Processo finalizado
2024-07-03 11:52:54,237 - 3264797 - [statlog-australian-credit.csv, DecisionTree, density_weighted_sampling] - INFO - Processo iniciado
2024-07-03 11:53:00,466 - 3264797 - [statlog-australian-credit.csv, DecisionTree, density_weighted_sampling] - INFO - Processo finalizado
2024-07-03 12:36:28,394 - 3264738 - [statlog-german-credit.csv, DecisionTree, density_weighted_sampling] - INFO - Processo iniciado
2024-07-03 12:36:39,496 - 3264738 - [statlog-german-credit.csv, DecisionTree, density_weighted_sampling] - INFO - Processo finalizado
2024-07-03 13:27:01,957 - 3264762 - [kr-vs-kp.csv, DecisionTree, density_weighted_sampling] - INFO - Processo iniciado
2024-07-03 13:29:06,603 - 3264762 - [kr-vs-kp.csv, DecisionTree, density_weighted_sampling] - INFO - Processo finalizado
2024-07-03 17:05:46,996 - 3264782 - [statlog-vehicle-silhouettes.csv, DecisionTree, density_weighted_sampling] - INFO - Processo iniciado
2024-07-03 17:05:55,426 - 3264782 - [statlog-vehicle-silhouettes.csv, DecisionTree, density_weighted_sampling] - INFO - Processo finalizado
2024-07-03 18:13:31,373 - 3264734 - [ionosphere.csv, DecisionTree, density_weighted_sampling] - INFO - Processo iniciado
2024-07-03 18:13:36,507 - 3264734 - [ionosphere.csv, DecisionTree, density_weighted_sampling] - INFO - Processo finalizado
2024-07-03 18:50:56,428 - 3264811 - [mfeat-fourier.csv, DecisionTree, density_weighted_sampling] - INFO - Processo iniciado
2024-07-03 18:51:25,502 - 3264811 - [mfeat-fourier.csv, DecisionTree, density_weighted_sampling] - INFO - Processo finalizado
