2024-06-28 00:08:00,650 - 3264728 - [wine.csv, SVC, random_sampling] - INFO - Processo iniciado
2024-06-28 00:08:00,886 - 3264820 - [climate-simulation-craches.csv, SVC, random_sampling] - INFO - Processo iniciado
2024-06-28 00:08:04,503 - 3264820 - [climate-simulation-craches.csv, SVC, random_sampling] - INFO - Processo finalizado
2024-06-28 00:08:06,750 - 3264728 - [wine.csv, SVC, random_sampling] - INFO - Processo finalizado
2024-06-28 00:35:11,446 - 3264772 - [parkinsons.csv, SVC, random_sampling] - INFO - Processo iniciado
2024-06-28 00:35:15,176 - 3264772 - [parkinsons.csv, SVC, random_sampling] - INFO - Processo finalizado
2024-06-28 00:56:02,492 - 3264806 - [volcanoes-e1.csv, SVC, random_sampling] - INFO - Processo iniciado
2024-06-28 00:56:11,314 - 3264806 - [volcanoes-e1.csv, SVC, random_sampling] - INFO - Processo finalizado
2024-06-28 01:22:09,139 - 3264796 - [autoUniv-au1-1000.csv, SVC, random_sampling] - INFO - Processo iniciado
2024-06-28 01:22:19,456 - 3264796 - [autoUniv-au1-1000.csv, SVC, random_sampling] - INFO - Processo finalizado
2024-06-28 01:38:57,040 - 3264741 - [flare.csv, SVC, random_sampling] - INFO - Processo iniciado
2024-06-28 01:39:07,725 - 3264741 - [flare.csv, SVC, random_sampling] - INFO - Processo finalizado
2024-06-28 02:18:18,569 - 3264763 - [wilt.csv, SVC, random_sampling] - INFO - Processo iniciado
2024-06-28 02:18:25,528 - 3264763 - [wilt.csv, SVC, random_sampling] - INFO - Processo finalizado
2024-06-28 03:00:15,284 - 3264788 - [monks3.csv, SVC, random_sampling] - INFO - Processo iniciado
2024-06-28 03:00:23,508 - 3264788 - [monks3.csv, SVC, random_sampling] - INFO - Processo finalizado
2024-06-28 04:55:12,639 - 3264772 - [volcanoes-d1.csv, SVC, random_sampling] - INFO - Processo iniciado
2024-06-28 04:55:28,390 - 3264772 - [volcanoes-d1.csv, SVC, random_sampling] - INFO - Processo finalizado
2024-06-28 07:19:09,752 - 3264798 - [voting.csv, SVC, random_sampling] - INFO - Processo iniciado
2024-06-28 07:19:20,365 - 3264798 - [voting.csv, SVC, random_sampling] - INFO - Processo finalizado
2024-06-28 09:30:55,242 - 3264754 - [thyroid-newthyroid.csv, SVC, random_sampling] - INFO - Processo iniciado
2024-06-28 09:31:03,195 - 3264754 - [thyroid-newthyroid.csv, SVC, random_sampling] - INFO - Processo finalizado
2024-06-28 10:14:09,363 - 3264749 - [waveform-v2.csv, SVC, random_sampling] - INFO - Processo iniciado
2024-06-28 10:14:20,969 - 3264749 - [waveform-v2.csv, SVC, random_sampling] - INFO - Processo finalizado
2024-06-28 11:58:53,052 - 3264820 - [thyroid-sick-euthyroid.csv, SVC, random_sampling] - INFO - Processo iniciado
2024-06-28 11:59:04,080 - 3264820 - [thyroid-sick-euthyroid.csv, SVC, random_sampling] - INFO - Processo finalizado
2024-06-29 00:27:15,660 - 3264770 - [vertebra-column-3c.csv, SVC, random_sampling] - INFO - Processo iniciado
2024-06-29 00:27:27,022 - 3264770 - [vertebra-column-3c.csv, SVC, random_sampling] - INFO - Processo finalizado
2024-06-29 02:39:52,561 - 3264779 - [hepatitis.csv, SVC, random_sampling] - INFO - Processo iniciado
2024-06-29 02:39:56,649 - 3264779 - [hepatitis.csv, SVC, random_sampling] - INFO - Processo finalizado
2024-06-29 03:33:12,136 - 3264799 - [eeg-eye-state.csv, SVC, random_sampling] - INFO - Processo iniciado
2024-06-29 03:33:50,508 - 3264799 - [eeg-eye-state.csv, SVC, random_sampling] - INFO - Processo finalizado
2024-06-29 17:56:07,744 - 3264747 - [mammographic-mass.csv, SVC, random_sampling] - INFO - Processo iniciado
2024-06-29 17:56:13,222 - 3264747 - [mammographic-mass.csv, SVC, random_sampling] - INFO - Processo finalizado
2024-06-29 19:20:02,797 - 3264811 - [abalone-3class.csv, SVC, random_sampling] - INFO - Processo iniciado
2024-06-29 19:20:10,720 - 3264811 - [abalone-3class.csv, SVC, random_sampling] - INFO - Processo finalizado
2024-06-29 21:48:57,303 - 3264761 - [texture.csv, SVC, random_sampling] - INFO - Processo iniciado
2024-06-29 21:49:13,839 - 3264761 - [texture.csv, SVC, random_sampling] - INFO - Processo finalizado
2024-06-30 09:40:17,412 - 3264814 - [lymphography.csv, SVC, random_sampling] - INFO - Processo iniciado
2024-06-30 09:40:17,441 - 3264814 - [lymphography.csv, SVC, random_sampling] - WARNING - The least populated class in y has only 2 members, which is less than n_splits=5.
2024-06-30 09:40:23,467 - 3264814 - [lymphography.csv, SVC, random_sampling] - INFO - Processo finalizado
2024-06-30 12:42:03,430 - 3264744 - [connectionist-mines-vs-rocks.csv, SVC, random_sampling] - INFO - Processo iniciado
2024-06-30 12:42:08,185 - 3264744 - [connectionist-mines-vs-rocks.csv, SVC, random_sampling] - INFO - Processo finalizado
2024-06-30 14:12:55,952 - 3264763 - [turkiye-student.csv, SVC, random_sampling] - INFO - Processo iniciado
2024-06-30 14:13:14,205 - 3264763 - [turkiye-student.csv, SVC, random_sampling] - INFO - Processo finalizado
2024-06-30 17:37:54,274 - 3264800 - [nursery.csv, SVC, random_sampling] - INFO - Processo iniciado
2024-06-30 17:37:54,444 - 3264800 - [nursery.csv, SVC, random_sampling] - WARNING - The least populated class in y has only 2 members, which is less than n_splits=5.
2024-06-30 17:38:16,465 - 3264800 - [nursery.csv, SVC, random_sampling] - INFO - Processo finalizado
2024-06-30 22:31:44,122 - 3264759 - [user-knowledge.csv, SVC, random_sampling] - INFO - Processo iniciado
2024-06-30 22:31:52,644 - 3264759 - [user-knowledge.csv, SVC, random_sampling] - INFO - Processo finalizado
2024-07-01 01:07:29,553 - 3264772 - [monks1.csv, SVC, random_sampling] - INFO - Processo iniciado
2024-07-01 01:07:36,562 - 3264772 - [monks1.csv, SVC, random_sampling] - INFO - Processo finalizado
2024-07-01 03:00:09,552 - 3264759 - [balance-scale.csv, SVC, random_sampling] - INFO - Processo iniciado
2024-07-01 03:00:17,100 - 3264759 - [balance-scale.csv, SVC, random_sampling] - INFO - Processo finalizado
2024-07-01 04:38:40,190 - 3264796 - [hill-valley-without-noise.csv, SVC, random_sampling] - INFO - Processo iniciado
2024-07-01 04:38:51,294 - 3264796 - [hill-valley-without-noise.csv, SVC, random_sampling] - INFO - Processo finalizado
2024-07-01 11:45:55,516 - 3264769 - [statlog-heart.csv, SVC, random_sampling] - INFO - Processo iniciado
2024-07-01 11:46:02,568 - 3264769 - [statlog-heart.csv, SVC, random_sampling] - INFO - Processo finalizado
2024-07-01 13:03:54,027 - 3264779 - [wine-quality-red.csv, SVC, random_sampling] - INFO - Processo iniciado
2024-07-01 13:04:02,174 - 3264779 - [wine-quality-red.csv, SVC, random_sampling] - INFO - Processo finalizado
2024-07-01 13:54:47,726 - 3264758 - [artificial-characters.csv, SVC, random_sampling] - INFO - Processo iniciado
2024-07-01 13:55:06,160 - 3264758 - [artificial-characters.csv, SVC, random_sampling] - INFO - Processo finalizado
2024-07-01 16:57:39,909 - 3264806 - [steel-plates-faults.csv, SVC, random_sampling] - INFO - Processo iniciado
2024-07-01 16:57:47,049 - 3264806 - [steel-plates-faults.csv, SVC, random_sampling] - INFO - Processo finalizado
2024-07-01 20:00:42,265 - 3264812 - [phoneme.csv, SVC, random_sampling] - INFO - Processo iniciado
2024-07-01 20:00:49,351 - 3264812 - [phoneme.csv, SVC, random_sampling] - INFO - Processo finalizado
2024-07-01 22:00:06,462 - 3264729 - [habermans-survival.csv, SVC, random_sampling] - INFO - Processo iniciado
2024-07-01 22:00:10,702 - 3264729 - [habermans-survival.csv, SVC, random_sampling] - INFO - Processo finalizado
2024-07-01 23:09:45,447 - 3264797 - [volcanoes-a3.csv, SVC, random_sampling] - INFO - Processo iniciado
2024-07-01 23:09:50,746 - 3264797 - [volcanoes-a3.csv, SVC, random_sampling] - INFO - Processo finalizado
2024-07-01 23:38:40,487 - 3264729 - [autoUniv-au7-700.csv, SVC, random_sampling] - INFO - Processo iniciado
2024-07-01 23:38:46,071 - 3264729 - [autoUniv-au7-700.csv, SVC, random_sampling] - INFO - Processo finalizado
2024-07-02 00:02:18,501 - 3264804 - [autoUniv-au6-cd1-400.csv, SVC, random_sampling] - INFO - Processo iniciado
2024-07-02 00:02:26,241 - 3264804 - [autoUniv-au6-cd1-400.csv, SVC, random_sampling] - INFO - Processo finalizado
2024-07-02 00:26:43,875 - 3264742 - [page-blocks.csv, SVC, random_sampling] - INFO - Processo iniciado
2024-07-02 00:26:50,808 - 3264742 - [page-blocks.csv, SVC, random_sampling] - INFO - Processo finalizado
2024-07-02 01:01:52,983 - 3264752 - [ecoli.csv, SVC, random_sampling] - INFO - Processo iniciado
2024-07-02 01:01:52,995 - 3264752 - [ecoli.csv, SVC, random_sampling] - WARNING - The least populated class in y has only 2 members, which is less than n_splits=5.
2024-07-02 01:01:59,703 - 3264752 - [ecoli.csv, SVC, random_sampling] - INFO - Processo finalizado
2024-07-02 01:18:48,549 - 3264792 - [pendigits.csv, SVC, random_sampling] - INFO - Processo iniciado
2024-07-02 01:19:07,695 - 3264792 - [pendigits.csv, SVC, random_sampling] - INFO - Processo finalizado
2024-07-02 03:46:11,369 - 3264803 - [movement-libras.csv, SVC, random_sampling] - INFO - Processo iniciado
2024-07-02 03:46:24,892 - 3264803 - [movement-libras.csv, SVC, random_sampling] - INFO - Processo finalizado
2024-07-02 05:29:15,269 - 3264749 - [vertebra-column-2c.csv, SVC, random_sampling] - INFO - Processo iniciado
2024-07-02 05:29:20,801 - 3264749 - [vertebra-column-2c.csv, SVC, random_sampling] - INFO - Processo finalizado
2024-07-02 06:47:41,815 - 3264803 - [first-order-theorem.csv, SVC, random_sampling] - INFO - Processo iniciado
2024-07-02 06:47:57,580 - 3264803 - [first-order-theorem.csv, SVC, random_sampling] - INFO - Processo finalizado
2024-07-02 16:02:53,010 - 3264820 - [robot-failure-lp5.csv, SVC, random_sampling] - INFO - Processo iniciado
2024-07-02 16:02:59,713 - 3264820 - [robot-failure-lp5.csv, SVC, random_sampling] - INFO - Processo finalizado
2024-07-02 17:15:38,804 - 3264768 - [systhetic-control.csv, SVC, random_sampling] - INFO - Processo iniciado
2024-07-02 17:15:46,187 - 3264768 - [systhetic-control.csv, SVC, random_sampling] - INFO - Processo finalizado
2024-07-02 20:28:06,747 - 3264755 - [magic.csv, SVC, random_sampling] - INFO - Processo iniciado
2024-07-02 20:28:25,975 - 3264755 - [magic.csv, SVC, random_sampling] - INFO - Processo finalizado
2024-07-03 04:51:18,086 - 3556510 - [thyroid-hypothyroid.csv, SVC, random_sampling] - INFO - Processo iniciado
2024-07-03 04:51:30,831 - 3556510 - [thyroid-hypothyroid.csv, SVC, random_sampling] - INFO - Processo finalizado
2024-07-03 09:46:16,293 - 3264762 - [bupa.csv, SVC, random_sampling] - INFO - Processo iniciado
2024-07-03 09:46:21,375 - 3264762 - [bupa.csv, SVC, random_sampling] - INFO - Processo finalizado
2024-07-03 11:14:57,473 - 3264786 - [heart-disease-processed-cleveland.csv, SVC, random_sampling] - INFO - Processo iniciado
2024-07-03 11:15:03,598 - 3264786 - [heart-disease-processed-cleveland.csv, SVC, random_sampling] - INFO - Processo finalizado
2024-07-03 11:40:29,789 - 3556538 - [statlog-australian-credit.csv, SVC, random_sampling] - INFO - Processo iniciado
2024-07-03 11:40:35,329 - 3556538 - [statlog-australian-credit.csv, SVC, random_sampling] - INFO - Processo finalizado
2024-07-03 12:16:09,390 - 3264789 - [statlog-german-credit.csv, SVC, random_sampling] - INFO - Processo iniciado
2024-07-03 12:16:16,130 - 3264789 - [statlog-german-credit.csv, SVC, random_sampling] - INFO - Processo finalizado
2024-07-03 12:54:48,498 - 3264735 - [kr-vs-kp.csv, SVC, random_sampling] - INFO - Processo iniciado
2024-07-03 12:54:58,069 - 3264735 - [kr-vs-kp.csv, SVC, random_sampling] - INFO - Processo finalizado
2024-07-03 16:25:57,384 - 3264811 - [statlog-vehicle-silhouettes.csv, SVC, random_sampling] - INFO - Processo iniciado
2024-07-03 16:26:06,187 - 3264811 - [statlog-vehicle-silhouettes.csv, SVC, random_sampling] - INFO - Processo finalizado
2024-07-03 17:39:58,401 - 3264734 - [ionosphere.csv, SVC, random_sampling] - INFO - Processo iniciado
2024-07-03 17:40:03,065 - 3264734 - [ionosphere.csv, SVC, random_sampling] - INFO - Processo finalizado
2024-07-03 18:26:29,585 - 3556932 - [mfeat-fourier.csv, SVC, random_sampling] - INFO - Processo iniciado
2024-07-03 18:26:42,380 - 3556932 - [mfeat-fourier.csv, SVC, random_sampling] - INFO - Processo finalizado
2024-07-04 02:52:30,860 - 3264736 - [mushroom.csv, SVC, random_sampling] - INFO - Processo iniciado
2024-07-04 02:52:48,460 - 3264736 - [mushroom.csv, SVC, random_sampling] - INFO - Processo finalizado
2024-07-04 11:31:02,509 - 3264772 - [ringnorm.csv, SVC, random_sampling] - INFO - Processo iniciado
2024-07-04 11:31:16,234 - 3264772 - [ringnorm.csv, SVC, random_sampling] - INFO - Processo finalizado
