2024-06-28 00:08:00,658 - 3264751 - [wine.csv, 5NN, random_sampling] - INFO - Processo iniciado
2024-06-28 00:08:06,162 - 3264751 - [wine.csv, 5NN, random_sampling] - INFO - Processo finalizado
2024-06-28 00:19:00,337 - 3264793 - [climate-simulation-craches.csv, 5NN, random_sampling] - INFO - Processo iniciado
2024-06-28 00:19:14,567 - 3264793 - [climate-simulation-craches.csv, 5NN, random_sampling] - INFO - Processo finalizado
2024-06-28 00:38:18,808 - 3264810 - [parkinsons.csv, 5NN, random_sampling] - INFO - Processo iniciado
2024-06-28 00:38:23,943 - 3264810 - [parkinsons.csv, 5NN, random_sampling] - INFO - Processo finalizado
2024-06-28 01:02:21,528 - 3264772 - [volcanoes-e1.csv, 5NN, random_sampling] - INFO - Processo iniciado
2024-06-28 01:02:46,208 - 3264772 - [volcanoes-e1.csv, 5NN, random_sampling] - INFO - Processo finalizado
2024-06-28 01:27:02,395 - 3264758 - [autoUniv-au1-1000.csv, 5NN, random_sampling] - INFO - Processo iniciado
2024-06-28 01:27:14,757 - 3264758 - [autoUniv-au1-1000.csv, 5NN, random_sampling] - INFO - Processo finalizado
2024-06-28 01:50:03,917 - 3264809 - [flare.csv, 5NN, random_sampling] - INFO - Processo iniciado
2024-06-28 01:50:14,145 - 3264809 - [flare.csv, 5NN, random_sampling] - INFO - Processo finalizado
2024-06-28 02:24:22,949 - 3264801 - [wilt.csv, 5NN, random_sampling] - INFO - Processo iniciado
2024-06-28 02:25:25,317 - 3264801 - [wilt.csv, 5NN, random_sampling] - INFO - Processo finalizado
2024-06-28 03:27:09,169 - 3264748 - [monks3.csv, 5NN, random_sampling] - INFO - Processo iniciado
2024-06-28 03:27:24,470 - 3264748 - [monks3.csv, 5NN, random_sampling] - INFO - Processo finalizado
2024-06-28 05:15:25,276 - 3264788 - [volcanoes-d1.csv, 5NN, random_sampling] - INFO - Processo iniciado
2024-06-28 05:16:33,139 - 3264788 - [volcanoes-d1.csv, 5NN, random_sampling] - INFO - Processo finalizado
2024-06-28 08:20:02,825 - 3264731 - [voting.csv, 5NN, random_sampling] - INFO - Processo iniciado
2024-06-28 08:20:13,447 - 3264731 - [voting.csv, 5NN, random_sampling] - INFO - Processo finalizado
2024-06-28 09:49:47,300 - 3264766 - [thyroid-newthyroid.csv, 5NN, random_sampling] - INFO - Processo iniciado
2024-06-28 09:49:59,075 - 3264766 - [thyroid-newthyroid.csv, 5NN, random_sampling] - INFO - Processo finalizado
2024-06-28 10:23:09,400 - 3264742 - [waveform-v2.csv, 5NN, random_sampling] - INFO - Processo iniciado
2024-06-28 10:24:06,696 - 3264742 - [waveform-v2.csv, 5NN, random_sampling] - INFO - Processo finalizado
2024-06-28 15:32:32,496 - 3264803 - [thyroid-sick-euthyroid.csv, 5NN, random_sampling] - INFO - Processo iniciado
2024-06-28 15:33:17,356 - 3264803 - [thyroid-sick-euthyroid.csv, 5NN, random_sampling] - INFO - Processo finalizado
2024-06-29 01:13:40,312 - 3264800 - [vertebra-column-3c.csv, 5NN, random_sampling] - INFO - Processo iniciado
2024-06-29 01:13:51,949 - 3264800 - [vertebra-column-3c.csv, 5NN, random_sampling] - INFO - Processo finalizado
2024-06-29 02:53:47,815 - 3264812 - [hepatitis.csv, 5NN, random_sampling] - INFO - Processo iniciado
2024-06-29 02:53:54,869 - 3264812 - [hepatitis.csv, 5NN, random_sampling] - INFO - Processo finalizado
2024-06-29 03:51:23,803 - 3264800 - [eeg-eye-state.csv, 5NN, random_sampling] - INFO - Processo iniciado
2024-06-29 03:54:12,429 - 3264800 - [eeg-eye-state.csv, 5NN, random_sampling] - INFO - Processo finalizado
2024-06-29 18:36:15,585 - 3264740 - [mammographic-mass.csv, 5NN, random_sampling] - INFO - Processo iniciado
2024-06-29 18:36:25,249 - 3264740 - [mammographic-mass.csv, 5NN, random_sampling] - INFO - Processo finalizado
2024-06-29 19:34:58,958 - 3264742 - [abalone-3class.csv, 5NN, random_sampling] - INFO - Processo iniciado
2024-06-29 19:35:25,082 - 3264742 - [abalone-3class.csv, 5NN, random_sampling] - INFO - Processo finalizado
2024-06-29 23:02:38,788 - 3264807 - [texture.csv, 5NN, random_sampling] - INFO - Processo iniciado
2024-06-29 23:03:13,235 - 3264807 - [texture.csv, 5NN, random_sampling] - INFO - Processo finalizado
2024-06-30 11:28:22,577 - 3264787 - [lymphography.csv, 5NN, random_sampling] - INFO - Processo iniciado
2024-06-30 11:28:22,587 - 3264787 - [lymphography.csv, 5NN, random_sampling] - WARNING - The least populated class in y has only 2 members, which is less than n_splits=5.
2024-06-30 11:28:26,905 - 3264787 - [lymphography.csv, 5NN, random_sampling] - INFO - Processo finalizado
2024-06-30 13:07:16,216 - 3264738 - [connectionist-mines-vs-rocks.csv, 5NN, random_sampling] - INFO - Processo iniciado
2024-06-30 13:07:20,267 - 3264738 - [connectionist-mines-vs-rocks.csv, 5NN, random_sampling] - INFO - Processo finalizado
2024-06-30 14:33:30,551 - 3264731 - [turkiye-student.csv, 5NN, random_sampling] - INFO - Processo iniciado
2024-06-30 14:34:04,871 - 3264731 - [turkiye-student.csv, 5NN, random_sampling] - INFO - Processo finalizado
2024-06-30 18:24:30,369 - 3264776 - [nursery.csv, 5NN, random_sampling] - INFO - Processo iniciado
2024-06-30 18:24:30,469 - 3264776 - [nursery.csv, 5NN, random_sampling] - WARNING - The least populated class in y has only 2 members, which is less than n_splits=5.
2024-06-30 18:25:37,411 - 3264776 - [nursery.csv, 5NN, random_sampling] - INFO - Processo finalizado
2024-06-30 23:40:11,504 - 3264736 - [user-knowledge.csv, 5NN, random_sampling] - INFO - Processo iniciado
2024-06-30 23:40:20,738 - 3264736 - [user-knowledge.csv, 5NN, random_sampling] - INFO - Processo finalizado
2024-07-01 01:34:22,647 - 3264760 - [monks1.csv, 5NN, random_sampling] - INFO - Processo iniciado
2024-07-01 01:34:30,656 - 3264760 - [monks1.csv, 5NN, random_sampling] - INFO - Processo finalizado
2024-07-01 03:26:29,810 - 3264772 - [balance-scale.csv, 5NN, random_sampling] - INFO - Processo iniciado
2024-07-01 03:26:39,248 - 3264772 - [balance-scale.csv, 5NN, random_sampling] - INFO - Processo finalizado
2024-07-01 06:08:01,675 - 3264796 - [hill-valley-without-noise.csv, 5NN, random_sampling] - INFO - Processo iniciado
2024-07-01 06:08:14,454 - 3264796 - [hill-valley-without-noise.csv, 5NN, random_sampling] - INFO - Processo finalizado
2024-07-01 12:16:13,265 - 3264772 - [statlog-heart.csv, 5NN, random_sampling] - INFO - Processo iniciado
2024-07-01 12:16:20,419 - 3264772 - [statlog-heart.csv, 5NN, random_sampling] - INFO - Processo finalizado
2024-07-01 13:12:51,374 - 3264800 - [wine-quality-red.csv, 5NN, random_sampling] - INFO - Processo iniciado
2024-07-01 13:13:05,423 - 3264800 - [wine-quality-red.csv, 5NN, random_sampling] - INFO - Processo finalizado
2024-07-01 14:14:47,094 - 3264815 - [artificial-characters.csv, 5NN, random_sampling] - INFO - Processo iniciado
2024-07-01 14:15:48,316 - 3264815 - [artificial-characters.csv, 5NN, random_sampling] - INFO - Processo finalizado
2024-07-01 18:31:59,955 - 3264809 - [steel-plates-faults.csv, 5NN, random_sampling] - INFO - Processo iniciado
2024-07-01 18:32:14,312 - 3264809 - [steel-plates-faults.csv, 5NN, random_sampling] - INFO - Processo finalizado
2024-07-01 20:28:33,283 - 3264751 - [phoneme.csv, 5NN, random_sampling] - INFO - Processo iniciado
2024-07-01 20:29:03,505 - 3264751 - [phoneme.csv, 5NN, random_sampling] - INFO - Processo finalizado
2024-07-01 22:29:00,321 - 3264757 - [habermans-survival.csv, 5NN, random_sampling] - INFO - Processo iniciado
2024-07-01 22:29:05,215 - 3264757 - [habermans-survival.csv, 5NN, random_sampling] - INFO - Processo finalizado
2024-07-01 23:16:23,506 - 3264772 - [volcanoes-a3.csv, 5NN, random_sampling] - INFO - Processo iniciado
2024-07-01 23:16:35,055 - 3264772 - [volcanoes-a3.csv, 5NN, random_sampling] - INFO - Processo finalizado
2024-07-01 23:42:58,863 - 3264785 - [autoUniv-au7-700.csv, 5NN, random_sampling] - INFO - Processo iniciado
2024-07-01 23:43:05,647 - 3264785 - [autoUniv-au7-700.csv, 5NN, random_sampling] - INFO - Processo finalizado
2024-07-02 00:12:32,708 - 3264755 - [autoUniv-au6-cd1-400.csv, 5NN, random_sampling] - INFO - Processo iniciado
2024-07-02 00:12:37,776 - 3264755 - [autoUniv-au6-cd1-400.csv, 5NN, random_sampling] - INFO - Processo finalizado
2024-07-02 00:30:47,260 - 3264798 - [page-blocks.csv, 5NN, random_sampling] - INFO - Processo iniciado
2024-07-02 00:31:21,419 - 3264798 - [page-blocks.csv, 5NN, random_sampling] - INFO - Processo finalizado
2024-07-02 01:06:48,268 - 3264817 - [ecoli.csv, 5NN, random_sampling] - INFO - Processo iniciado
2024-07-02 01:06:48,274 - 3264817 - [ecoli.csv, 5NN, random_sampling] - WARNING - The least populated class in y has only 2 members, which is less than n_splits=5.
2024-07-02 01:06:54,298 - 3264817 - [ecoli.csv, 5NN, random_sampling] - INFO - Processo finalizado
2024-07-02 01:25:23,807 - 3264817 - [pendigits.csv, 5NN, random_sampling] - INFO - Processo iniciado
2024-07-02 01:26:24,452 - 3264817 - [pendigits.csv, 5NN, random_sampling] - INFO - Processo finalizado
2024-07-02 04:28:12,503 - 3264729 - [movement-libras.csv, 5NN, random_sampling] - INFO - Processo iniciado
2024-07-02 04:28:18,113 - 3264729 - [movement-libras.csv, 5NN, random_sampling] - INFO - Processo finalizado
2024-07-02 05:50:50,412 - 3264820 - [vertebra-column-2c.csv, 5NN, random_sampling] - INFO - Processo iniciado
2024-07-02 05:50:56,293 - 3264820 - [vertebra-column-2c.csv, 5NN, random_sampling] - INFO - Processo finalizado
2024-07-02 12:04:59,401 - 3264818 - [first-order-theorem.csv, 5NN, random_sampling] - INFO - Processo iniciado
2024-07-02 12:05:36,080 - 3264818 - [first-order-theorem.csv, 5NN, random_sampling] - INFO - Processo finalizado
2024-07-02 16:26:33,372 - 3264751 - [robot-failure-lp5.csv, 5NN, random_sampling] - INFO - Processo iniciado
2024-07-02 16:26:37,369 - 3264751 - [robot-failure-lp5.csv, 5NN, random_sampling] - INFO - Processo finalizado
2024-07-02 17:32:26,955 - 3264733 - [systhetic-control.csv, 5NN, random_sampling] - INFO - Processo iniciado
2024-07-02 17:32:33,185 - 3264733 - [systhetic-control.csv, 5NN, random_sampling] - INFO - Processo finalizado
2024-07-02 20:54:38,287 - 3264731 - [magic.csv, 5NN, random_sampling] - INFO - Processo iniciado
2024-07-02 20:56:25,855 - 3264731 - [magic.csv, 5NN, random_sampling] - INFO - Processo finalizado
2024-07-03 06:12:45,868 - 3264743 - [thyroid-hypothyroid.csv, 5NN, random_sampling] - INFO - Processo iniciado
2024-07-03 06:13:06,336 - 3264743 - [thyroid-hypothyroid.csv, 5NN, random_sampling] - INFO - Processo finalizado
2024-07-03 10:21:15,747 - 3264762 - [bupa.csv, 5NN, random_sampling] - INFO - Processo iniciado
2024-07-03 10:21:21,561 - 3264762 - [bupa.csv, 5NN, random_sampling] - INFO - Processo finalizado
2024-07-03 11:23:48,346 - 3264805 - [heart-disease-processed-cleveland.csv, 5NN, random_sampling] - INFO - Processo iniciado
2024-07-03 11:23:53,123 - 3264805 - [heart-disease-processed-cleveland.csv, 5NN, random_sampling] - INFO - Processo finalizado
2024-07-03 11:47:11,192 - 3264789 - [statlog-australian-credit.csv, 5NN, random_sampling] - INFO - Processo iniciado
2024-07-03 11:47:18,884 - 3264789 - [statlog-australian-credit.csv, 5NN, random_sampling] - INFO - Processo finalizado
2024-07-03 12:23:15,866 - 3264785 - [statlog-german-credit.csv, 5NN, random_sampling] - INFO - Processo iniciado
2024-07-03 12:23:25,264 - 3264785 - [statlog-german-credit.csv, 5NN, random_sampling] - INFO - Processo finalizado
2024-07-03 13:15:40,748 - 3558282 - [kr-vs-kp.csv, 5NN, random_sampling] - INFO - Processo iniciado
2024-07-03 13:16:03,528 - 3558282 - [kr-vs-kp.csv, 5NN, random_sampling] - INFO - Processo finalizado
2024-07-03 16:50:02,776 - 3264807 - [statlog-vehicle-silhouettes.csv, 5NN, random_sampling] - INFO - Processo iniciado
2024-07-03 16:50:11,614 - 3264807 - [statlog-vehicle-silhouettes.csv, 5NN, random_sampling] - INFO - Processo finalizado
2024-07-03 17:52:28,030 - 3264817 - [ionosphere.csv, 5NN, random_sampling] - INFO - Processo iniciado
2024-07-03 17:52:34,708 - 3264817 - [ionosphere.csv, 5NN, random_sampling] - INFO - Processo finalizado
2024-07-03 18:44:31,509 - 3560541 - [mfeat-fourier.csv, 5NN, random_sampling] - INFO - Processo iniciado
2024-07-03 18:44:45,344 - 3560541 - [mfeat-fourier.csv, 5NN, random_sampling] - INFO - Processo finalizado
2024-07-04 04:50:51,543 - 3264809 - [mushroom.csv, 5NN, random_sampling] - INFO - Processo iniciado
2024-07-04 04:51:41,134 - 3264809 - [mushroom.csv, 5NN, random_sampling] - INFO - Processo finalizado
