2024-06-28 00:08:00,781 - 3264797 - [wine.csv, GaussianNB, random_sampling] - INFO - Processo iniciado
2024-06-28 00:08:12,062 - 3264797 - [wine.csv, GaussianNB, random_sampling] - INFO - Processo finalizado
2024-06-28 00:31:32,221 - 3264792 - [climate-simulation-craches.csv, GaussianNB, random_sampling] - INFO - Processo iniciado
2024-06-28 00:31:35,347 - 3264792 - [climate-simulation-craches.csv, GaussianNB, random_sampling] - INFO - Processo finalizado
2024-06-28 00:50:39,458 - 3264801 - [parkinsons.csv, GaussianNB, random_sampling] - INFO - Processo iniciado
2024-06-28 00:50:44,419 - 3264801 - [parkinsons.csv, GaussianNB, random_sampling] - INFO - Processo finalizado
2024-06-28 01:16:39,501 - 3264776 - [volcanoes-e1.csv, GaussianNB, random_sampling] - INFO - Processo iniciado
2024-06-28 01:16:46,597 - 3264776 - [volcanoes-e1.csv, GaussianNB, random_sampling] - INFO - Processo finalizado
2024-06-28 01:33:31,666 - 3264799 - [autoUniv-au1-1000.csv, GaussianNB, random_sampling] - INFO - Processo iniciado
2024-06-28 01:33:39,996 - 3264799 - [autoUniv-au1-1000.csv, GaussianNB, random_sampling] - INFO - Processo finalizado
2024-06-28 02:13:35,743 - 3264807 - [flare.csv, GaussianNB, random_sampling] - INFO - Processo iniciado
2024-06-28 02:13:46,337 - 3264807 - [flare.csv, GaussianNB, random_sampling] - INFO - Processo finalizado
2024-06-28 02:46:27,781 - 3264791 - [wilt.csv, GaussianNB, random_sampling] - INFO - Processo iniciado
2024-06-28 02:46:33,433 - 3264791 - [wilt.csv, GaussianNB, random_sampling] - INFO - Processo finalizado
2024-06-28 04:30:29,340 - 3264811 - [monks3.csv, GaussianNB, random_sampling] - INFO - Processo iniciado
2024-06-28 04:30:38,214 - 3264811 - [monks3.csv, GaussianNB, random_sampling] - INFO - Processo finalizado
2024-06-28 06:18:02,331 - 3264751 - [volcanoes-d1.csv, GaussianNB, random_sampling] - INFO - Processo iniciado
2024-06-28 06:18:12,141 - 3264751 - [volcanoes-d1.csv, GaussianNB, random_sampling] - INFO - Processo finalizado
2024-06-28 09:15:39,935 - 3264761 - [voting.csv, GaussianNB, random_sampling] - INFO - Processo iniciado
2024-06-28 09:15:47,272 - 3264761 - [voting.csv, GaussianNB, random_sampling] - INFO - Processo finalizado
2024-06-28 10:06:48,793 - 3264796 - [thyroid-newthyroid.csv, GaussianNB, random_sampling] - INFO - Processo iniciado
2024-06-28 10:06:57,557 - 3264796 - [thyroid-newthyroid.csv, GaussianNB, random_sampling] - INFO - Processo finalizado
2024-06-28 10:41:44,479 - 3264784 - [waveform-v2.csv, GaussianNB, random_sampling] - INFO - Processo iniciado
2024-06-28 10:41:55,030 - 3264784 - [waveform-v2.csv, GaussianNB, random_sampling] - INFO - Processo finalizado
2024-06-28 21:47:24,653 - 3264793 - [thyroid-sick-euthyroid.csv, GaussianNB, random_sampling] - INFO - Processo iniciado
2024-06-28 21:47:33,340 - 3264793 - [thyroid-sick-euthyroid.csv, GaussianNB, random_sampling] - INFO - Processo finalizado
2024-06-29 02:14:45,069 - 3264797 - [vertebra-column-3c.csv, GaussianNB, random_sampling] - INFO - Processo iniciado
2024-06-29 02:14:52,084 - 3264797 - [vertebra-column-3c.csv, GaussianNB, random_sampling] - INFO - Processo finalizado
2024-06-29 03:21:22,650 - 3264733 - [hepatitis.csv, GaussianNB, random_sampling] - INFO - Processo iniciado
2024-06-29 03:21:28,484 - 3264733 - [hepatitis.csv, GaussianNB, random_sampling] - INFO - Processo finalizado
2024-06-29 17:00:04,661 - 3264793 - [eeg-eye-state.csv, GaussianNB, random_sampling] - INFO - Processo iniciado
2024-06-29 17:00:11,894 - 3264793 - [eeg-eye-state.csv, GaussianNB, random_sampling] - INFO - Processo finalizado
2024-06-29 19:12:26,444 - 3264742 - [mammographic-mass.csv, GaussianNB, random_sampling] - INFO - Processo iniciado
2024-06-29 19:12:30,107 - 3264742 - [mammographic-mass.csv, GaussianNB, random_sampling] - INFO - Processo finalizado
2024-06-29 21:13:40,275 - 3264818 - [abalone-3class.csv, GaussianNB, random_sampling] - INFO - Processo iniciado
2024-06-29 21:13:44,812 - 3264818 - [abalone-3class.csv, GaussianNB, random_sampling] - INFO - Processo finalizado
2024-06-30 05:23:37,895 - 3264803 - [texture.csv, GaussianNB, random_sampling] - INFO - Processo iniciado
2024-06-30 05:23:46,725 - 3264803 - [texture.csv, GaussianNB, random_sampling] - INFO - Processo finalizado
2024-06-30 12:26:13,332 - 3264733 - [lymphography.csv, GaussianNB, random_sampling] - INFO - Processo iniciado
2024-06-30 12:26:13,343 - 3264733 - [lymphography.csv, GaussianNB, random_sampling] - WARNING - The least populated class in y has only 2 members, which is less than n_splits=5.
2024-06-30 12:26:17,574 - 3264733 - [lymphography.csv, GaussianNB, random_sampling] - INFO - Processo finalizado
2024-06-30 13:56:16,566 - 3264817 - [connectionist-mines-vs-rocks.csv, GaussianNB, random_sampling] - INFO - Processo iniciado
2024-06-30 13:56:19,799 - 3264817 - [connectionist-mines-vs-rocks.csv, GaussianNB, random_sampling] - INFO - Processo finalizado
2024-06-30 16:49:54,257 - 3264802 - [turkiye-student.csv, GaussianNB, random_sampling] - INFO - Processo iniciado
2024-06-30 16:50:02,371 - 3264802 - [turkiye-student.csv, GaussianNB, random_sampling] - INFO - Processo finalizado
2024-06-30 20:59:06,142 - 3264750 - [nursery.csv, GaussianNB, random_sampling] - INFO - Processo iniciado
2024-06-30 20:59:06,263 - 3264750 - [nursery.csv, GaussianNB, random_sampling] - WARNING - The least populated class in y has only 2 members, which is less than n_splits=5.
2024-06-30 20:59:20,295 - 3264750 - [nursery.csv, GaussianNB, random_sampling] - INFO - Processo finalizado
2024-07-01 00:46:58,545 - 3264810 - [user-knowledge.csv, GaussianNB, random_sampling] - INFO - Processo iniciado
2024-07-01 00:47:05,456 - 3264810 - [user-knowledge.csv, GaussianNB, random_sampling] - INFO - Processo finalizado
2024-07-01 02:32:45,001 - 3264749 - [monks1.csv, GaussianNB, random_sampling] - INFO - Processo iniciado
2024-07-01 02:32:49,732 - 3264749 - [monks1.csv, GaussianNB, random_sampling] - INFO - Processo finalizado
2024-07-01 04:15:10,150 - 3264821 - [balance-scale.csv, GaussianNB, random_sampling] - INFO - Processo iniciado
2024-07-01 04:15:14,944 - 3264821 - [balance-scale.csv, GaussianNB, random_sampling] - INFO - Processo finalizado
2024-07-01 09:36:45,039 - 3264762 - [hill-valley-without-noise.csv, GaussianNB, random_sampling] - INFO - Processo iniciado
2024-07-01 09:36:52,638 - 3264762 - [hill-valley-without-noise.csv, GaussianNB, random_sampling] - INFO - Processo finalizado
2024-07-01 12:50:54,746 - 3264747 - [statlog-heart.csv, GaussianNB, random_sampling] - INFO - Processo iniciado
2024-07-01 12:50:58,494 - 3264747 - [statlog-heart.csv, GaussianNB, random_sampling] - INFO - Processo finalizado
2024-07-01 13:38:53,472 - 3264821 - [wine-quality-red.csv, GaussianNB, random_sampling] - INFO - Processo iniciado
2024-07-01 13:38:58,247 - 3264821 - [wine-quality-red.csv, GaussianNB, random_sampling] - INFO - Processo finalizado
2024-07-01 14:57:11,553 - 3264772 - [artificial-characters.csv, GaussianNB, random_sampling] - INFO - Processo iniciado
2024-07-01 14:57:21,355 - 3264772 - [artificial-characters.csv, GaussianNB, random_sampling] - INFO - Processo finalizado
2024-07-01 19:38:31,897 - 3264766 - [steel-plates-faults.csv, GaussianNB, random_sampling] - INFO - Processo iniciado
2024-07-01 19:38:35,836 - 3264766 - [steel-plates-faults.csv, GaussianNB, random_sampling] - INFO - Processo finalizado
2024-07-01 21:14:05,462 - 3264776 - [phoneme.csv, GaussianNB, random_sampling] - INFO - Processo iniciado
2024-07-01 21:14:09,636 - 3264776 - [phoneme.csv, GaussianNB, random_sampling] - INFO - Processo finalizado
2024-07-01 23:03:10,397 - 3264749 - [habermans-survival.csv, GaussianNB, random_sampling] - INFO - Processo iniciado
2024-07-01 23:03:13,500 - 3264749 - [habermans-survival.csv, GaussianNB, random_sampling] - INFO - Processo finalizado
2024-07-01 23:33:01,152 - 3264785 - [volcanoes-a3.csv, GaussianNB, random_sampling] - INFO - Processo iniciado
2024-07-01 23:33:04,473 - 3264785 - [volcanoes-a3.csv, GaussianNB, random_sampling] - INFO - Processo finalizado
2024-07-01 23:57:33,333 - 3264760 - [autoUniv-au7-700.csv, GaussianNB, random_sampling] - INFO - Processo iniciado
2024-07-01 23:57:37,282 - 3264760 - [autoUniv-au7-700.csv, GaussianNB, random_sampling] - INFO - Processo finalizado
2024-07-02 00:24:14,210 - 3264797 - [autoUniv-au6-cd1-400.csv, GaussianNB, random_sampling] - INFO - Processo iniciado
2024-07-02 00:24:17,995 - 3264797 - [autoUniv-au6-cd1-400.csv, GaussianNB, random_sampling] - INFO - Processo finalizado
2024-07-02 00:48:30,003 - 3264732 - [page-blocks.csv, GaussianNB, random_sampling] - INFO - Processo iniciado
2024-07-02 00:48:34,477 - 3264732 - [page-blocks.csv, GaussianNB, random_sampling] - INFO - Processo finalizado
2024-07-02 01:16:13,412 - 3264751 - [ecoli.csv, GaussianNB, random_sampling] - INFO - Processo iniciado
2024-07-02 01:16:13,417 - 3264751 - [ecoli.csv, GaussianNB, random_sampling] - WARNING - The least populated class in y has only 2 members, which is less than n_splits=5.
2024-07-02 01:16:17,413 - 3264751 - [ecoli.csv, GaussianNB, random_sampling] - INFO - Processo finalizado
2024-07-02 03:03:49,209 - 3264735 - [pendigits.csv, GaussianNB, random_sampling] - INFO - Processo iniciado
2024-07-02 03:03:57,381 - 3264735 - [pendigits.csv, GaussianNB, random_sampling] - INFO - Processo finalizado
2024-07-02 05:07:13,669 - 3264799 - [movement-libras.csv, GaussianNB, random_sampling] - INFO - Processo iniciado
2024-07-02 05:07:18,994 - 3264799 - [movement-libras.csv, GaussianNB, random_sampling] - INFO - Processo finalizado
2024-07-02 06:29:25,285 - 3264794 - [vertebra-column-2c.csv, GaussianNB, random_sampling] - INFO - Processo iniciado
2024-07-02 06:29:28,671 - 3264794 - [vertebra-column-2c.csv, GaussianNB, random_sampling] - INFO - Processo finalizado
2024-07-02 14:54:09,221 - 3264822 - [first-order-theorem.csv, GaussianNB, random_sampling] - INFO - Processo iniciado
2024-07-02 14:54:16,917 - 3264822 - [first-order-theorem.csv, GaussianNB, random_sampling] - INFO - Processo finalizado
2024-07-02 16:57:26,724 - 3264794 - [robot-failure-lp5.csv, GaussianNB, random_sampling] - INFO - Processo iniciado
2024-07-02 16:57:30,130 - 3264794 - [robot-failure-lp5.csv, GaussianNB, random_sampling] - INFO - Processo finalizado
2024-07-02 19:10:44,413 - 3264755 - [systhetic-control.csv, GaussianNB, random_sampling] - INFO - Processo iniciado
2024-07-02 19:10:48,094 - 3264755 - [systhetic-control.csv, GaussianNB, random_sampling] - INFO - Processo finalizado
2024-07-03 04:45:28,809 - 3556300 - [magic.csv, GaussianNB, random_sampling] - INFO - Processo iniciado
2024-07-03 04:45:41,590 - 3556300 - [magic.csv, GaussianNB, random_sampling] - INFO - Processo finalizado
2024-07-03 09:01:52,055 - 3264772 - [thyroid-hypothyroid.csv, GaussianNB, random_sampling] - INFO - Processo iniciado
2024-07-03 09:01:57,184 - 3264772 - [thyroid-hypothyroid.csv, GaussianNB, random_sampling] - INFO - Processo finalizado
2024-07-03 11:01:57,497 - 3556538 - [bupa.csv, GaussianNB, random_sampling] - INFO - Processo iniciado
2024-07-03 11:02:00,588 - 3556538 - [bupa.csv, GaussianNB, random_sampling] - INFO - Processo finalizado
2024-07-03 11:34:56,317 - 3556538 - [heart-disease-processed-cleveland.csv, GaussianNB, random_sampling] - INFO - Processo iniciado
2024-07-03 11:34:59,411 - 3556538 - [heart-disease-processed-cleveland.csv, GaussianNB, random_sampling] - INFO - Processo finalizado
2024-07-03 12:08:59,863 - 3264761 - [statlog-australian-credit.csv, GaussianNB, random_sampling] - INFO - Processo iniciado
2024-07-03 12:09:03,663 - 3264761 - [statlog-australian-credit.csv, GaussianNB, random_sampling] - INFO - Processo finalizado
2024-07-03 12:43:01,911 - 3556300 - [statlog-german-credit.csv, GaussianNB, random_sampling] - INFO - Processo iniciado
2024-07-03 12:43:05,474 - 3556300 - [statlog-german-credit.csv, GaussianNB, random_sampling] - INFO - Processo finalizado
2024-07-03 13:46:49,290 - 3556932 - [kr-vs-kp.csv, GaussianNB, random_sampling] - INFO - Processo iniciado
2024-07-03 13:46:54,886 - 3556932 - [kr-vs-kp.csv, GaussianNB, random_sampling] - INFO - Processo finalizado
2024-07-03 17:17:23,447 - 3264766 - [statlog-vehicle-silhouettes.csv, GaussianNB, random_sampling] - INFO - Processo iniciado
2024-07-03 17:17:27,205 - 3264766 - [statlog-vehicle-silhouettes.csv, GaussianNB, random_sampling] - INFO - Processo finalizado
2024-07-03 18:19:38,295 - 3264745 - [ionosphere.csv, GaussianNB, random_sampling] - INFO - Processo iniciado
2024-07-03 18:19:42,066 - 3264745 - [ionosphere.csv, GaussianNB, random_sampling] - INFO - Processo finalizado
2024-07-03 18:58:16,306 - 3264744 - [mfeat-fourier.csv, GaussianNB, random_sampling] - INFO - Processo iniciado
2024-07-03 18:58:21,725 - 3264744 - [mfeat-fourier.csv, GaussianNB, random_sampling] - INFO - Processo finalizado
2024-07-04 09:25:50,580 - 3264819 - [mushroom.csv, GaussianNB, random_sampling] - INFO - Processo iniciado
2024-07-04 09:26:01,348 - 3264819 - [mushroom.csv, GaussianNB, random_sampling] - INFO - Processo finalizado
