2024-06-28 00:08:00,713 - 3264775 - [wine.csv, DecisionTree, margin_sampling] - INFO - Processo iniciado
2024-06-28 00:08:07,993 - 3264775 - [wine.csv, DecisionTree, margin_sampling] - INFO - Processo finalizado
2024-06-28 00:27:40,619 - 3264783 - [climate-simulation-craches.csv, DecisionTree, margin_sampling] - INFO - Processo iniciado
2024-06-28 00:27:47,674 - 3264783 - [climate-simulation-craches.csv, DecisionTree, margin_sampling] - INFO - Processo finalizado
2024-06-28 00:43:02,469 - 3264739 - [parkinsons.csv, DecisionTree, margin_sampling] - INFO - Processo iniciado
2024-06-28 00:43:05,290 - 3264739 - [parkinsons.csv, DecisionTree, margin_sampling] - INFO - Processo finalizado
2024-06-28 01:12:12,506 - 3264751 - [volcanoes-e1.csv, DecisionTree, margin_sampling] - INFO - Processo iniciado
2024-06-28 01:12:17,320 - 3264751 - [volcanoes-e1.csv, DecisionTree, margin_sampling] - INFO - Processo finalizado
2024-06-28 01:30:12,945 - 3264761 - [autoUniv-au1-1000.csv, DecisionTree, margin_sampling] - INFO - Processo iniciado
2024-06-28 01:30:21,487 - 3264761 - [autoUniv-au1-1000.csv, DecisionTree, margin_sampling] - INFO - Processo finalizado
2024-06-28 02:06:21,358 - 3264821 - [flare.csv, DecisionTree, margin_sampling] - INFO - Processo iniciado
2024-06-28 02:06:29,105 - 3264821 - [flare.csv, DecisionTree, margin_sampling] - INFO - Processo finalizado
2024-06-28 02:34:32,911 - 3264747 - [wilt.csv, DecisionTree, margin_sampling] - INFO - Processo iniciado
2024-06-28 02:34:36,363 - 3264747 - [wilt.csv, DecisionTree, margin_sampling] - INFO - Processo finalizado
2024-06-28 03:56:15,292 - 3264760 - [monks3.csv, DecisionTree, margin_sampling] - INFO - Processo iniciado
2024-06-28 03:56:22,300 - 3264760 - [monks3.csv, DecisionTree, margin_sampling] - INFO - Processo finalizado
2024-06-28 05:41:16,514 - 3264739 - [volcanoes-d1.csv, DecisionTree, margin_sampling] - INFO - Processo iniciado
2024-06-28 05:41:20,704 - 3264739 - [volcanoes-d1.csv, DecisionTree, margin_sampling] - INFO - Processo finalizado
2024-06-28 08:54:03,821 - 3264767 - [voting.csv, DecisionTree, margin_sampling] - INFO - Processo iniciado
2024-06-28 08:54:10,503 - 3264767 - [voting.csv, DecisionTree, margin_sampling] - INFO - Processo finalizado
2024-06-28 09:59:20,786 - 3264769 - [thyroid-newthyroid.csv, DecisionTree, margin_sampling] - INFO - Processo iniciado
2024-06-28 09:59:27,913 - 3264769 - [thyroid-newthyroid.csv, DecisionTree, margin_sampling] - INFO - Processo finalizado
2024-06-28 10:29:33,984 - 3264814 - [waveform-v2.csv, DecisionTree, margin_sampling] - INFO - Processo iniciado
2024-06-28 10:29:43,380 - 3264814 - [waveform-v2.csv, DecisionTree, margin_sampling] - INFO - Processo finalizado
2024-06-28 18:23:57,062 - 3264757 - [thyroid-sick-euthyroid.csv, DecisionTree, margin_sampling] - INFO - Processo iniciado
2024-06-28 18:24:06,250 - 3264757 - [thyroid-sick-euthyroid.csv, DecisionTree, margin_sampling] - INFO - Processo finalizado
2024-06-29 01:45:13,643 - 3264741 - [vertebra-column-3c.csv, DecisionTree, margin_sampling] - INFO - Processo iniciado
2024-06-29 01:45:19,379 - 3264741 - [vertebra-column-3c.csv, DecisionTree, margin_sampling] - INFO - Processo finalizado
2024-06-29 03:12:13,841 - 3264799 - [hepatitis.csv, DecisionTree, margin_sampling] - INFO - Processo iniciado
2024-06-29 03:12:20,639 - 3264799 - [hepatitis.csv, DecisionTree, margin_sampling] - INFO - Processo finalizado
2024-06-29 14:14:29,073 - 3264805 - [eeg-eye-state.csv, DecisionTree, margin_sampling] - INFO - Processo iniciado
2024-06-29 14:14:34,762 - 3264805 - [eeg-eye-state.csv, DecisionTree, margin_sampling] - INFO - Processo finalizado
2024-06-29 18:54:11,206 - 3264819 - [mammographic-mass.csv, DecisionTree, margin_sampling] - INFO - Processo iniciado
2024-06-29 18:54:14,861 - 3264819 - [mammographic-mass.csv, DecisionTree, margin_sampling] - INFO - Processo finalizado
2024-06-29 19:53:16,641 - 3264770 - [abalone-3class.csv, DecisionTree, margin_sampling] - INFO - Processo iniciado
2024-06-29 19:53:22,137 - 3264770 - [abalone-3class.csv, DecisionTree, margin_sampling] - INFO - Processo finalizado
2024-06-29 23:45:00,440 - 3264795 - [texture.csv, DecisionTree, margin_sampling] - INFO - Processo iniciado
2024-06-29 23:45:07,463 - 3264795 - [texture.csv, DecisionTree, margin_sampling] - INFO - Processo finalizado
2024-06-30 12:11:26,189 - 3264740 - [lymphography.csv, DecisionTree, margin_sampling] - INFO - Processo iniciado
2024-06-30 12:11:26,197 - 3264740 - [lymphography.csv, DecisionTree, margin_sampling] - WARNING - The least populated class in y has only 2 members, which is less than n_splits=5.
2024-06-30 12:11:29,342 - 3264740 - [lymphography.csv, DecisionTree, margin_sampling] - INFO - Processo finalizado
2024-06-30 13:32:49,343 - 3264804 - [connectionist-mines-vs-rocks.csv, DecisionTree, margin_sampling] - INFO - Processo iniciado
2024-06-30 13:32:52,761 - 3264804 - [connectionist-mines-vs-rocks.csv, DecisionTree, margin_sampling] - INFO - Processo finalizado
2024-06-30 15:22:29,670 - 3264771 - [turkiye-student.csv, DecisionTree, margin_sampling] - INFO - Processo iniciado
2024-06-30 15:22:35,415 - 3264771 - [turkiye-student.csv, DecisionTree, margin_sampling] - INFO - Processo finalizado
2024-06-30 19:38:35,357 - 3264793 - [nursery.csv, DecisionTree, margin_sampling] - INFO - Processo iniciado
2024-06-30 19:38:35,501 - 3264793 - [nursery.csv, DecisionTree, margin_sampling] - WARNING - The least populated class in y has only 2 members, which is less than n_splits=5.
2024-06-30 19:38:45,520 - 3264793 - [nursery.csv, DecisionTree, margin_sampling] - INFO - Processo finalizado
2024-07-01 00:15:31,171 - 3264820 - [user-knowledge.csv, DecisionTree, margin_sampling] - INFO - Processo iniciado
2024-07-01 00:15:35,804 - 3264820 - [user-knowledge.csv, DecisionTree, margin_sampling] - INFO - Processo finalizado
2024-07-01 02:06:18,638 - 3264820 - [monks1.csv, DecisionTree, margin_sampling] - INFO - Processo iniciado
2024-07-01 02:06:25,322 - 3264820 - [monks1.csv, DecisionTree, margin_sampling] - INFO - Processo finalizado
2024-07-01 03:50:26,608 - 3264821 - [balance-scale.csv, DecisionTree, margin_sampling] - INFO - Processo iniciado
2024-07-01 03:50:31,680 - 3264821 - [balance-scale.csv, DecisionTree, margin_sampling] - INFO - Processo finalizado
2024-07-01 07:05:50,398 - 3264822 - [hill-valley-without-noise.csv, DecisionTree, margin_sampling] - INFO - Processo iniciado
2024-07-01 07:06:01,279 - 3264822 - [hill-valley-without-noise.csv, DecisionTree, margin_sampling] - INFO - Processo finalizado
2024-07-01 12:35:41,693 - 3264753 - [statlog-heart.csv, DecisionTree, margin_sampling] - INFO - Processo iniciado
2024-07-01 12:35:46,024 - 3264753 - [statlog-heart.csv, DecisionTree, margin_sampling] - INFO - Processo finalizado
2024-07-01 13:23:26,640 - 3264811 - [wine-quality-red.csv, DecisionTree, margin_sampling] - INFO - Processo iniciado
2024-07-01 13:23:31,386 - 3264811 - [wine-quality-red.csv, DecisionTree, margin_sampling] - INFO - Processo finalizado
2024-07-01 14:33:27,129 - 3264795 - [artificial-characters.csv, DecisionTree, margin_sampling] - INFO - Processo iniciado
2024-07-01 14:33:34,256 - 3264795 - [artificial-characters.csv, DecisionTree, margin_sampling] - INFO - Processo finalizado
2024-07-01 19:10:51,669 - 3264809 - [steel-plates-faults.csv, DecisionTree, margin_sampling] - INFO - Processo iniciado
2024-07-01 19:10:55,491 - 3264809 - [steel-plates-faults.csv, DecisionTree, margin_sampling] - INFO - Processo finalizado
2024-07-01 20:46:24,565 - 3264778 - [phoneme.csv, DecisionTree, margin_sampling] - INFO - Processo iniciado
2024-07-01 20:46:28,933 - 3264778 - [phoneme.csv, DecisionTree, margin_sampling] - INFO - Processo finalizado
2024-07-01 22:51:36,147 - 3264821 - [habermans-survival.csv, DecisionTree, margin_sampling] - INFO - Processo iniciado
2024-07-01 22:51:39,170 - 3264821 - [habermans-survival.csv, DecisionTree, margin_sampling] - INFO - Processo finalizado
2024-07-01 23:25:28,408 - 3264743 - [volcanoes-a3.csv, DecisionTree, margin_sampling] - INFO - Processo iniciado
2024-07-01 23:25:31,822 - 3264743 - [volcanoes-a3.csv, DecisionTree, margin_sampling] - INFO - Processo finalizado
2024-07-01 23:50:57,667 - 3264787 - [autoUniv-au7-700.csv, DecisionTree, margin_sampling] - INFO - Processo iniciado
2024-07-01 23:51:00,910 - 3264787 - [autoUniv-au7-700.csv, DecisionTree, margin_sampling] - INFO - Processo finalizado
2024-07-02 00:19:49,339 - 3264820 - [autoUniv-au6-cd1-400.csv, DecisionTree, margin_sampling] - INFO - Processo iniciado
2024-07-02 00:19:53,776 - 3264820 - [autoUniv-au6-cd1-400.csv, DecisionTree, margin_sampling] - INFO - Processo finalizado
2024-07-02 00:38:05,701 - 3264753 - [page-blocks.csv, DecisionTree, margin_sampling] - INFO - Processo iniciado
2024-07-02 00:38:09,737 - 3264753 - [page-blocks.csv, DecisionTree, margin_sampling] - INFO - Processo finalizado
2024-07-02 01:12:25,354 - 3264760 - [ecoli.csv, DecisionTree, margin_sampling] - INFO - Processo iniciado
2024-07-02 01:12:25,359 - 3264760 - [ecoli.csv, DecisionTree, margin_sampling] - WARNING - The least populated class in y has only 2 members, which is less than n_splits=5.
2024-07-02 01:12:29,290 - 3264760 - [ecoli.csv, DecisionTree, margin_sampling] - INFO - Processo finalizado
2024-07-02 01:57:17,923 - 3264766 - [pendigits.csv, DecisionTree, margin_sampling] - INFO - Processo iniciado
2024-07-02 01:57:25,425 - 3264766 - [pendigits.csv, DecisionTree, margin_sampling] - INFO - Processo finalizado
2024-07-02 04:45:39,163 - 3264802 - [movement-libras.csv, DecisionTree, margin_sampling] - INFO - Processo iniciado
2024-07-02 04:45:45,636 - 3264802 - [movement-libras.csv, DecisionTree, margin_sampling] - INFO - Processo finalizado
2024-07-02 06:10:59,809 - 3264803 - [vertebra-column-2c.csv, DecisionTree, margin_sampling] - INFO - Processo iniciado
2024-07-02 06:11:03,967 - 3264803 - [vertebra-column-2c.csv, DecisionTree, margin_sampling] - INFO - Processo finalizado
2024-07-02 14:14:10,471 - 3264773 - [first-order-theorem.csv, DecisionTree, margin_sampling] - INFO - Processo iniciado
2024-07-02 14:14:16,445 - 3264773 - [first-order-theorem.csv, DecisionTree, margin_sampling] - INFO - Processo finalizado
2024-07-02 16:39:55,850 - 3264819 - [robot-failure-lp5.csv, DecisionTree, margin_sampling] - INFO - Processo iniciado
2024-07-02 16:40:00,464 - 3264819 - [robot-failure-lp5.csv, DecisionTree, margin_sampling] - INFO - Processo finalizado
2024-07-02 18:58:26,800 - 3264737 - [systhetic-control.csv, DecisionTree, margin_sampling] - INFO - Processo iniciado
2024-07-02 18:58:30,833 - 3264737 - [systhetic-control.csv, DecisionTree, margin_sampling] - INFO - Processo finalizado
2024-07-02 22:22:39,639 - 3543730 - [magic.csv, DecisionTree, margin_sampling] - INFO - Processo iniciado
2024-07-02 22:22:48,615 - 3543730 - [magic.csv, DecisionTree, margin_sampling] - INFO - Processo finalizado
2024-07-03 07:40:45,818 - 3556932 - [thyroid-hypothyroid.csv, DecisionTree, margin_sampling] - INFO - Processo iniciado
2024-07-03 07:40:50,542 - 3556932 - [thyroid-hypothyroid.csv, DecisionTree, margin_sampling] - INFO - Processo finalizado
2024-07-03 10:44:14,335 - 3560541 - [bupa.csv, DecisionTree, margin_sampling] - INFO - Processo iniciado
2024-07-03 10:44:17,485 - 3560541 - [bupa.csv, DecisionTree, margin_sampling] - INFO - Processo finalizado
2024-07-03 11:31:59,655 - 3264763 - [heart-disease-processed-cleveland.csv, DecisionTree, margin_sampling] - INFO - Processo iniciado
2024-07-03 11:32:03,288 - 3264763 - [heart-disease-processed-cleveland.csv, DecisionTree, margin_sampling] - INFO - Processo finalizado
2024-07-03 11:52:51,037 - 3264797 - [statlog-australian-credit.csv, DecisionTree, margin_sampling] - INFO - Processo iniciado
2024-07-03 11:52:54,236 - 3264797 - [statlog-australian-credit.csv, DecisionTree, margin_sampling] - INFO - Processo finalizado
2024-07-03 12:36:24,158 - 3264738 - [statlog-german-credit.csv, DecisionTree, margin_sampling] - INFO - Processo iniciado
2024-07-03 12:36:28,389 - 3264738 - [statlog-german-credit.csv, DecisionTree, margin_sampling] - INFO - Processo finalizado
2024-07-03 13:26:59,333 - 3264793 - [kr-vs-kp.csv, DecisionTree, margin_sampling] - INFO - Processo iniciado
2024-07-03 13:27:04,395 - 3264793 - [kr-vs-kp.csv, DecisionTree, margin_sampling] - INFO - Processo finalizado
2024-07-03 17:05:42,550 - 3264782 - [statlog-vehicle-silhouettes.csv, DecisionTree, margin_sampling] - INFO - Processo iniciado
2024-07-03 17:05:46,994 - 3264782 - [statlog-vehicle-silhouettes.csv, DecisionTree, margin_sampling] - INFO - Processo finalizado
2024-07-03 18:13:26,437 - 3264734 - [ionosphere.csv, DecisionTree, margin_sampling] - INFO - Processo iniciado
2024-07-03 18:13:31,372 - 3264734 - [ionosphere.csv, DecisionTree, margin_sampling] - INFO - Processo finalizado
2024-07-03 18:50:51,413 - 3264811 - [mfeat-fourier.csv, DecisionTree, margin_sampling] - INFO - Processo iniciado
2024-07-03 18:50:56,427 - 3264811 - [mfeat-fourier.csv, DecisionTree, margin_sampling] - INFO - Processo finalizado
