2024-06-28 00:08:00,798 - 3264800 - [wine.csv, GaussianNB, training_utility_sampling] - INFO - Processo iniciado
2024-06-28 00:08:10,906 - 3264800 - [wine.csv, GaussianNB, training_utility_sampling] - INFO - Processo finalizado
2024-06-28 00:31:35,973 - 3264804 - [climate-simulation-craches.csv, GaussianNB, training_utility_sampling] - INFO - Processo iniciado
2024-06-28 00:31:48,438 - 3264804 - [climate-simulation-craches.csv, GaussianNB, training_utility_sampling] - INFO - Processo finalizado
2024-06-28 00:50:44,421 - 3264801 - [parkinsons.csv, GaussianNB, training_utility_sampling] - INFO - Processo iniciado
2024-06-28 00:50:48,985 - 3264801 - [parkinsons.csv, GaussianNB, training_utility_sampling] - INFO - Processo finalizado
2024-06-28 01:17:14,762 - 3264770 - [volcanoes-e1.csv, GaussianNB, training_utility_sampling] - INFO - Processo iniciado
2024-06-28 01:17:31,231 - 3264770 - [volcanoes-e1.csv, GaussianNB, training_utility_sampling] - INFO - Processo finalizado
2024-06-28 01:33:54,734 - 3264732 - [autoUniv-au1-1000.csv, GaussianNB, training_utility_sampling] - INFO - Processo iniciado
2024-06-28 01:34:14,435 - 3264732 - [autoUniv-au1-1000.csv, GaussianNB, training_utility_sampling] - INFO - Processo finalizado
2024-06-28 02:13:54,387 - 3264804 - [flare.csv, GaussianNB, training_utility_sampling] - INFO - Processo iniciado
2024-06-28 02:14:31,925 - 3264804 - [flare.csv, GaussianNB, training_utility_sampling] - INFO - Processo finalizado
2024-06-28 02:46:41,806 - 3264781 - [wilt.csv, GaussianNB, training_utility_sampling] - INFO - Processo iniciado
2024-06-28 02:53:41,405 - 3264781 - [wilt.csv, GaussianNB, training_utility_sampling] - INFO - Processo finalizado
2024-06-28 04:30:58,454 - 3264811 - [monks3.csv, GaussianNB, training_utility_sampling] - INFO - Processo iniciado
2024-06-28 04:31:11,115 - 3264811 - [monks3.csv, GaussianNB, training_utility_sampling] - INFO - Processo finalizado
2024-06-28 06:30:20,500 - 3264785 - [volcanoes-d1.csv, GaussianNB, training_utility_sampling] - INFO - Processo iniciado
2024-06-28 06:44:30,964 - 3264785 - [volcanoes-d1.csv, GaussianNB, training_utility_sampling] - INFO - Processo finalizado
2024-06-28 09:15:58,945 - 3264761 - [voting.csv, GaussianNB, training_utility_sampling] - INFO - Processo iniciado
2024-06-28 09:16:03,570 - 3264761 - [voting.csv, GaussianNB, training_utility_sampling] - INFO - Processo finalizado
2024-06-28 10:06:57,558 - 3264796 - [thyroid-newthyroid.csv, GaussianNB, training_utility_sampling] - INFO - Processo iniciado
2024-06-28 10:07:07,072 - 3264796 - [thyroid-newthyroid.csv, GaussianNB, training_utility_sampling] - INFO - Processo finalizado
2024-06-28 10:42:22,369 - 3264772 - [waveform-v2.csv, GaussianNB, training_utility_sampling] - INFO - Processo iniciado
2024-06-28 10:46:23,640 - 3264772 - [waveform-v2.csv, GaussianNB, training_utility_sampling] - INFO - Processo finalizado
2024-06-28 21:49:57,343 - 3264793 - [thyroid-sick-euthyroid.csv, GaussianNB, training_utility_sampling] - INFO - Processo iniciado
2024-06-28 21:52:05,239 - 3264793 - [thyroid-sick-euthyroid.csv, GaussianNB, training_utility_sampling] - INFO - Processo finalizado
2024-06-29 02:15:01,731 - 3264780 - [vertebra-column-3c.csv, GaussianNB, training_utility_sampling] - INFO - Processo iniciado
2024-06-29 02:15:13,667 - 3264780 - [vertebra-column-3c.csv, GaussianNB, training_utility_sampling] - INFO - Processo finalizado
2024-06-29 03:21:44,747 - 3264733 - [hepatitis.csv, GaussianNB, training_utility_sampling] - INFO - Processo iniciado
2024-06-29 03:21:54,051 - 3264733 - [hepatitis.csv, GaussianNB, training_utility_sampling] - INFO - Processo finalizado
2024-06-29 17:03:30,043 - 3264810 - [eeg-eye-state.csv, GaussianNB, training_utility_sampling] - INFO - Processo iniciado
2024-06-29 17:36:55,296 - 3264810 - [eeg-eye-state.csv, GaussianNB, training_utility_sampling] - INFO - Processo finalizado
2024-06-29 19:12:44,348 - 3264742 - [mammographic-mass.csv, GaussianNB, training_utility_sampling] - INFO - Processo iniciado
2024-06-29 19:12:53,515 - 3264742 - [mammographic-mass.csv, GaussianNB, training_utility_sampling] - INFO - Processo finalizado
2024-06-29 21:15:46,488 - 3264737 - [abalone-3class.csv, GaussianNB, training_utility_sampling] - INFO - Processo iniciado
2024-06-29 21:18:17,543 - 3264737 - [abalone-3class.csv, GaussianNB, training_utility_sampling] - INFO - Processo finalizado
2024-06-30 05:28:39,722 - 3264803 - [texture.csv, GaussianNB, training_utility_sampling] - INFO - Processo iniciado
2024-06-30 05:33:12,479 - 3264803 - [texture.csv, GaussianNB, training_utility_sampling] - INFO - Processo finalizado
2024-06-30 12:26:22,232 - 3264733 - [lymphography.csv, GaussianNB, training_utility_sampling] - INFO - Processo iniciado
2024-06-30 12:26:22,242 - 3264733 - [lymphography.csv, GaussianNB, training_utility_sampling] - WARNING - The least populated class in y has only 2 members, which is less than n_splits=5.
2024-06-30 12:26:27,140 - 3264733 - [lymphography.csv, GaussianNB, training_utility_sampling] - INFO - Processo finalizado
2024-06-30 13:56:27,261 - 3264817 - [connectionist-mines-vs-rocks.csv, GaussianNB, training_utility_sampling] - INFO - Processo iniciado
2024-06-30 13:56:31,493 - 3264817 - [connectionist-mines-vs-rocks.csv, GaussianNB, training_utility_sampling] - INFO - Processo finalizado
2024-06-30 16:52:57,923 - 3264773 - [turkiye-student.csv, GaussianNB, training_utility_sampling] - INFO - Processo iniciado
2024-06-30 16:58:34,017 - 3264773 - [turkiye-student.csv, GaussianNB, training_utility_sampling] - INFO - Processo finalizado
2024-06-30 21:02:36,525 - 3264807 - [nursery.csv, GaussianNB, training_utility_sampling] - INFO - Processo iniciado
2024-06-30 21:02:36,676 - 3264807 - [nursery.csv, GaussianNB, training_utility_sampling] - WARNING - The least populated class in y has only 2 members, which is less than n_splits=5.
2024-06-30 21:45:47,229 - 3264807 - [nursery.csv, GaussianNB, training_utility_sampling] - INFO - Processo finalizado
2024-07-01 00:47:20,012 - 3264810 - [user-knowledge.csv, GaussianNB, training_utility_sampling] - INFO - Processo iniciado
2024-07-01 00:47:27,577 - 3264810 - [user-knowledge.csv, GaussianNB, training_utility_sampling] - INFO - Processo finalizado
2024-07-01 02:33:05,199 - 3264749 - [monks1.csv, GaussianNB, training_utility_sampling] - INFO - Processo iniciado
2024-07-01 02:33:15,840 - 3264749 - [monks1.csv, GaussianNB, training_utility_sampling] - INFO - Processo finalizado
2024-07-01 04:15:31,611 - 3264821 - [balance-scale.csv, GaussianNB, training_utility_sampling] - INFO - Processo iniciado
2024-07-01 04:15:43,147 - 3264821 - [balance-scale.csv, GaussianNB, training_utility_sampling] - INFO - Processo finalizado
2024-07-01 09:37:28,801 - 3264762 - [hill-valley-without-noise.csv, GaussianNB, training_utility_sampling] - INFO - Processo iniciado
2024-07-01 09:37:57,969 - 3264762 - [hill-valley-without-noise.csv, GaussianNB, training_utility_sampling] - INFO - Processo finalizado
2024-07-01 12:51:07,854 - 3264747 - [statlog-heart.csv, GaussianNB, training_utility_sampling] - INFO - Processo iniciado
2024-07-01 12:51:13,804 - 3264747 - [statlog-heart.csv, GaussianNB, training_utility_sampling] - INFO - Processo finalizado
2024-07-01 13:39:04,375 - 3264821 - [wine-quality-red.csv, GaussianNB, training_utility_sampling] - INFO - Processo iniciado
2024-07-01 13:39:32,204 - 3264821 - [wine-quality-red.csv, GaussianNB, training_utility_sampling] - INFO - Processo finalizado
2024-07-01 14:57:49,363 - 3264786 - [artificial-characters.csv, GaussianNB, training_utility_sampling] - INFO - Processo iniciado
2024-07-01 15:18:20,363 - 3264786 - [artificial-characters.csv, GaussianNB, training_utility_sampling] - INFO - Processo finalizado
2024-07-01 19:39:09,878 - 3264766 - [steel-plates-faults.csv, GaussianNB, training_utility_sampling] - INFO - Processo iniciado
2024-07-01 19:39:40,814 - 3264766 - [steel-plates-faults.csv, GaussianNB, training_utility_sampling] - INFO - Processo finalizado
2024-07-01 21:16:50,088 - 3264798 - [phoneme.csv, GaussianNB, training_utility_sampling] - INFO - Processo iniciado
2024-07-01 21:20:23,610 - 3264798 - [phoneme.csv, GaussianNB, training_utility_sampling] - INFO - Processo finalizado
2024-07-01 23:03:15,394 - 3264794 - [habermans-survival.csv, GaussianNB, training_utility_sampling] - INFO - Processo iniciado
2024-07-01 23:03:19,946 - 3264794 - [habermans-survival.csv, GaussianNB, training_utility_sampling] - INFO - Processo finalizado
2024-07-01 23:33:07,499 - 3264748 - [volcanoes-a3.csv, GaussianNB, training_utility_sampling] - INFO - Processo iniciado
2024-07-01 23:33:22,482 - 3264748 - [volcanoes-a3.csv, GaussianNB, training_utility_sampling] - INFO - Processo finalizado
2024-07-01 23:57:38,170 - 3264796 - [autoUniv-au7-700.csv, GaussianNB, training_utility_sampling] - INFO - Processo iniciado
2024-07-01 23:57:44,797 - 3264796 - [autoUniv-au7-700.csv, GaussianNB, training_utility_sampling] - INFO - Processo finalizado
2024-07-02 00:24:19,926 - 3264809 - [autoUniv-au6-cd1-400.csv, GaussianNB, training_utility_sampling] - INFO - Processo iniciado
2024-07-02 00:24:25,606 - 3264809 - [autoUniv-au6-cd1-400.csv, GaussianNB, training_utility_sampling] - INFO - Processo finalizado
2024-07-02 00:49:25,630 - 3264745 - [page-blocks.csv, GaussianNB, training_utility_sampling] - INFO - Processo iniciado
2024-07-02 00:53:10,739 - 3264745 - [page-blocks.csv, GaussianNB, training_utility_sampling] - INFO - Processo finalizado
2024-07-02 01:16:22,095 - 3264808 - [ecoli.csv, GaussianNB, training_utility_sampling] - INFO - Processo iniciado
2024-07-02 01:16:22,105 - 3264808 - [ecoli.csv, GaussianNB, training_utility_sampling] - WARNING - The least populated class in y has only 2 members, which is less than n_splits=5.
2024-07-02 01:16:27,690 - 3264808 - [ecoli.csv, GaussianNB, training_utility_sampling] - INFO - Processo finalizado
2024-07-02 03:04:22,756 - 3264793 - [pendigits.csv, GaussianNB, training_utility_sampling] - INFO - Processo iniciado
2024-07-02 03:21:35,907 - 3264793 - [pendigits.csv, GaussianNB, training_utility_sampling] - INFO - Processo finalizado
2024-07-02 05:07:34,079 - 3264799 - [movement-libras.csv, GaussianNB, training_utility_sampling] - INFO - Processo iniciado
2024-07-02 05:07:42,241 - 3264799 - [movement-libras.csv, GaussianNB, training_utility_sampling] - INFO - Processo finalizado
2024-07-02 06:29:37,108 - 3264794 - [vertebra-column-2c.csv, GaussianNB, training_utility_sampling] - INFO - Processo iniciado
2024-07-02 06:29:42,222 - 3264794 - [vertebra-column-2c.csv, GaussianNB, training_utility_sampling] - INFO - Processo finalizado
2024-07-02 14:54:32,873 - 3264772 - [first-order-theorem.csv, GaussianNB, training_utility_sampling] - INFO - Processo iniciado
2024-07-02 15:00:15,967 - 3264772 - [first-order-theorem.csv, GaussianNB, training_utility_sampling] - INFO - Processo finalizado
2024-07-02 16:57:38,794 - 3264794 - [robot-failure-lp5.csv, GaussianNB, training_utility_sampling] - INFO - Processo iniciado
2024-07-02 16:57:43,396 - 3264794 - [robot-failure-lp5.csv, GaussianNB, training_utility_sampling] - INFO - Processo finalizado
2024-07-02 19:10:59,974 - 3264755 - [systhetic-control.csv, GaussianNB, training_utility_sampling] - INFO - Processo iniciado
2024-07-02 19:11:07,614 - 3264755 - [systhetic-control.csv, GaussianNB, training_utility_sampling] - INFO - Processo finalizado
2024-07-03 04:45:41,601 - 3556300 - [magic.csv, GaussianNB, training_utility_sampling] - INFO - Processo iniciado
2024-07-03 05:41:19,657 - 3556300 - [magic.csv, GaussianNB, training_utility_sampling] - INFO - Processo finalizado
2024-07-03 09:03:47,040 - 3264772 - [thyroid-hypothyroid.csv, GaussianNB, training_utility_sampling] - INFO - Processo iniciado
2024-07-03 09:05:24,435 - 3264772 - [thyroid-hypothyroid.csv, GaussianNB, training_utility_sampling] - INFO - Processo finalizado
2024-07-03 11:02:02,334 - 3560541 - [bupa.csv, GaussianNB, training_utility_sampling] - INFO - Processo iniciado
2024-07-03 11:02:06,824 - 3560541 - [bupa.csv, GaussianNB, training_utility_sampling] - INFO - Processo finalizado
2024-07-03 11:35:02,412 - 3264811 - [heart-disease-processed-cleveland.csv, GaussianNB, training_utility_sampling] - INFO - Processo iniciado
2024-07-03 11:35:07,427 - 3264811 - [heart-disease-processed-cleveland.csv, GaussianNB, training_utility_sampling] - INFO - Processo finalizado
2024-07-03 12:09:14,025 - 3264761 - [statlog-australian-credit.csv, GaussianNB, training_utility_sampling] - INFO - Processo iniciado
2024-07-03 12:09:20,426 - 3264761 - [statlog-australian-credit.csv, GaussianNB, training_utility_sampling] - INFO - Processo finalizado
2024-07-03 12:43:19,410 - 3556300 - [statlog-german-credit.csv, GaussianNB, training_utility_sampling] - INFO - Processo iniciado
2024-07-03 12:43:29,873 - 3556300 - [statlog-german-credit.csv, GaussianNB, training_utility_sampling] - INFO - Processo finalizado
2024-07-03 13:47:52,930 - 3264785 - [kr-vs-kp.csv, GaussianNB, training_utility_sampling] - INFO - Processo iniciado
2024-07-03 13:50:28,518 - 3264785 - [kr-vs-kp.csv, GaussianNB, training_utility_sampling] - INFO - Processo finalizado
2024-07-03 17:17:31,329 - 3264766 - [statlog-vehicle-silhouettes.csv, GaussianNB, training_utility_sampling] - INFO - Processo iniciado
2024-07-03 17:17:40,060 - 3264766 - [statlog-vehicle-silhouettes.csv, GaussianNB, training_utility_sampling] - INFO - Processo finalizado
2024-07-03 18:19:43,934 - 3264764 - [ionosphere.csv, GaussianNB, training_utility_sampling] - INFO - Processo iniciado
2024-07-03 18:19:49,408 - 3264764 - [ionosphere.csv, GaussianNB, training_utility_sampling] - INFO - Processo finalizado
2024-07-03 18:59:05,894 - 3264744 - [mfeat-fourier.csv, GaussianNB, training_utility_sampling] - INFO - Processo iniciado
2024-07-03 18:59:41,056 - 3264744 - [mfeat-fourier.csv, GaussianNB, training_utility_sampling] - INFO - Processo finalizado
