2024-06-28 00:08:00,651 - 3264729 - [wine.csv, SVC, margin_sampling] - INFO - Processo iniciado
2024-06-28 00:08:00,897 - 3264821 - [climate-simulation-craches.csv, SVC, margin_sampling] - INFO - Processo iniciado
2024-06-28 00:08:06,291 - 3264729 - [wine.csv, SVC, margin_sampling] - INFO - Processo finalizado
2024-06-28 00:08:15,941 - 3264821 - [climate-simulation-craches.csv, SVC, margin_sampling] - INFO - Processo finalizado
2024-06-28 00:35:15,178 - 3264772 - [parkinsons.csv, SVC, margin_sampling] - INFO - Processo iniciado
2024-06-28 00:35:19,489 - 3264772 - [parkinsons.csv, SVC, margin_sampling] - INFO - Processo finalizado
2024-06-28 00:56:11,318 - 3264806 - [volcanoes-e1.csv, SVC, margin_sampling] - INFO - Processo iniciado
2024-06-28 00:56:22,947 - 3264806 - [volcanoes-e1.csv, SVC, margin_sampling] - INFO - Processo finalizado
2024-06-28 01:22:19,457 - 3264796 - [autoUniv-au1-1000.csv, SVC, margin_sampling] - INFO - Processo iniciado
2024-06-28 01:22:34,591 - 3264796 - [autoUniv-au1-1000.csv, SVC, margin_sampling] - INFO - Processo finalizado
2024-06-28 01:39:07,730 - 3264741 - [flare.csv, SVC, margin_sampling] - INFO - Processo iniciado
2024-06-28 01:39:35,675 - 3264741 - [flare.csv, SVC, margin_sampling] - INFO - Processo finalizado
2024-06-28 02:18:25,530 - 3264763 - [wilt.csv, SVC, margin_sampling] - INFO - Processo iniciado
2024-06-28 02:18:42,445 - 3264763 - [wilt.csv, SVC, margin_sampling] - INFO - Processo finalizado
2024-06-28 03:00:23,510 - 3264788 - [monks3.csv, SVC, margin_sampling] - INFO - Processo iniciado
2024-06-28 03:00:31,408 - 3264788 - [monks3.csv, SVC, margin_sampling] - INFO - Processo finalizado
2024-06-28 04:55:28,395 - 3264772 - [volcanoes-d1.csv, SVC, margin_sampling] - INFO - Processo iniciado
2024-06-28 04:56:12,535 - 3264772 - [volcanoes-d1.csv, SVC, margin_sampling] - INFO - Processo finalizado
2024-06-28 07:19:20,366 - 3264798 - [voting.csv, SVC, margin_sampling] - INFO - Processo iniciado
2024-06-28 07:19:32,715 - 3264798 - [voting.csv, SVC, margin_sampling] - INFO - Processo finalizado
2024-06-28 09:31:03,197 - 3264754 - [thyroid-newthyroid.csv, SVC, margin_sampling] - INFO - Processo iniciado
2024-06-28 09:31:10,593 - 3264754 - [thyroid-newthyroid.csv, SVC, margin_sampling] - INFO - Processo finalizado
2024-06-28 10:14:20,970 - 3264749 - [waveform-v2.csv, SVC, margin_sampling] - INFO - Processo iniciado
2024-06-28 10:15:11,399 - 3264749 - [waveform-v2.csv, SVC, margin_sampling] - INFO - Processo finalizado
2024-06-28 11:59:04,088 - 3264820 - [thyroid-sick-euthyroid.csv, SVC, margin_sampling] - INFO - Processo iniciado
2024-06-28 11:59:36,971 - 3264820 - [thyroid-sick-euthyroid.csv, SVC, margin_sampling] - INFO - Processo finalizado
2024-06-29 00:27:27,023 - 3264770 - [vertebra-column-3c.csv, SVC, margin_sampling] - INFO - Processo iniciado
2024-06-29 00:27:39,515 - 3264770 - [vertebra-column-3c.csv, SVC, margin_sampling] - INFO - Processo finalizado
2024-06-29 02:39:56,651 - 3264779 - [hepatitis.csv, SVC, margin_sampling] - INFO - Processo iniciado
2024-06-29 02:40:03,995 - 3264779 - [hepatitis.csv, SVC, margin_sampling] - INFO - Processo finalizado
2024-06-29 03:33:22,761 - 3264813 - [eeg-eye-state.csv, SVC, margin_sampling] - INFO - Processo iniciado
2024-06-29 03:34:49,562 - 3264813 - [eeg-eye-state.csv, SVC, margin_sampling] - INFO - Processo finalizado
2024-06-29 17:56:13,228 - 3264747 - [mammographic-mass.csv, SVC, margin_sampling] - INFO - Processo iniciado
2024-06-29 17:56:20,911 - 3264747 - [mammographic-mass.csv, SVC, margin_sampling] - INFO - Processo finalizado
2024-06-29 19:20:10,721 - 3264811 - [abalone-3class.csv, SVC, margin_sampling] - INFO - Processo iniciado
2024-06-29 19:20:34,836 - 3264811 - [abalone-3class.csv, SVC, margin_sampling] - INFO - Processo finalizado
2024-06-29 21:49:13,841 - 3264761 - [texture.csv, SVC, margin_sampling] - INFO - Processo iniciado
2024-06-29 21:50:08,729 - 3264761 - [texture.csv, SVC, margin_sampling] - INFO - Processo finalizado
2024-06-30 09:40:23,472 - 3264814 - [lymphography.csv, SVC, margin_sampling] - INFO - Processo iniciado
2024-06-30 09:40:23,492 - 3264814 - [lymphography.csv, SVC, margin_sampling] - WARNING - The least populated class in y has only 2 members, which is less than n_splits=5.
2024-06-30 09:40:30,685 - 3264814 - [lymphography.csv, SVC, margin_sampling] - INFO - Processo finalizado
2024-06-30 12:42:08,186 - 3264744 - [connectionist-mines-vs-rocks.csv, SVC, margin_sampling] - INFO - Processo iniciado
2024-06-30 12:42:13,215 - 3264744 - [connectionist-mines-vs-rocks.csv, SVC, margin_sampling] - INFO - Processo finalizado
2024-06-30 14:13:14,207 - 3264763 - [turkiye-student.csv, SVC, margin_sampling] - INFO - Processo iniciado
2024-06-30 14:14:16,333 - 3264763 - [turkiye-student.csv, SVC, margin_sampling] - INFO - Processo finalizado
2024-06-30 17:38:16,469 - 3264800 - [nursery.csv, SVC, margin_sampling] - INFO - Processo iniciado
2024-06-30 17:38:16,599 - 3264800 - [nursery.csv, SVC, margin_sampling] - WARNING - The least populated class in y has only 2 members, which is less than n_splits=5.
2024-06-30 17:39:31,321 - 3264800 - [nursery.csv, SVC, margin_sampling] - INFO - Processo finalizado
2024-06-30 22:31:52,647 - 3264759 - [user-knowledge.csv, SVC, margin_sampling] - INFO - Processo iniciado
2024-06-30 22:32:03,359 - 3264759 - [user-knowledge.csv, SVC, margin_sampling] - INFO - Processo finalizado
2024-07-01 01:07:36,565 - 3264772 - [monks1.csv, SVC, margin_sampling] - INFO - Processo iniciado
2024-07-01 01:07:44,965 - 3264772 - [monks1.csv, SVC, margin_sampling] - INFO - Processo finalizado
2024-07-01 03:00:17,106 - 3264759 - [balance-scale.csv, SVC, margin_sampling] - INFO - Processo iniciado
2024-07-01 03:00:26,857 - 3264759 - [balance-scale.csv, SVC, margin_sampling] - INFO - Processo finalizado
2024-07-01 04:38:51,296 - 3264796 - [hill-valley-without-noise.csv, SVC, margin_sampling] - INFO - Processo iniciado
2024-07-01 04:39:08,293 - 3264796 - [hill-valley-without-noise.csv, SVC, margin_sampling] - INFO - Processo finalizado
2024-07-01 11:46:02,570 - 3264769 - [statlog-heart.csv, SVC, margin_sampling] - INFO - Processo iniciado
2024-07-01 11:46:10,103 - 3264769 - [statlog-heart.csv, SVC, margin_sampling] - INFO - Processo finalizado
2024-07-01 13:04:02,177 - 3264779 - [wine-quality-red.csv, SVC, margin_sampling] - INFO - Processo iniciado
2024-07-01 13:04:16,873 - 3264779 - [wine-quality-red.csv, SVC, margin_sampling] - INFO - Processo finalizado
2024-07-01 13:55:06,162 - 3264758 - [artificial-characters.csv, SVC, margin_sampling] - INFO - Processo iniciado
2024-07-01 13:56:19,920 - 3264758 - [artificial-characters.csv, SVC, margin_sampling] - INFO - Processo finalizado
2024-07-01 16:57:47,051 - 3264806 - [steel-plates-faults.csv, SVC, margin_sampling] - INFO - Processo iniciado
2024-07-01 16:57:57,421 - 3264806 - [steel-plates-faults.csv, SVC, margin_sampling] - INFO - Processo finalizado
2024-07-01 20:00:49,356 - 3264812 - [phoneme.csv, SVC, margin_sampling] - INFO - Processo iniciado
2024-07-01 20:01:07,987 - 3264812 - [phoneme.csv, SVC, margin_sampling] - INFO - Processo finalizado
2024-07-01 22:00:10,704 - 3264729 - [habermans-survival.csv, SVC, margin_sampling] - INFO - Processo iniciado
2024-07-01 22:00:15,328 - 3264729 - [habermans-survival.csv, SVC, margin_sampling] - INFO - Processo finalizado
2024-07-01 23:09:50,747 - 3264797 - [volcanoes-a3.csv, SVC, margin_sampling] - INFO - Processo iniciado
2024-07-01 23:09:59,531 - 3264797 - [volcanoes-a3.csv, SVC, margin_sampling] - INFO - Processo finalizado
2024-07-01 23:38:46,072 - 3264729 - [autoUniv-au7-700.csv, SVC, margin_sampling] - INFO - Processo iniciado
2024-07-01 23:38:53,440 - 3264729 - [autoUniv-au7-700.csv, SVC, margin_sampling] - INFO - Processo finalizado
2024-07-02 00:02:22,726 - 3264817 - [autoUniv-au6-cd1-400.csv, SVC, margin_sampling] - INFO - Processo iniciado
2024-07-02 00:02:32,679 - 3264817 - [autoUniv-au6-cd1-400.csv, SVC, margin_sampling] - INFO - Processo finalizado
2024-07-02 00:26:50,810 - 3264742 - [page-blocks.csv, SVC, margin_sampling] - INFO - Processo iniciado
2024-07-02 00:27:17,725 - 3264742 - [page-blocks.csv, SVC, margin_sampling] - INFO - Processo finalizado
2024-07-02 01:01:59,709 - 3264752 - [ecoli.csv, SVC, margin_sampling] - INFO - Processo iniciado
2024-07-02 01:01:59,714 - 3264752 - [ecoli.csv, SVC, margin_sampling] - WARNING - The least populated class in y has only 2 members, which is less than n_splits=5.
2024-07-02 01:02:07,879 - 3264752 - [ecoli.csv, SVC, margin_sampling] - INFO - Processo finalizado
2024-07-02 01:18:59,175 - 3264752 - [pendigits.csv, SVC, margin_sampling] - INFO - Processo iniciado
2024-07-02 01:20:23,096 - 3264752 - [pendigits.csv, SVC, margin_sampling] - INFO - Processo finalizado
2024-07-02 03:46:24,893 - 3264803 - [movement-libras.csv, SVC, margin_sampling] - INFO - Processo iniciado
2024-07-02 03:46:42,129 - 3264803 - [movement-libras.csv, SVC, margin_sampling] - INFO - Processo finalizado
2024-07-02 05:29:20,802 - 3264749 - [vertebra-column-2c.csv, SVC, margin_sampling] - INFO - Processo iniciado
2024-07-02 05:29:26,968 - 3264749 - [vertebra-column-2c.csv, SVC, margin_sampling] - INFO - Processo finalizado
2024-07-02 06:47:57,586 - 3264803 - [first-order-theorem.csv, SVC, margin_sampling] - INFO - Processo iniciado
2024-07-02 06:48:44,344 - 3264803 - [first-order-theorem.csv, SVC, margin_sampling] - INFO - Processo finalizado
2024-07-02 16:02:59,715 - 3264820 - [robot-failure-lp5.csv, SVC, margin_sampling] - INFO - Processo iniciado
2024-07-02 16:03:07,110 - 3264820 - [robot-failure-lp5.csv, SVC, margin_sampling] - INFO - Processo finalizado
2024-07-02 17:15:46,189 - 3264768 - [systhetic-control.csv, SVC, margin_sampling] - INFO - Processo iniciado
2024-07-02 17:15:57,374 - 3264768 - [systhetic-control.csv, SVC, margin_sampling] - INFO - Processo finalizado
2024-07-02 20:28:25,976 - 3264755 - [magic.csv, SVC, margin_sampling] - INFO - Processo iniciado
2024-07-02 20:29:25,362 - 3264755 - [magic.csv, SVC, margin_sampling] - INFO - Processo finalizado
2024-07-03 04:51:19,978 - 3556537 - [thyroid-hypothyroid.csv, SVC, margin_sampling] - INFO - Processo iniciado
2024-07-03 04:51:49,198 - 3556537 - [thyroid-hypothyroid.csv, SVC, margin_sampling] - INFO - Processo finalizado
2024-07-03 09:46:21,380 - 3264762 - [bupa.csv, SVC, margin_sampling] - INFO - Processo iniciado
2024-07-03 09:46:27,284 - 3264762 - [bupa.csv, SVC, margin_sampling] - INFO - Processo finalizado
2024-07-03 11:15:03,600 - 3264786 - [heart-disease-processed-cleveland.csv, SVC, margin_sampling] - INFO - Processo iniciado
2024-07-03 11:15:10,728 - 3264786 - [heart-disease-processed-cleveland.csv, SVC, margin_sampling] - INFO - Processo finalizado
2024-07-03 11:40:35,331 - 3556538 - [statlog-australian-credit.csv, SVC, margin_sampling] - INFO - Processo iniciado
2024-07-03 11:40:42,513 - 3556538 - [statlog-australian-credit.csv, SVC, margin_sampling] - INFO - Processo finalizado
2024-07-03 12:16:16,132 - 3264789 - [statlog-german-credit.csv, SVC, margin_sampling] - INFO - Processo iniciado
2024-07-03 12:16:26,043 - 3264789 - [statlog-german-credit.csv, SVC, margin_sampling] - INFO - Processo finalizado
2024-07-03 12:54:58,070 - 3264735 - [kr-vs-kp.csv, SVC, margin_sampling] - INFO - Processo iniciado
2024-07-03 12:55:20,927 - 3264735 - [kr-vs-kp.csv, SVC, margin_sampling] - INFO - Processo finalizado
2024-07-03 16:26:06,189 - 3264811 - [statlog-vehicle-silhouettes.csv, SVC, margin_sampling] - INFO - Processo iniciado
2024-07-03 16:26:17,646 - 3264811 - [statlog-vehicle-silhouettes.csv, SVC, margin_sampling] - INFO - Processo finalizado
2024-07-03 17:40:03,067 - 3264734 - [ionosphere.csv, SVC, margin_sampling] - INFO - Processo iniciado
2024-07-03 17:40:09,412 - 3264734 - [ionosphere.csv, SVC, margin_sampling] - INFO - Processo finalizado
2024-07-03 18:26:42,381 - 3556932 - [mfeat-fourier.csv, SVC, margin_sampling] - INFO - Processo iniciado
2024-07-03 18:27:08,724 - 3556932 - [mfeat-fourier.csv, SVC, margin_sampling] - INFO - Processo finalizado
