2024-06-28 00:08:00,666 - 3264753 - [wine.csv, 5NN, density_weighted_sampling] - INFO - Processo iniciado
2024-06-28 00:08:10,320 - 3264753 - [wine.csv, 5NN, density_weighted_sampling] - INFO - Processo finalizado
2024-06-28 00:19:11,739 - 3264779 - [climate-simulation-craches.csv, 5NN, density_weighted_sampling] - INFO - Processo iniciado
2024-06-28 00:19:29,144 - 3264779 - [climate-simulation-craches.csv, 5NN, density_weighted_sampling] - INFO - Processo finalizado
2024-06-28 00:38:25,947 - 3264764 - [parkinsons.csv, 5NN, density_weighted_sampling] - INFO - Processo iniciado
2024-06-28 00:38:38,378 - 3264764 - [parkinsons.csv, 5NN, density_weighted_sampling] - INFO - Processo finalizado
2024-06-28 01:03:06,684 - 3264772 - [volcanoes-e1.csv, 5NN, density_weighted_sampling] - INFO - Processo iniciado
2024-06-28 01:03:44,307 - 3264772 - [volcanoes-e1.csv, 5NN, density_weighted_sampling] - INFO - Processo finalizado
2024-06-28 01:27:14,762 - 3264758 - [autoUniv-au1-1000.csv, 5NN, density_weighted_sampling] - INFO - Processo iniciado
2024-06-28 01:27:35,616 - 3264758 - [autoUniv-au1-1000.csv, 5NN, density_weighted_sampling] - INFO - Processo finalizado
2024-06-28 01:50:24,997 - 3264809 - [flare.csv, 5NN, density_weighted_sampling] - INFO - Processo iniciado
2024-06-28 01:50:45,196 - 3264809 - [flare.csv, 5NN, density_weighted_sampling] - INFO - Processo finalizado
2024-06-28 02:24:46,346 - 3264774 - [wilt.csv, 5NN, density_weighted_sampling] - INFO - Processo iniciado
2024-06-28 02:33:39,857 - 3264774 - [wilt.csv, 5NN, density_weighted_sampling] - INFO - Processo finalizado
2024-06-28 03:27:43,268 - 3264748 - [monks3.csv, 5NN, density_weighted_sampling] - INFO - Processo iniciado
2024-06-28 03:28:08,321 - 3264748 - [monks3.csv, 5NN, density_weighted_sampling] - INFO - Processo finalizado
2024-06-28 05:16:05,109 - 3264728 - [volcanoes-d1.csv, 5NN, density_weighted_sampling] - INFO - Processo iniciado
2024-06-28 05:35:21,351 - 3264728 - [volcanoes-d1.csv, 5NN, density_weighted_sampling] - INFO - Processo finalizado
2024-06-28 08:20:29,599 - 3264731 - [voting.csv, 5NN, density_weighted_sampling] - INFO - Processo iniciado
2024-06-28 08:20:45,350 - 3264731 - [voting.csv, 5NN, density_weighted_sampling] - INFO - Processo finalizado
2024-06-28 09:50:09,028 - 3264766 - [thyroid-newthyroid.csv, 5NN, density_weighted_sampling] - INFO - Processo iniciado
2024-06-28 09:50:19,090 - 3264766 - [thyroid-newthyroid.csv, 5NN, density_weighted_sampling] - INFO - Processo finalizado
2024-06-28 10:24:03,037 - 3264774 - [waveform-v2.csv, 5NN, density_weighted_sampling] - INFO - Processo iniciado
2024-06-28 10:29:32,683 - 3264774 - [waveform-v2.csv, 5NN, density_weighted_sampling] - INFO - Processo finalizado
2024-06-28 15:34:02,681 - 3264803 - [thyroid-sick-euthyroid.csv, 5NN, density_weighted_sampling] - INFO - Processo iniciado
2024-06-28 15:37:21,365 - 3264803 - [thyroid-sick-euthyroid.csv, 5NN, density_weighted_sampling] - INFO - Processo finalizado
2024-06-29 01:14:02,874 - 3264800 - [vertebra-column-3c.csv, 5NN, density_weighted_sampling] - INFO - Processo iniciado
2024-06-29 01:14:13,784 - 3264800 - [vertebra-column-3c.csv, 5NN, density_weighted_sampling] - INFO - Processo finalizado
2024-06-29 02:54:02,756 - 3264812 - [hepatitis.csv, 5NN, density_weighted_sampling] - INFO - Processo iniciado
2024-06-29 02:54:12,407 - 3264812 - [hepatitis.csv, 5NN, density_weighted_sampling] - INFO - Processo finalizado
2024-06-29 03:51:35,794 - 3264792 - [eeg-eye-state.csv, 5NN, density_weighted_sampling] - INFO - Processo iniciado
2024-06-29 04:26:00,771 - 3264792 - [eeg-eye-state.csv, 5NN, density_weighted_sampling] - INFO - Processo finalizado
2024-06-29 18:36:37,932 - 3264740 - [mammographic-mass.csv, 5NN, density_weighted_sampling] - INFO - Processo iniciado
2024-06-29 18:36:55,974 - 3264740 - [mammographic-mass.csv, 5NN, density_weighted_sampling] - INFO - Processo finalizado
2024-06-29 19:35:25,084 - 3264742 - [abalone-3class.csv, 5NN, density_weighted_sampling] - INFO - Processo iniciado
2024-06-29 19:38:43,564 - 3264742 - [abalone-3class.csv, 5NN, density_weighted_sampling] - INFO - Processo finalizado
2024-06-29 23:03:51,731 - 3264807 - [texture.csv, 5NN, density_weighted_sampling] - INFO - Processo iniciado
2024-06-29 23:09:17,525 - 3264807 - [texture.csv, 5NN, density_weighted_sampling] - INFO - Processo finalizado
2024-06-30 11:28:31,054 - 3264787 - [lymphography.csv, 5NN, density_weighted_sampling] - INFO - Processo iniciado
2024-06-30 11:28:31,075 - 3264787 - [lymphography.csv, 5NN, density_weighted_sampling] - WARNING - The least populated class in y has only 2 members, which is less than n_splits=5.
2024-06-30 11:28:35,880 - 3264787 - [lymphography.csv, 5NN, density_weighted_sampling] - INFO - Processo finalizado
2024-06-30 13:07:24,954 - 3264738 - [connectionist-mines-vs-rocks.csv, 5NN, density_weighted_sampling] - INFO - Processo iniciado
2024-06-30 13:07:30,149 - 3264738 - [connectionist-mines-vs-rocks.csv, 5NN, density_weighted_sampling] - INFO - Processo finalizado
2024-06-30 14:34:03,764 - 3264751 - [turkiye-student.csv, 5NN, density_weighted_sampling] - INFO - Processo iniciado
2024-06-30 14:39:16,547 - 3264751 - [turkiye-student.csv, 5NN, density_weighted_sampling] - INFO - Processo finalizado
2024-06-30 18:26:51,850 - 3264776 - [nursery.csv, 5NN, density_weighted_sampling] - INFO - Processo iniciado
2024-06-30 18:26:51,948 - 3264776 - [nursery.csv, 5NN, density_weighted_sampling] - WARNING - The least populated class in y has only 2 members, which is less than n_splits=5.
2024-06-30 19:02:50,821 - 3264776 - [nursery.csv, 5NN, density_weighted_sampling] - INFO - Processo finalizado
2024-06-30 23:40:31,979 - 3264736 - [user-knowledge.csv, 5NN, density_weighted_sampling] - INFO - Processo iniciado
2024-06-30 23:40:42,658 - 3264736 - [user-knowledge.csv, 5NN, density_weighted_sampling] - INFO - Processo finalizado
2024-07-01 01:34:41,740 - 3264760 - [monks1.csv, 5NN, density_weighted_sampling] - INFO - Processo iniciado
2024-07-01 01:34:54,288 - 3264760 - [monks1.csv, 5NN, density_weighted_sampling] - INFO - Processo finalizado
2024-07-01 03:26:50,021 - 3264772 - [balance-scale.csv, 5NN, density_weighted_sampling] - INFO - Processo iniciado
2024-07-01 03:27:05,687 - 3264772 - [balance-scale.csv, 5NN, density_weighted_sampling] - INFO - Processo finalizado
2024-07-01 06:08:30,799 - 3264796 - [hill-valley-without-noise.csv, 5NN, density_weighted_sampling] - INFO - Processo iniciado
2024-07-01 06:09:10,956 - 3264796 - [hill-valley-without-noise.csv, 5NN, density_weighted_sampling] - INFO - Processo finalizado
2024-07-01 12:16:28,232 - 3264772 - [statlog-heart.csv, 5NN, density_weighted_sampling] - INFO - Processo iniciado
2024-07-01 12:16:36,596 - 3264772 - [statlog-heart.csv, 5NN, density_weighted_sampling] - INFO - Processo finalizado
2024-07-01 13:13:22,267 - 3264800 - [wine-quality-red.csv, 5NN, density_weighted_sampling] - INFO - Processo iniciado
2024-07-01 13:14:02,451 - 3264800 - [wine-quality-red.csv, 5NN, density_weighted_sampling] - INFO - Processo finalizado
2024-07-01 14:15:14,365 - 3264749 - [artificial-characters.csv, 5NN, density_weighted_sampling] - INFO - Processo iniciado
2024-07-01 14:36:49,391 - 3264749 - [artificial-characters.csv, 5NN, density_weighted_sampling] - INFO - Processo finalizado
2024-07-01 18:32:18,362 - 3264822 - [steel-plates-faults.csv, 5NN, density_weighted_sampling] - INFO - Processo iniciado
2024-07-01 18:33:05,415 - 3264822 - [steel-plates-faults.csv, 5NN, density_weighted_sampling] - INFO - Processo finalizado
2024-07-01 20:29:25,415 - 3264741 - [phoneme.csv, 5NN, density_weighted_sampling] - INFO - Processo iniciado
2024-07-01 20:33:47,651 - 3264741 - [phoneme.csv, 5NN, density_weighted_sampling] - INFO - Processo finalizado
2024-07-01 22:29:11,529 - 3264757 - [habermans-survival.csv, 5NN, density_weighted_sampling] - INFO - Processo iniciado
2024-07-01 22:29:17,388 - 3264757 - [habermans-survival.csv, 5NN, density_weighted_sampling] - INFO - Processo finalizado
2024-07-01 23:16:48,169 - 3264772 - [volcanoes-a3.csv, 5NN, density_weighted_sampling] - INFO - Processo iniciado
2024-07-01 23:17:13,265 - 3264772 - [volcanoes-a3.csv, 5NN, density_weighted_sampling] - INFO - Processo finalizado
2024-07-01 23:43:12,915 - 3264785 - [autoUniv-au7-700.csv, 5NN, density_weighted_sampling] - INFO - Processo iniciado
2024-07-01 23:43:22,603 - 3264785 - [autoUniv-au7-700.csv, 5NN, density_weighted_sampling] - INFO - Processo finalizado
2024-07-02 00:12:43,691 - 3264755 - [autoUniv-au6-cd1-400.csv, 5NN, density_weighted_sampling] - INFO - Processo iniciado
2024-07-02 00:12:50,960 - 3264755 - [autoUniv-au6-cd1-400.csv, 5NN, density_weighted_sampling] - INFO - Processo finalizado
2024-07-02 00:31:00,146 - 3264782 - [page-blocks.csv, 5NN, density_weighted_sampling] - INFO - Processo iniciado
2024-07-02 00:35:17,323 - 3264782 - [page-blocks.csv, 5NN, density_weighted_sampling] - INFO - Processo finalizado
2024-07-02 01:06:51,311 - 3264752 - [ecoli.csv, 5NN, density_weighted_sampling] - INFO - Processo iniciado
2024-07-02 01:06:51,316 - 3264752 - [ecoli.csv, 5NN, density_weighted_sampling] - WARNING - The least populated class in y has only 2 members, which is less than n_splits=5.
2024-07-02 01:06:57,909 - 3264752 - [ecoli.csv, 5NN, density_weighted_sampling] - INFO - Processo finalizado
2024-07-02 01:25:40,538 - 3264746 - [pendigits.csv, 5NN, density_weighted_sampling] - INFO - Processo iniciado
2024-07-02 01:42:38,530 - 3264746 - [pendigits.csv, 5NN, density_weighted_sampling] - INFO - Processo finalizado
2024-07-02 04:28:24,633 - 3264729 - [movement-libras.csv, 5NN, density_weighted_sampling] - INFO - Processo iniciado
2024-07-02 04:28:33,978 - 3264729 - [movement-libras.csv, 5NN, density_weighted_sampling] - INFO - Processo finalizado
2024-07-02 05:51:02,242 - 3264796 - [vertebra-column-2c.csv, 5NN, density_weighted_sampling] - INFO - Processo iniciado
2024-07-02 05:51:08,547 - 3264796 - [vertebra-column-2c.csv, 5NN, density_weighted_sampling] - INFO - Processo finalizado
2024-07-02 12:06:18,795 - 3264818 - [first-order-theorem.csv, 5NN, density_weighted_sampling] - INFO - Processo iniciado
2024-07-02 12:12:39,855 - 3264818 - [first-order-theorem.csv, 5NN, density_weighted_sampling] - INFO - Processo finalizado
2024-07-02 16:26:42,101 - 3264751 - [robot-failure-lp5.csv, 5NN, density_weighted_sampling] - INFO - Processo iniciado
2024-07-02 16:26:48,158 - 3264751 - [robot-failure-lp5.csv, 5NN, density_weighted_sampling] - INFO - Processo finalizado
2024-07-02 17:32:40,410 - 3264733 - [systhetic-control.csv, 5NN, density_weighted_sampling] - INFO - Processo iniciado
2024-07-02 17:32:49,599 - 3264733 - [systhetic-control.csv, 5NN, density_weighted_sampling] - INFO - Processo finalizado
2024-07-02 20:56:25,857 - 3264731 - [magic.csv, 5NN, density_weighted_sampling] - INFO - Processo iniciado
2024-07-02 21:42:21,758 - 3264731 - [magic.csv, 5NN, density_weighted_sampling] - INFO - Processo finalizado
2024-07-03 06:13:27,841 - 3264743 - [thyroid-hypothyroid.csv, 5NN, density_weighted_sampling] - INFO - Processo iniciado
2024-07-03 06:15:23,453 - 3264743 - [thyroid-hypothyroid.csv, 5NN, density_weighted_sampling] - INFO - Processo finalizado
2024-07-03 10:21:27,824 - 3264762 - [bupa.csv, 5NN, density_weighted_sampling] - INFO - Processo iniciado
2024-07-03 10:21:34,949 - 3264762 - [bupa.csv, 5NN, density_weighted_sampling] - INFO - Processo finalizado
2024-07-03 11:23:58,549 - 3264805 - [heart-disease-processed-cleveland.csv, 5NN, density_weighted_sampling] - INFO - Processo iniciado
2024-07-03 11:24:05,293 - 3264805 - [heart-disease-processed-cleveland.csv, 5NN, density_weighted_sampling] - INFO - Processo finalizado
2024-07-03 11:47:18,887 - 3264789 - [statlog-australian-credit.csv, 5NN, density_weighted_sampling] - INFO - Processo iniciado
2024-07-03 11:47:29,799 - 3264789 - [statlog-australian-credit.csv, 5NN, density_weighted_sampling] - INFO - Processo finalizado
2024-07-03 12:23:28,211 - 3556537 - [statlog-german-credit.csv, 5NN, density_weighted_sampling] - INFO - Processo iniciado
2024-07-03 12:23:43,925 - 3556537 - [statlog-german-credit.csv, 5NN, density_weighted_sampling] - INFO - Processo finalizado
2024-07-03 13:16:09,702 - 3556510 - [kr-vs-kp.csv, 5NN, density_weighted_sampling] - INFO - Processo iniciado
2024-07-03 13:18:01,795 - 3556510 - [kr-vs-kp.csv, 5NN, density_weighted_sampling] - INFO - Processo finalizado
2024-07-03 16:50:21,811 - 3264807 - [statlog-vehicle-silhouettes.csv, 5NN, density_weighted_sampling] - INFO - Processo iniciado
2024-07-03 16:50:38,080 - 3264807 - [statlog-vehicle-silhouettes.csv, 5NN, density_weighted_sampling] - INFO - Processo finalizado
2024-07-03 17:52:42,096 - 3264817 - [ionosphere.csv, 5NN, density_weighted_sampling] - INFO - Processo iniciado
2024-07-03 17:52:50,181 - 3264817 - [ionosphere.csv, 5NN, density_weighted_sampling] - INFO - Processo finalizado
2024-07-03 18:44:57,986 - 3264775 - [mfeat-fourier.csv, 5NN, density_weighted_sampling] - INFO - Processo iniciado
2024-07-03 18:45:53,636 - 3264775 - [mfeat-fourier.csv, 5NN, density_weighted_sampling] - INFO - Processo finalizado
