2024-06-28 00:08:00,792 - 3264799 - [wine.csv, GaussianNB, density_weighted_sampling] - INFO - Processo iniciado
2024-06-28 00:08:09,347 - 3264799 - [wine.csv, GaussianNB, density_weighted_sampling] - INFO - Processo finalizado
2024-06-28 00:31:35,352 - 3264792 - [climate-simulation-craches.csv, GaussianNB, density_weighted_sampling] - INFO - Processo iniciado
2024-06-28 00:31:44,846 - 3264792 - [climate-simulation-craches.csv, GaussianNB, density_weighted_sampling] - INFO - Processo finalizado
2024-06-28 00:50:43,961 - 3264763 - [parkinsons.csv, GaussianNB, density_weighted_sampling] - INFO - Processo iniciado
2024-06-28 00:50:49,026 - 3264763 - [parkinsons.csv, GaussianNB, density_weighted_sampling] - INFO - Processo finalizado
2024-06-28 01:16:54,311 - 3264776 - [volcanoes-e1.csv, GaussianNB, density_weighted_sampling] - INFO - Processo iniciado
2024-06-28 01:17:15,976 - 3264776 - [volcanoes-e1.csv, GaussianNB, density_weighted_sampling] - INFO - Processo finalizado
2024-06-28 01:33:48,614 - 3264799 - [autoUniv-au1-1000.csv, GaussianNB, density_weighted_sampling] - INFO - Processo iniciado
2024-06-28 01:34:12,368 - 3264799 - [autoUniv-au1-1000.csv, GaussianNB, density_weighted_sampling] - INFO - Processo finalizado
2024-06-28 02:13:51,578 - 3264745 - [flare.csv, GaussianNB, density_weighted_sampling] - INFO - Processo iniciado
2024-06-28 02:14:21,092 - 3264745 - [flare.csv, GaussianNB, density_weighted_sampling] - INFO - Processo finalizado
2024-06-28 02:46:33,434 - 3264791 - [wilt.csv, GaussianNB, density_weighted_sampling] - INFO - Processo iniciado
2024-06-28 02:51:39,736 - 3264791 - [wilt.csv, GaussianNB, density_weighted_sampling] - INFO - Processo finalizado
2024-06-28 04:30:46,535 - 3264811 - [monks3.csv, GaussianNB, density_weighted_sampling] - INFO - Processo iniciado
2024-06-28 04:30:58,453 - 3264811 - [monks3.csv, GaussianNB, density_weighted_sampling] - INFO - Processo finalizado
2024-06-28 06:18:19,173 - 3264751 - [volcanoes-d1.csv, GaussianNB, density_weighted_sampling] - INFO - Processo iniciado
2024-06-28 06:38:58,518 - 3264751 - [volcanoes-d1.csv, GaussianNB, density_weighted_sampling] - INFO - Processo finalizado
2024-06-28 09:15:53,129 - 3264761 - [voting.csv, GaussianNB, density_weighted_sampling] - INFO - Processo iniciado
2024-06-28 09:15:58,941 - 3264761 - [voting.csv, GaussianNB, density_weighted_sampling] - INFO - Processo finalizado
2024-06-28 10:06:53,921 - 3264730 - [thyroid-newthyroid.csv, GaussianNB, density_weighted_sampling] - INFO - Processo iniciado
2024-06-28 10:07:01,165 - 3264730 - [thyroid-newthyroid.csv, GaussianNB, density_weighted_sampling] - INFO - Processo finalizado
2024-06-28 10:42:08,864 - 3264784 - [waveform-v2.csv, GaussianNB, density_weighted_sampling] - INFO - Processo iniciado
2024-06-28 10:48:30,193 - 3264784 - [waveform-v2.csv, GaussianNB, density_weighted_sampling] - INFO - Processo finalizado
2024-06-28 21:47:44,077 - 3264793 - [thyroid-sick-euthyroid.csv, GaussianNB, density_weighted_sampling] - INFO - Processo iniciado
2024-06-28 21:49:57,342 - 3264793 - [thyroid-sick-euthyroid.csv, GaussianNB, density_weighted_sampling] - INFO - Processo finalizado
2024-06-29 02:15:00,096 - 3264797 - [vertebra-column-3c.csv, GaussianNB, density_weighted_sampling] - INFO - Processo iniciado
2024-06-29 02:15:09,347 - 3264797 - [vertebra-column-3c.csv, GaussianNB, density_weighted_sampling] - INFO - Processo finalizado
2024-06-29 03:21:36,086 - 3264733 - [hepatitis.csv, GaussianNB, density_weighted_sampling] - INFO - Processo iniciado
2024-06-29 03:21:44,733 - 3264733 - [hepatitis.csv, GaussianNB, density_weighted_sampling] - INFO - Processo finalizado
2024-06-29 17:00:22,796 - 3264793 - [eeg-eye-state.csv, GaussianNB, density_weighted_sampling] - INFO - Processo iniciado
2024-06-29 17:33:21,059 - 3264793 - [eeg-eye-state.csv, GaussianNB, density_weighted_sampling] - INFO - Processo finalizado
2024-06-29 19:12:34,318 - 3264742 - [mammographic-mass.csv, GaussianNB, density_weighted_sampling] - INFO - Processo iniciado
2024-06-29 19:12:44,346 - 3264742 - [mammographic-mass.csv, GaussianNB, density_weighted_sampling] - INFO - Processo finalizado
2024-06-29 21:13:51,582 - 3264818 - [abalone-3class.csv, GaussianNB, density_weighted_sampling] - INFO - Processo iniciado
2024-06-29 21:16:51,476 - 3264818 - [abalone-3class.csv, GaussianNB, density_weighted_sampling] - INFO - Processo finalizado
2024-06-30 05:24:03,289 - 3264803 - [texture.csv, GaussianNB, density_weighted_sampling] - INFO - Processo iniciado
2024-06-30 05:28:39,720 - 3264803 - [texture.csv, GaussianNB, density_weighted_sampling] - INFO - Processo finalizado
2024-06-30 12:26:20,869 - 3264751 - [lymphography.csv, GaussianNB, density_weighted_sampling] - INFO - Processo iniciado
2024-06-30 12:26:20,878 - 3264751 - [lymphography.csv, GaussianNB, density_weighted_sampling] - WARNING - The least populated class in y has only 2 members, which is less than n_splits=5.
2024-06-30 12:26:24,748 - 3264751 - [lymphography.csv, GaussianNB, density_weighted_sampling] - INFO - Processo finalizado
2024-06-30 13:56:23,251 - 3264817 - [connectionist-mines-vs-rocks.csv, GaussianNB, density_weighted_sampling] - INFO - Processo iniciado
2024-06-30 13:56:27,260 - 3264817 - [connectionist-mines-vs-rocks.csv, GaussianNB, density_weighted_sampling] - INFO - Processo finalizado
2024-06-30 16:50:19,502 - 3264802 - [turkiye-student.csv, GaussianNB, density_weighted_sampling] - INFO - Processo iniciado
2024-06-30 16:56:06,121 - 3264802 - [turkiye-student.csv, GaussianNB, density_weighted_sampling] - INFO - Processo finalizado
2024-06-30 20:59:45,705 - 3264750 - [nursery.csv, GaussianNB, density_weighted_sampling] - INFO - Processo iniciado
2024-06-30 20:59:45,842 - 3264750 - [nursery.csv, GaussianNB, density_weighted_sampling] - WARNING - The least populated class in y has only 2 members, which is less than n_splits=5.
2024-06-30 21:39:43,873 - 3264750 - [nursery.csv, GaussianNB, density_weighted_sampling] - INFO - Processo finalizado
2024-07-01 00:47:12,686 - 3264810 - [user-knowledge.csv, GaussianNB, density_weighted_sampling] - INFO - Processo iniciado
2024-07-01 00:47:20,009 - 3264810 - [user-knowledge.csv, GaussianNB, density_weighted_sampling] - INFO - Processo finalizado
2024-07-01 02:32:54,988 - 3264749 - [monks1.csv, GaussianNB, density_weighted_sampling] - INFO - Processo iniciado
2024-07-01 02:33:05,196 - 3264749 - [monks1.csv, GaussianNB, density_weighted_sampling] - INFO - Processo finalizado
2024-07-01 04:15:21,235 - 3264821 - [balance-scale.csv, GaussianNB, density_weighted_sampling] - INFO - Processo iniciado
2024-07-01 04:15:31,607 - 3264821 - [balance-scale.csv, GaussianNB, density_weighted_sampling] - INFO - Processo finalizado
2024-07-01 09:37:01,156 - 3264762 - [hill-valley-without-noise.csv, GaussianNB, density_weighted_sampling] - INFO - Processo iniciado
2024-07-01 09:37:28,799 - 3264762 - [hill-valley-without-noise.csv, GaussianNB, density_weighted_sampling] - INFO - Processo finalizado
2024-07-01 12:51:03,442 - 3264747 - [statlog-heart.csv, GaussianNB, density_weighted_sampling] - INFO - Processo iniciado
2024-07-01 12:51:07,852 - 3264747 - [statlog-heart.csv, GaussianNB, density_weighted_sampling] - INFO - Processo finalizado
2024-07-01 13:39:02,468 - 3264769 - [wine-quality-red.csv, GaussianNB, density_weighted_sampling] - INFO - Processo iniciado
2024-07-01 13:39:27,532 - 3264769 - [wine-quality-red.csv, GaussianNB, density_weighted_sampling] - INFO - Processo finalizado
2024-07-01 14:57:35,689 - 3264772 - [artificial-characters.csv, GaussianNB, density_weighted_sampling] - INFO - Processo iniciado
2024-07-01 15:17:58,343 - 3264772 - [artificial-characters.csv, GaussianNB, density_weighted_sampling] - INFO - Processo finalizado
2024-07-01 19:38:40,411 - 3264766 - [steel-plates-faults.csv, GaussianNB, density_weighted_sampling] - INFO - Processo iniciado
2024-07-01 19:39:09,876 - 3264766 - [steel-plates-faults.csv, GaussianNB, density_weighted_sampling] - INFO - Processo finalizado
2024-07-01 21:14:13,981 - 3264776 - [phoneme.csv, GaussianNB, density_weighted_sampling] - INFO - Processo iniciado
2024-07-01 21:17:46,050 - 3264776 - [phoneme.csv, GaussianNB, density_weighted_sampling] - INFO - Processo finalizado
2024-07-01 23:03:13,501 - 3264749 - [habermans-survival.csv, GaussianNB, density_weighted_sampling] - INFO - Processo iniciado
2024-07-01 23:03:17,182 - 3264749 - [habermans-survival.csv, GaussianNB, density_weighted_sampling] - INFO - Processo finalizado
2024-07-01 23:33:04,475 - 3264785 - [volcanoes-a3.csv, GaussianNB, density_weighted_sampling] - INFO - Processo iniciado
2024-07-01 23:33:19,908 - 3264785 - [volcanoes-a3.csv, GaussianNB, density_weighted_sampling] - INFO - Processo finalizado
2024-07-01 23:57:37,283 - 3264760 - [autoUniv-au7-700.csv, GaussianNB, density_weighted_sampling] - INFO - Processo iniciado
2024-07-01 23:57:43,566 - 3264760 - [autoUniv-au7-700.csv, GaussianNB, density_weighted_sampling] - INFO - Processo finalizado
2024-07-02 00:24:17,996 - 3264797 - [autoUniv-au6-cd1-400.csv, GaussianNB, density_weighted_sampling] - INFO - Processo iniciado
2024-07-02 00:24:23,235 - 3264797 - [autoUniv-au6-cd1-400.csv, GaussianNB, density_weighted_sampling] - INFO - Processo finalizado
2024-07-02 00:48:40,476 - 3264732 - [page-blocks.csv, GaussianNB, density_weighted_sampling] - INFO - Processo iniciado
2024-07-02 00:52:29,873 - 3264732 - [page-blocks.csv, GaussianNB, density_weighted_sampling] - INFO - Processo finalizado
2024-07-02 01:16:21,899 - 3264751 - [ecoli.csv, GaussianNB, density_weighted_sampling] - INFO - Processo iniciado
2024-07-02 01:16:21,905 - 3264751 - [ecoli.csv, GaussianNB, density_weighted_sampling] - WARNING - The least populated class in y has only 2 members, which is less than n_splits=5.
2024-07-02 01:16:27,159 - 3264751 - [ecoli.csv, GaussianNB, density_weighted_sampling] - INFO - Processo finalizado
2024-07-02 03:04:10,127 - 3264735 - [pendigits.csv, GaussianNB, density_weighted_sampling] - INFO - Processo iniciado
2024-07-02 03:21:14,781 - 3264735 - [pendigits.csv, GaussianNB, density_weighted_sampling] - INFO - Processo finalizado
2024-07-02 05:07:26,050 - 3264799 - [movement-libras.csv, GaussianNB, density_weighted_sampling] - INFO - Processo iniciado
2024-07-02 05:07:34,076 - 3264799 - [movement-libras.csv, GaussianNB, density_weighted_sampling] - INFO - Processo finalizado
2024-07-02 06:29:32,401 - 3264794 - [vertebra-column-2c.csv, GaussianNB, density_weighted_sampling] - INFO - Processo iniciado
2024-07-02 06:29:37,106 - 3264794 - [vertebra-column-2c.csv, GaussianNB, density_weighted_sampling] - INFO - Processo finalizado
2024-07-02 14:54:29,114 - 3264822 - [first-order-theorem.csv, GaussianNB, density_weighted_sampling] - INFO - Processo iniciado
2024-07-02 14:59:46,893 - 3264822 - [first-order-theorem.csv, GaussianNB, density_weighted_sampling] - INFO - Processo finalizado
2024-07-02 16:57:34,313 - 3264794 - [robot-failure-lp5.csv, GaussianNB, density_weighted_sampling] - INFO - Processo iniciado
2024-07-02 16:57:38,792 - 3264794 - [robot-failure-lp5.csv, GaussianNB, density_weighted_sampling] - INFO - Processo finalizado
2024-07-02 19:10:52,989 - 3264755 - [systhetic-control.csv, GaussianNB, density_weighted_sampling] - INFO - Processo iniciado
2024-07-02 19:10:59,973 - 3264755 - [systhetic-control.csv, GaussianNB, density_weighted_sampling] - INFO - Processo finalizado
2024-07-03 04:45:34,498 - 3556302 - [magic.csv, GaussianNB, density_weighted_sampling] - INFO - Processo iniciado
2024-07-03 05:40:08,009 - 3556302 - [magic.csv, GaussianNB, density_weighted_sampling] - INFO - Processo finalizado
2024-07-03 09:02:03,976 - 3264772 - [thyroid-hypothyroid.csv, GaussianNB, density_weighted_sampling] - INFO - Processo iniciado
2024-07-03 09:03:47,038 - 3264772 - [thyroid-hypothyroid.csv, GaussianNB, density_weighted_sampling] - INFO - Processo finalizado
2024-07-03 11:02:01,588 - 3264736 - [bupa.csv, GaussianNB, density_weighted_sampling] - INFO - Processo iniciado
2024-07-03 11:02:05,603 - 3264736 - [bupa.csv, GaussianNB, density_weighted_sampling] - INFO - Processo finalizado
2024-07-03 11:34:59,417 - 3556538 - [heart-disease-processed-cleveland.csv, GaussianNB, density_weighted_sampling] - INFO - Processo iniciado
2024-07-03 11:35:03,342 - 3556538 - [heart-disease-processed-cleveland.csv, GaussianNB, density_weighted_sampling] - INFO - Processo finalizado
2024-07-03 12:09:07,583 - 3264761 - [statlog-australian-credit.csv, GaussianNB, density_weighted_sampling] - INFO - Processo iniciado
2024-07-03 12:09:14,023 - 3264761 - [statlog-australian-credit.csv, GaussianNB, density_weighted_sampling] - INFO - Processo finalizado
2024-07-03 12:43:09,654 - 3556300 - [statlog-german-credit.csv, GaussianNB, density_weighted_sampling] - INFO - Processo iniciado
2024-07-03 12:43:19,407 - 3556300 - [statlog-german-credit.csv, GaussianNB, density_weighted_sampling] - INFO - Processo finalizado
2024-07-03 13:47:04,235 - 3556932 - [kr-vs-kp.csv, GaussianNB, density_weighted_sampling] - INFO - Processo iniciado
2024-07-03 13:49:40,074 - 3556932 - [kr-vs-kp.csv, GaussianNB, density_weighted_sampling] - INFO - Processo finalizado
2024-07-03 17:17:28,008 - 3264780 - [statlog-vehicle-silhouettes.csv, GaussianNB, density_weighted_sampling] - INFO - Processo iniciado
2024-07-03 17:17:36,834 - 3264780 - [statlog-vehicle-silhouettes.csv, GaussianNB, density_weighted_sampling] - INFO - Processo finalizado
2024-07-03 18:19:42,068 - 3264745 - [ionosphere.csv, GaussianNB, density_weighted_sampling] - INFO - Processo iniciado
2024-07-03 18:19:46,696 - 3264745 - [ionosphere.csv, GaussianNB, density_weighted_sampling] - INFO - Processo finalizado
2024-07-03 18:58:32,572 - 3264744 - [mfeat-fourier.csv, GaussianNB, density_weighted_sampling] - INFO - Processo iniciado
2024-07-03 18:59:05,892 - 3264744 - [mfeat-fourier.csv, GaussianNB, density_weighted_sampling] - INFO - Processo finalizado
