2024-06-28 00:08:00,786 - 3264798 - [wine.csv, GaussianNB, margin_sampling] - INFO - Processo iniciado
2024-06-28 00:08:09,466 - 3264798 - [wine.csv, GaussianNB, margin_sampling] - INFO - Processo finalizado
2024-06-28 00:31:32,795 - 3264804 - [climate-simulation-craches.csv, GaussianNB, margin_sampling] - INFO - Processo iniciado
2024-06-28 00:31:35,968 - 3264804 - [climate-simulation-craches.csv, GaussianNB, margin_sampling] - INFO - Processo finalizado
2024-06-28 00:50:40,341 - 3264763 - [parkinsons.csv, GaussianNB, margin_sampling] - INFO - Processo iniciado
2024-06-28 00:50:43,959 - 3264763 - [parkinsons.csv, GaussianNB, margin_sampling] - INFO - Processo finalizado
2024-06-28 01:16:46,601 - 3264776 - [volcanoes-e1.csv, GaussianNB, margin_sampling] - INFO - Processo iniciado
2024-06-28 01:16:54,302 - 3264776 - [volcanoes-e1.csv, GaussianNB, margin_sampling] - INFO - Processo finalizado
2024-06-28 01:33:40,006 - 3264799 - [autoUniv-au1-1000.csv, GaussianNB, margin_sampling] - INFO - Processo iniciado
2024-06-28 01:33:48,607 - 3264799 - [autoUniv-au1-1000.csv, GaussianNB, margin_sampling] - INFO - Processo finalizado
2024-06-28 02:13:46,338 - 3264807 - [flare.csv, GaussianNB, margin_sampling] - INFO - Processo iniciado
2024-06-28 02:13:54,889 - 3264807 - [flare.csv, GaussianNB, margin_sampling] - INFO - Processo finalizado
2024-06-28 02:46:31,163 - 3264781 - [wilt.csv, GaussianNB, margin_sampling] - INFO - Processo iniciado
2024-06-28 02:46:41,801 - 3264781 - [wilt.csv, GaussianNB, margin_sampling] - INFO - Processo finalizado
2024-06-28 04:30:38,218 - 3264811 - [monks3.csv, GaussianNB, margin_sampling] - INFO - Processo iniciado
2024-06-28 04:30:46,534 - 3264811 - [monks3.csv, GaussianNB, margin_sampling] - INFO - Processo finalizado
2024-06-28 06:18:12,142 - 3264751 - [volcanoes-d1.csv, GaussianNB, margin_sampling] - INFO - Processo iniciado
2024-06-28 06:18:19,163 - 3264751 - [volcanoes-d1.csv, GaussianNB, margin_sampling] - INFO - Processo finalizado
2024-06-28 09:15:47,280 - 3264761 - [voting.csv, GaussianNB, margin_sampling] - INFO - Processo iniciado
2024-06-28 09:15:53,128 - 3264761 - [voting.csv, GaussianNB, margin_sampling] - INFO - Processo finalizado
2024-06-28 10:06:49,710 - 3264730 - [thyroid-newthyroid.csv, GaussianNB, margin_sampling] - INFO - Processo iniciado
2024-06-28 10:06:53,918 - 3264730 - [thyroid-newthyroid.csv, GaussianNB, margin_sampling] - INFO - Processo finalizado
2024-06-28 10:41:55,035 - 3264784 - [waveform-v2.csv, GaussianNB, margin_sampling] - INFO - Processo iniciado
2024-06-28 10:42:08,859 - 3264784 - [waveform-v2.csv, GaussianNB, margin_sampling] - INFO - Processo finalizado
2024-06-28 21:47:33,346 - 3264793 - [thyroid-sick-euthyroid.csv, GaussianNB, margin_sampling] - INFO - Processo iniciado
2024-06-28 21:47:44,074 - 3264793 - [thyroid-sick-euthyroid.csv, GaussianNB, margin_sampling] - INFO - Processo finalizado
2024-06-29 02:14:52,085 - 3264797 - [vertebra-column-3c.csv, GaussianNB, margin_sampling] - INFO - Processo iniciado
2024-06-29 02:15:00,095 - 3264797 - [vertebra-column-3c.csv, GaussianNB, margin_sampling] - INFO - Processo finalizado
2024-06-29 03:21:28,489 - 3264733 - [hepatitis.csv, GaussianNB, margin_sampling] - INFO - Processo iniciado
2024-06-29 03:21:36,081 - 3264733 - [hepatitis.csv, GaussianNB, margin_sampling] - INFO - Processo finalizado
2024-06-29 17:00:11,896 - 3264793 - [eeg-eye-state.csv, GaussianNB, margin_sampling] - INFO - Processo iniciado
2024-06-29 17:00:22,791 - 3264793 - [eeg-eye-state.csv, GaussianNB, margin_sampling] - INFO - Processo finalizado
2024-06-29 19:12:30,108 - 3264742 - [mammographic-mass.csv, GaussianNB, margin_sampling] - INFO - Processo iniciado
2024-06-29 19:12:34,314 - 3264742 - [mammographic-mass.csv, GaussianNB, margin_sampling] - INFO - Processo finalizado
2024-06-29 21:13:44,814 - 3264818 - [abalone-3class.csv, GaussianNB, margin_sampling] - INFO - Processo iniciado
2024-06-29 21:13:51,576 - 3264818 - [abalone-3class.csv, GaussianNB, margin_sampling] - INFO - Processo finalizado
2024-06-30 05:23:46,726 - 3264803 - [texture.csv, GaussianNB, margin_sampling] - INFO - Processo iniciado
2024-06-30 05:24:03,288 - 3264803 - [texture.csv, GaussianNB, margin_sampling] - INFO - Processo finalizado
2024-06-30 12:26:17,578 - 3264733 - [lymphography.csv, GaussianNB, margin_sampling] - INFO - Processo iniciado
2024-06-30 12:26:17,601 - 3264733 - [lymphography.csv, GaussianNB, margin_sampling] - WARNING - The least populated class in y has only 2 members, which is less than n_splits=5.
2024-06-30 12:26:22,229 - 3264733 - [lymphography.csv, GaussianNB, margin_sampling] - INFO - Processo finalizado
2024-06-30 13:56:19,801 - 3264817 - [connectionist-mines-vs-rocks.csv, GaussianNB, margin_sampling] - INFO - Processo iniciado
2024-06-30 13:56:23,250 - 3264817 - [connectionist-mines-vs-rocks.csv, GaussianNB, margin_sampling] - INFO - Processo finalizado
2024-06-30 16:50:02,377 - 3264802 - [turkiye-student.csv, GaussianNB, margin_sampling] - INFO - Processo iniciado
2024-06-30 16:50:19,498 - 3264802 - [turkiye-student.csv, GaussianNB, margin_sampling] - INFO - Processo finalizado
2024-06-30 20:59:20,297 - 3264750 - [nursery.csv, GaussianNB, margin_sampling] - INFO - Processo iniciado
2024-06-30 20:59:20,439 - 3264750 - [nursery.csv, GaussianNB, margin_sampling] - WARNING - The least populated class in y has only 2 members, which is less than n_splits=5.
2024-06-30 20:59:45,703 - 3264750 - [nursery.csv, GaussianNB, margin_sampling] - INFO - Processo finalizado
2024-07-01 00:47:05,460 - 3264810 - [user-knowledge.csv, GaussianNB, margin_sampling] - INFO - Processo iniciado
2024-07-01 00:47:12,678 - 3264810 - [user-knowledge.csv, GaussianNB, margin_sampling] - INFO - Processo finalizado
2024-07-01 02:32:49,740 - 3264749 - [monks1.csv, GaussianNB, margin_sampling] - INFO - Processo iniciado
2024-07-01 02:32:54,985 - 3264749 - [monks1.csv, GaussianNB, margin_sampling] - INFO - Processo finalizado
2024-07-01 04:15:14,951 - 3264821 - [balance-scale.csv, GaussianNB, margin_sampling] - INFO - Processo iniciado
2024-07-01 04:15:21,232 - 3264821 - [balance-scale.csv, GaussianNB, margin_sampling] - INFO - Processo finalizado
2024-07-01 09:36:52,641 - 3264762 - [hill-valley-without-noise.csv, GaussianNB, margin_sampling] - INFO - Processo iniciado
2024-07-01 09:37:01,148 - 3264762 - [hill-valley-without-noise.csv, GaussianNB, margin_sampling] - INFO - Processo finalizado
2024-07-01 12:50:58,503 - 3264747 - [statlog-heart.csv, GaussianNB, margin_sampling] - INFO - Processo iniciado
2024-07-01 12:51:03,440 - 3264747 - [statlog-heart.csv, GaussianNB, margin_sampling] - INFO - Processo finalizado
2024-07-01 13:38:58,249 - 3264821 - [wine-quality-red.csv, GaussianNB, margin_sampling] - INFO - Processo iniciado
2024-07-01 13:39:04,367 - 3264821 - [wine-quality-red.csv, GaussianNB, margin_sampling] - INFO - Processo finalizado
2024-07-01 14:57:21,361 - 3264772 - [artificial-characters.csv, GaussianNB, margin_sampling] - INFO - Processo iniciado
2024-07-01 14:57:35,687 - 3264772 - [artificial-characters.csv, GaussianNB, margin_sampling] - INFO - Processo finalizado
2024-07-01 19:38:35,838 - 3264766 - [steel-plates-faults.csv, GaussianNB, margin_sampling] - INFO - Processo iniciado
2024-07-01 19:38:40,409 - 3264766 - [steel-plates-faults.csv, GaussianNB, margin_sampling] - INFO - Processo finalizado
2024-07-01 21:14:09,642 - 3264776 - [phoneme.csv, GaussianNB, margin_sampling] - INFO - Processo iniciado
2024-07-01 21:14:13,980 - 3264776 - [phoneme.csv, GaussianNB, margin_sampling] - INFO - Processo finalizado
2024-07-01 23:03:11,687 - 3264794 - [habermans-survival.csv, GaussianNB, margin_sampling] - INFO - Processo iniciado
2024-07-01 23:03:15,393 - 3264794 - [habermans-survival.csv, GaussianNB, margin_sampling] - INFO - Processo finalizado
2024-07-01 23:33:03,641 - 3264748 - [volcanoes-a3.csv, GaussianNB, margin_sampling] - INFO - Processo iniciado
2024-07-01 23:33:07,497 - 3264748 - [volcanoes-a3.csv, GaussianNB, margin_sampling] - INFO - Processo finalizado
2024-07-01 23:57:34,273 - 3264796 - [autoUniv-au7-700.csv, GaussianNB, margin_sampling] - INFO - Processo iniciado
2024-07-01 23:57:38,168 - 3264796 - [autoUniv-au7-700.csv, GaussianNB, margin_sampling] - INFO - Processo finalizado
2024-07-02 00:24:15,384 - 3264809 - [autoUniv-au6-cd1-400.csv, GaussianNB, margin_sampling] - INFO - Processo iniciado
2024-07-02 00:24:19,925 - 3264809 - [autoUniv-au6-cd1-400.csv, GaussianNB, margin_sampling] - INFO - Processo finalizado
2024-07-02 00:48:34,482 - 3264732 - [page-blocks.csv, GaussianNB, margin_sampling] - INFO - Processo iniciado
2024-07-02 00:48:40,475 - 3264732 - [page-blocks.csv, GaussianNB, margin_sampling] - INFO - Processo finalizado
2024-07-02 01:16:17,415 - 3264751 - [ecoli.csv, GaussianNB, margin_sampling] - INFO - Processo iniciado
2024-07-02 01:16:17,420 - 3264751 - [ecoli.csv, GaussianNB, margin_sampling] - WARNING - The least populated class in y has only 2 members, which is less than n_splits=5.
2024-07-02 01:16:21,898 - 3264751 - [ecoli.csv, GaussianNB, margin_sampling] - INFO - Processo finalizado
2024-07-02 03:03:57,382 - 3264735 - [pendigits.csv, GaussianNB, margin_sampling] - INFO - Processo iniciado
2024-07-02 03:04:10,124 - 3264735 - [pendigits.csv, GaussianNB, margin_sampling] - INFO - Processo finalizado
2024-07-02 05:07:18,996 - 3264799 - [movement-libras.csv, GaussianNB, margin_sampling] - INFO - Processo iniciado
2024-07-02 05:07:26,045 - 3264799 - [movement-libras.csv, GaussianNB, margin_sampling] - INFO - Processo finalizado
2024-07-02 06:29:28,673 - 3264794 - [vertebra-column-2c.csv, GaussianNB, margin_sampling] - INFO - Processo iniciado
2024-07-02 06:29:32,400 - 3264794 - [vertebra-column-2c.csv, GaussianNB, margin_sampling] - INFO - Processo finalizado
2024-07-02 14:54:16,919 - 3264822 - [first-order-theorem.csv, GaussianNB, margin_sampling] - INFO - Processo iniciado
2024-07-02 14:54:29,113 - 3264822 - [first-order-theorem.csv, GaussianNB, margin_sampling] - INFO - Processo finalizado
2024-07-02 16:57:30,131 - 3264794 - [robot-failure-lp5.csv, GaussianNB, margin_sampling] - INFO - Processo iniciado
2024-07-02 16:57:34,312 - 3264794 - [robot-failure-lp5.csv, GaussianNB, margin_sampling] - INFO - Processo finalizado
2024-07-02 19:10:48,095 - 3264755 - [systhetic-control.csv, GaussianNB, margin_sampling] - INFO - Processo iniciado
2024-07-02 19:10:52,988 - 3264755 - [systhetic-control.csv, GaussianNB, margin_sampling] - INFO - Processo finalizado
2024-07-03 04:45:32,622 - 3556301 - [magic.csv, GaussianNB, margin_sampling] - INFO - Processo iniciado
2024-07-03 04:45:43,205 - 3556301 - [magic.csv, GaussianNB, margin_sampling] - INFO - Processo finalizado
2024-07-03 09:01:57,189 - 3264772 - [thyroid-hypothyroid.csv, GaussianNB, margin_sampling] - INFO - Processo iniciado
2024-07-03 09:02:03,974 - 3264772 - [thyroid-hypothyroid.csv, GaussianNB, margin_sampling] - INFO - Processo finalizado
2024-07-03 11:02:00,590 - 3556538 - [bupa.csv, GaussianNB, margin_sampling] - INFO - Processo iniciado
2024-07-03 11:02:04,154 - 3556538 - [bupa.csv, GaussianNB, margin_sampling] - INFO - Processo finalizado
2024-07-03 11:34:58,529 - 3264811 - [heart-disease-processed-cleveland.csv, GaussianNB, margin_sampling] - INFO - Processo iniciado
2024-07-03 11:35:02,411 - 3264811 - [heart-disease-processed-cleveland.csv, GaussianNB, margin_sampling] - INFO - Processo finalizado
2024-07-03 12:09:03,664 - 3264761 - [statlog-australian-credit.csv, GaussianNB, margin_sampling] - INFO - Processo iniciado
2024-07-03 12:09:07,578 - 3264761 - [statlog-australian-credit.csv, GaussianNB, margin_sampling] - INFO - Processo finalizado
2024-07-03 12:43:05,476 - 3556300 - [statlog-german-credit.csv, GaussianNB, margin_sampling] - INFO - Processo iniciado
2024-07-03 12:43:09,653 - 3556300 - [statlog-german-credit.csv, GaussianNB, margin_sampling] - INFO - Processo finalizado
2024-07-03 13:46:54,888 - 3556932 - [kr-vs-kp.csv, GaussianNB, margin_sampling] - INFO - Processo iniciado
2024-07-03 13:47:04,229 - 3556932 - [kr-vs-kp.csv, GaussianNB, margin_sampling] - INFO - Processo finalizado
2024-07-03 17:17:27,207 - 3264766 - [statlog-vehicle-silhouettes.csv, GaussianNB, margin_sampling] - INFO - Processo iniciado
2024-07-03 17:17:31,326 - 3264766 - [statlog-vehicle-silhouettes.csv, GaussianNB, margin_sampling] - INFO - Processo finalizado
2024-07-03 18:19:40,094 - 3264764 - [ionosphere.csv, GaussianNB, margin_sampling] - INFO - Processo iniciado
2024-07-03 18:19:43,929 - 3264764 - [ionosphere.csv, GaussianNB, margin_sampling] - INFO - Processo finalizado
2024-07-03 18:58:21,728 - 3264744 - [mfeat-fourier.csv, GaussianNB, margin_sampling] - INFO - Processo iniciado
2024-07-03 18:58:32,571 - 3264744 - [mfeat-fourier.csv, GaussianNB, margin_sampling] - INFO - Processo finalizado
