2024-06-28 00:08:00,709 - 3264774 - [wine.csv, DecisionTree, random_sampling] - INFO - Processo iniciado
2024-06-28 00:08:07,702 - 3264774 - [wine.csv, DecisionTree, random_sampling] - INFO - Processo finalizado
2024-06-28 00:27:34,297 - 3264783 - [climate-simulation-craches.csv, DecisionTree, random_sampling] - INFO - Processo iniciado
2024-06-28 00:27:40,617 - 3264783 - [climate-simulation-craches.csv, DecisionTree, random_sampling] - INFO - Processo finalizado
2024-06-28 00:42:58,665 - 3264739 - [parkinsons.csv, DecisionTree, random_sampling] - INFO - Processo iniciado
2024-06-28 00:43:02,468 - 3264739 - [parkinsons.csv, DecisionTree, random_sampling] - INFO - Processo finalizado
2024-06-28 01:12:08,570 - 3264751 - [volcanoes-e1.csv, DecisionTree, random_sampling] - INFO - Processo iniciado
2024-06-28 01:12:12,505 - 3264751 - [volcanoes-e1.csv, DecisionTree, random_sampling] - INFO - Processo finalizado
2024-06-28 01:30:09,612 - 3264761 - [autoUniv-au1-1000.csv, DecisionTree, random_sampling] - INFO - Processo iniciado
2024-06-28 01:30:12,936 - 3264761 - [autoUniv-au1-1000.csv, DecisionTree, random_sampling] - INFO - Processo finalizado
2024-06-28 02:06:15,186 - 3264821 - [flare.csv, DecisionTree, random_sampling] - INFO - Processo iniciado
2024-06-28 02:06:21,351 - 3264821 - [flare.csv, DecisionTree, random_sampling] - INFO - Processo finalizado
2024-06-28 02:34:29,300 - 3264747 - [wilt.csv, DecisionTree, random_sampling] - INFO - Processo iniciado
2024-06-28 02:34:32,910 - 3264747 - [wilt.csv, DecisionTree, random_sampling] - INFO - Processo finalizado
2024-06-28 03:56:09,868 - 3264760 - [monks3.csv, DecisionTree, random_sampling] - INFO - Processo iniciado
2024-06-28 03:56:15,288 - 3264760 - [monks3.csv, DecisionTree, random_sampling] - INFO - Processo finalizado
2024-06-28 05:41:10,823 - 3264739 - [volcanoes-d1.csv, DecisionTree, random_sampling] - INFO - Processo iniciado
2024-06-28 05:41:16,513 - 3264739 - [volcanoes-d1.csv, DecisionTree, random_sampling] - INFO - Processo finalizado
2024-06-28 08:53:56,760 - 3264767 - [voting.csv, DecisionTree, random_sampling] - INFO - Processo iniciado
2024-06-28 08:54:03,820 - 3264767 - [voting.csv, DecisionTree, random_sampling] - INFO - Processo finalizado
2024-06-28 09:59:15,024 - 3264769 - [thyroid-newthyroid.csv, DecisionTree, random_sampling] - INFO - Processo iniciado
2024-06-28 09:59:20,785 - 3264769 - [thyroid-newthyroid.csv, DecisionTree, random_sampling] - INFO - Processo finalizado
2024-06-28 10:29:32,686 - 3264774 - [waveform-v2.csv, DecisionTree, random_sampling] - INFO - Processo iniciado
2024-06-28 10:29:40,032 - 3264774 - [waveform-v2.csv, DecisionTree, random_sampling] - INFO - Processo finalizado
2024-06-28 18:23:49,349 - 3264757 - [thyroid-sick-euthyroid.csv, DecisionTree, random_sampling] - INFO - Processo iniciado
2024-06-28 18:23:57,061 - 3264757 - [thyroid-sick-euthyroid.csv, DecisionTree, random_sampling] - INFO - Processo finalizado
2024-06-29 01:45:09,146 - 3264741 - [vertebra-column-3c.csv, DecisionTree, random_sampling] - INFO - Processo iniciado
2024-06-29 01:45:13,637 - 3264741 - [vertebra-column-3c.csv, DecisionTree, random_sampling] - INFO - Processo finalizado
2024-06-29 03:12:08,517 - 3264797 - [hepatitis.csv, DecisionTree, random_sampling] - INFO - Processo iniciado
2024-06-29 03:12:17,166 - 3264797 - [hepatitis.csv, DecisionTree, random_sampling] - INFO - Processo finalizado
2024-06-29 14:14:22,217 - 3264805 - [eeg-eye-state.csv, DecisionTree, random_sampling] - INFO - Processo iniciado
2024-06-29 14:14:29,068 - 3264805 - [eeg-eye-state.csv, DecisionTree, random_sampling] - INFO - Processo finalizado
2024-06-29 18:54:07,698 - 3264819 - [mammographic-mass.csv, DecisionTree, random_sampling] - INFO - Processo iniciado
2024-06-29 18:54:11,205 - 3264819 - [mammographic-mass.csv, DecisionTree, random_sampling] - INFO - Processo finalizado
2024-06-29 19:53:11,943 - 3264770 - [abalone-3class.csv, DecisionTree, random_sampling] - INFO - Processo iniciado
2024-06-29 19:53:16,637 - 3264770 - [abalone-3class.csv, DecisionTree, random_sampling] - INFO - Processo finalizado
2024-06-29 23:44:54,058 - 3264795 - [texture.csv, DecisionTree, random_sampling] - INFO - Processo iniciado
2024-06-29 23:45:00,439 - 3264795 - [texture.csv, DecisionTree, random_sampling] - INFO - Processo finalizado
2024-06-30 12:11:23,355 - 3264740 - [lymphography.csv, DecisionTree, random_sampling] - INFO - Processo iniciado
2024-06-30 12:11:23,364 - 3264740 - [lymphography.csv, DecisionTree, random_sampling] - WARNING - The least populated class in y has only 2 members, which is less than n_splits=5.
2024-06-30 12:11:26,187 - 3264740 - [lymphography.csv, DecisionTree, random_sampling] - INFO - Processo finalizado
2024-06-30 13:32:45,551 - 3264804 - [connectionist-mines-vs-rocks.csv, DecisionTree, random_sampling] - INFO - Processo iniciado
2024-06-30 13:32:49,342 - 3264804 - [connectionist-mines-vs-rocks.csv, DecisionTree, random_sampling] - INFO - Processo finalizado
2024-06-30 15:22:24,398 - 3264771 - [turkiye-student.csv, DecisionTree, random_sampling] - INFO - Processo iniciado
2024-06-30 15:22:29,668 - 3264771 - [turkiye-student.csv, DecisionTree, random_sampling] - INFO - Processo finalizado
2024-06-30 19:38:25,394 - 3264793 - [nursery.csv, DecisionTree, random_sampling] - INFO - Processo iniciado
2024-06-30 19:38:25,512 - 3264793 - [nursery.csv, DecisionTree, random_sampling] - WARNING - The least populated class in y has only 2 members, which is less than n_splits=5.
2024-06-30 19:38:35,354 - 3264793 - [nursery.csv, DecisionTree, random_sampling] - INFO - Processo finalizado
2024-07-01 00:15:24,932 - 3264820 - [user-knowledge.csv, DecisionTree, random_sampling] - INFO - Processo iniciado
2024-07-01 00:15:31,168 - 3264820 - [user-knowledge.csv, DecisionTree, random_sampling] - INFO - Processo finalizado
2024-07-01 02:06:15,531 - 3264821 - [monks1.csv, DecisionTree, random_sampling] - INFO - Processo iniciado
2024-07-01 02:06:21,664 - 3264821 - [monks1.csv, DecisionTree, random_sampling] - INFO - Processo finalizado
2024-07-01 03:50:21,189 - 3264821 - [balance-scale.csv, DecisionTree, random_sampling] - INFO - Processo iniciado
2024-07-01 03:50:26,606 - 3264821 - [balance-scale.csv, DecisionTree, random_sampling] - INFO - Processo finalizado
2024-07-01 07:05:40,473 - 3264822 - [hill-valley-without-noise.csv, DecisionTree, random_sampling] - INFO - Processo iniciado
2024-07-01 07:05:50,396 - 3264822 - [hill-valley-without-noise.csv, DecisionTree, random_sampling] - INFO - Processo finalizado
2024-07-01 12:35:36,903 - 3264753 - [statlog-heart.csv, DecisionTree, random_sampling] - INFO - Processo iniciado
2024-07-01 12:35:41,691 - 3264753 - [statlog-heart.csv, DecisionTree, random_sampling] - INFO - Processo finalizado
2024-07-01 13:23:22,116 - 3264811 - [wine-quality-red.csv, DecisionTree, random_sampling] - INFO - Processo iniciado
2024-07-01 13:23:26,638 - 3264811 - [wine-quality-red.csv, DecisionTree, random_sampling] - INFO - Processo finalizado
2024-07-01 14:33:20,628 - 3264795 - [artificial-characters.csv, DecisionTree, random_sampling] - INFO - Processo iniciado
2024-07-01 14:33:27,127 - 3264795 - [artificial-characters.csv, DecisionTree, random_sampling] - INFO - Processo finalizado
2024-07-01 19:10:47,601 - 3264809 - [steel-plates-faults.csv, DecisionTree, random_sampling] - INFO - Processo iniciado
2024-07-01 19:10:51,663 - 3264809 - [steel-plates-faults.csv, DecisionTree, random_sampling] - INFO - Processo finalizado
2024-07-01 20:46:20,159 - 3264778 - [phoneme.csv, DecisionTree, random_sampling] - INFO - Processo iniciado
2024-07-01 20:46:24,564 - 3264778 - [phoneme.csv, DecisionTree, random_sampling] - INFO - Processo finalizado
2024-07-01 22:51:33,287 - 3264821 - [habermans-survival.csv, DecisionTree, random_sampling] - INFO - Processo iniciado
2024-07-01 22:51:36,145 - 3264821 - [habermans-survival.csv, DecisionTree, random_sampling] - INFO - Processo finalizado
2024-07-01 23:25:25,264 - 3264743 - [volcanoes-a3.csv, DecisionTree, random_sampling] - INFO - Processo iniciado
2024-07-01 23:25:28,407 - 3264743 - [volcanoes-a3.csv, DecisionTree, random_sampling] - INFO - Processo finalizado
2024-07-01 23:50:55,925 - 3264772 - [autoUniv-au7-700.csv, DecisionTree, random_sampling] - INFO - Processo iniciado
2024-07-01 23:50:59,164 - 3264772 - [autoUniv-au7-700.csv, DecisionTree, random_sampling] - INFO - Processo finalizado
2024-07-02 00:19:45,110 - 3264820 - [autoUniv-au6-cd1-400.csv, DecisionTree, random_sampling] - INFO - Processo iniciado
2024-07-02 00:19:49,334 - 3264820 - [autoUniv-au6-cd1-400.csv, DecisionTree, random_sampling] - INFO - Processo finalizado
2024-07-02 00:38:01,787 - 3264753 - [page-blocks.csv, DecisionTree, random_sampling] - INFO - Processo iniciado
2024-07-02 00:38:05,699 - 3264753 - [page-blocks.csv, DecisionTree, random_sampling] - INFO - Processo finalizado
2024-07-02 01:12:24,796 - 3264751 - [ecoli.csv, DecisionTree, random_sampling] - INFO - Processo iniciado
2024-07-02 01:12:24,803 - 3264751 - [ecoli.csv, DecisionTree, random_sampling] - WARNING - The least populated class in y has only 2 members, which is less than n_splits=5.
2024-07-02 01:12:28,261 - 3264751 - [ecoli.csv, DecisionTree, random_sampling] - INFO - Processo finalizado
2024-07-02 01:57:11,787 - 3264766 - [pendigits.csv, DecisionTree, random_sampling] - INFO - Processo iniciado
2024-07-02 01:57:17,921 - 3264766 - [pendigits.csv, DecisionTree, random_sampling] - INFO - Processo finalizado
2024-07-02 04:45:31,451 - 3264802 - [movement-libras.csv, DecisionTree, random_sampling] - INFO - Processo iniciado
2024-07-02 04:45:39,161 - 3264802 - [movement-libras.csv, DecisionTree, random_sampling] - INFO - Processo finalizado
2024-07-02 06:10:56,510 - 3264803 - [vertebra-column-2c.csv, DecisionTree, random_sampling] - INFO - Processo iniciado
2024-07-02 06:10:59,807 - 3264803 - [vertebra-column-2c.csv, DecisionTree, random_sampling] - INFO - Processo finalizado
2024-07-02 14:14:04,231 - 3264773 - [first-order-theorem.csv, DecisionTree, random_sampling] - INFO - Processo iniciado
2024-07-02 14:14:10,470 - 3264773 - [first-order-theorem.csv, DecisionTree, random_sampling] - INFO - Processo finalizado
2024-07-02 16:39:51,193 - 3264819 - [robot-failure-lp5.csv, DecisionTree, random_sampling] - INFO - Processo iniciado
2024-07-02 16:39:55,849 - 3264819 - [robot-failure-lp5.csv, DecisionTree, random_sampling] - INFO - Processo finalizado
2024-07-02 18:58:24,496 - 3264802 - [systhetic-control.csv, DecisionTree, random_sampling] - INFO - Processo iniciado
2024-07-02 18:58:29,695 - 3264802 - [systhetic-control.csv, DecisionTree, random_sampling] - INFO - Processo finalizado
2024-07-02 22:22:30,696 - 3543730 - [magic.csv, DecisionTree, random_sampling] - INFO - Processo iniciado
2024-07-02 22:22:39,630 - 3543730 - [magic.csv, DecisionTree, random_sampling] - INFO - Processo finalizado
2024-07-03 07:40:41,234 - 3556932 - [thyroid-hypothyroid.csv, DecisionTree, random_sampling] - INFO - Processo iniciado
2024-07-03 07:40:45,817 - 3556932 - [thyroid-hypothyroid.csv, DecisionTree, random_sampling] - INFO - Processo finalizado
2024-07-03 10:44:11,400 - 3560541 - [bupa.csv, DecisionTree, random_sampling] - INFO - Processo iniciado
2024-07-03 10:44:14,334 - 3560541 - [bupa.csv, DecisionTree, random_sampling] - INFO - Processo finalizado
2024-07-03 11:31:56,063 - 3264763 - [heart-disease-processed-cleveland.csv, DecisionTree, random_sampling] - INFO - Processo iniciado
2024-07-03 11:31:59,652 - 3264763 - [heart-disease-processed-cleveland.csv, DecisionTree, random_sampling] - INFO - Processo finalizado
2024-07-03 11:52:48,159 - 3264797 - [statlog-australian-credit.csv, DecisionTree, random_sampling] - INFO - Processo iniciado
2024-07-03 11:52:51,036 - 3264797 - [statlog-australian-credit.csv, DecisionTree, random_sampling] - INFO - Processo finalizado
2024-07-03 12:36:20,731 - 3264738 - [statlog-german-credit.csv, DecisionTree, random_sampling] - INFO - Processo iniciado
2024-07-03 12:36:24,152 - 3264738 - [statlog-german-credit.csv, DecisionTree, random_sampling] - INFO - Processo finalizado
2024-07-03 13:26:53,748 - 3264793 - [kr-vs-kp.csv, DecisionTree, random_sampling] - INFO - Processo iniciado
2024-07-03 13:26:59,328 - 3264793 - [kr-vs-kp.csv, DecisionTree, random_sampling] - INFO - Processo finalizado
2024-07-03 17:05:38,773 - 3264782 - [statlog-vehicle-silhouettes.csv, DecisionTree, random_sampling] - INFO - Processo iniciado
2024-07-03 17:05:42,548 - 3264782 - [statlog-vehicle-silhouettes.csv, DecisionTree, random_sampling] - INFO - Processo finalizado
2024-07-03 18:13:22,340 - 3264734 - [ionosphere.csv, DecisionTree, random_sampling] - INFO - Processo iniciado
2024-07-03 18:13:26,436 - 3264734 - [ionosphere.csv, DecisionTree, random_sampling] - INFO - Processo finalizado
2024-07-03 18:50:45,348 - 3264811 - [mfeat-fourier.csv, DecisionTree, random_sampling] - INFO - Processo iniciado
2024-07-03 18:50:51,404 - 3264811 - [mfeat-fourier.csv, DecisionTree, random_sampling] - INFO - Processo finalizado
