2024-06-28 00:08:00,658 - 3264752 - [wine.csv, 5NN, margin_sampling] - INFO - Processo iniciado
2024-06-28 00:08:11,733 - 3264752 - [wine.csv, 5NN, margin_sampling] - INFO - Processo finalizado
2024-06-28 00:19:03,778 - 3264779 - [climate-simulation-craches.csv, 5NN, margin_sampling] - INFO - Processo iniciado
2024-06-28 00:19:11,737 - 3264779 - [climate-simulation-craches.csv, 5NN, margin_sampling] - INFO - Processo finalizado
2024-06-28 00:38:23,945 - 3264810 - [parkinsons.csv, 5NN, margin_sampling] - INFO - Processo iniciado
2024-06-28 00:38:31,654 - 3264810 - [parkinsons.csv, 5NN, margin_sampling] - INFO - Processo finalizado
2024-06-28 01:02:46,213 - 3264772 - [volcanoes-e1.csv, 5NN, margin_sampling] - INFO - Processo iniciado
2024-06-28 01:03:06,682 - 3264772 - [volcanoes-e1.csv, 5NN, margin_sampling] - INFO - Processo finalizado
2024-06-28 01:27:04,503 - 3264767 - [autoUniv-au1-1000.csv, 5NN, margin_sampling] - INFO - Processo iniciado
2024-06-28 01:27:21,341 - 3264767 - [autoUniv-au1-1000.csv, 5NN, margin_sampling] - INFO - Processo finalizado
2024-06-28 01:50:14,147 - 3264809 - [flare.csv, 5NN, margin_sampling] - INFO - Processo iniciado
2024-06-28 01:50:24,995 - 3264809 - [flare.csv, 5NN, margin_sampling] - INFO - Processo finalizado
2024-06-28 02:24:43,605 - 3264808 - [wilt.csv, 5NN, margin_sampling] - INFO - Processo iniciado
2024-06-28 02:26:02,691 - 3264808 - [wilt.csv, 5NN, margin_sampling] - INFO - Processo finalizado
2024-06-28 03:27:24,471 - 3264748 - [monks3.csv, 5NN, margin_sampling] - INFO - Processo iniciado
2024-06-28 03:27:43,260 - 3264748 - [monks3.csv, 5NN, margin_sampling] - INFO - Processo finalizado
2024-06-28 05:15:59,666 - 3264741 - [volcanoes-d1.csv, 5NN, margin_sampling] - INFO - Processo iniciado
2024-06-28 05:17:48,056 - 3264741 - [volcanoes-d1.csv, 5NN, margin_sampling] - INFO - Processo finalizado
2024-06-28 08:20:13,449 - 3264731 - [voting.csv, 5NN, margin_sampling] - INFO - Processo iniciado
2024-06-28 08:20:29,598 - 3264731 - [voting.csv, 5NN, margin_sampling] - INFO - Processo finalizado
2024-06-28 09:49:59,088 - 3264766 - [thyroid-newthyroid.csv, 5NN, margin_sampling] - INFO - Processo iniciado
2024-06-28 09:50:09,026 - 3264766 - [thyroid-newthyroid.csv, 5NN, margin_sampling] - INFO - Processo finalizado
2024-06-28 10:23:33,289 - 3264728 - [waveform-v2.csv, 5NN, margin_sampling] - INFO - Processo iniciado
2024-06-28 10:24:24,921 - 3264728 - [waveform-v2.csv, 5NN, margin_sampling] - INFO - Processo finalizado
2024-06-28 15:33:17,369 - 3264803 - [thyroid-sick-euthyroid.csv, 5NN, margin_sampling] - INFO - Processo iniciado
2024-06-28 15:34:02,680 - 3264803 - [thyroid-sick-euthyroid.csv, 5NN, margin_sampling] - INFO - Processo finalizado
2024-06-29 01:13:51,950 - 3264800 - [vertebra-column-3c.csv, 5NN, margin_sampling] - INFO - Processo iniciado
2024-06-29 01:14:02,873 - 3264800 - [vertebra-column-3c.csv, 5NN, margin_sampling] - INFO - Processo finalizado
2024-06-29 02:53:54,870 - 3264812 - [hepatitis.csv, 5NN, margin_sampling] - INFO - Processo iniciado
2024-06-29 02:54:02,755 - 3264812 - [hepatitis.csv, 5NN, margin_sampling] - INFO - Processo finalizado
2024-06-29 03:51:32,152 - 3264820 - [eeg-eye-state.csv, 5NN, margin_sampling] - INFO - Processo iniciado
2024-06-29 03:54:31,627 - 3264820 - [eeg-eye-state.csv, 5NN, margin_sampling] - INFO - Processo finalizado
2024-06-29 18:36:25,255 - 3264740 - [mammographic-mass.csv, 5NN, margin_sampling] - INFO - Processo iniciado
2024-06-29 18:36:37,925 - 3264740 - [mammographic-mass.csv, 5NN, margin_sampling] - INFO - Processo finalizado
2024-06-29 19:35:07,144 - 3264815 - [abalone-3class.csv, 5NN, margin_sampling] - INFO - Processo iniciado
2024-06-29 19:35:37,641 - 3264815 - [abalone-3class.csv, 5NN, margin_sampling] - INFO - Processo finalizado
2024-06-29 23:03:13,240 - 3264807 - [texture.csv, 5NN, margin_sampling] - INFO - Processo iniciado
2024-06-29 23:03:51,726 - 3264807 - [texture.csv, 5NN, margin_sampling] - INFO - Processo finalizado
2024-06-30 11:28:26,907 - 3264787 - [lymphography.csv, 5NN, margin_sampling] - INFO - Processo iniciado
2024-06-30 11:28:26,916 - 3264787 - [lymphography.csv, 5NN, margin_sampling] - WARNING - The least populated class in y has only 2 members, which is less than n_splits=5.
2024-06-30 11:28:31,053 - 3264787 - [lymphography.csv, 5NN, margin_sampling] - INFO - Processo finalizado
2024-06-30 13:07:20,268 - 3264738 - [connectionist-mines-vs-rocks.csv, 5NN, margin_sampling] - INFO - Processo iniciado
2024-06-30 13:07:24,952 - 3264738 - [connectionist-mines-vs-rocks.csv, 5NN, margin_sampling] - INFO - Processo finalizado
2024-06-30 14:33:58,847 - 3264787 - [turkiye-student.csv, 5NN, margin_sampling] - INFO - Processo iniciado
2024-06-30 14:34:36,929 - 3264787 - [turkiye-student.csv, 5NN, margin_sampling] - INFO - Processo finalizado
2024-06-30 18:25:37,414 - 3264776 - [nursery.csv, 5NN, margin_sampling] - INFO - Processo iniciado
2024-06-30 18:25:37,526 - 3264776 - [nursery.csv, 5NN, margin_sampling] - WARNING - The least populated class in y has only 2 members, which is less than n_splits=5.
2024-06-30 18:26:51,847 - 3264776 - [nursery.csv, 5NN, margin_sampling] - INFO - Processo finalizado
2024-06-30 23:40:20,741 - 3264736 - [user-knowledge.csv, 5NN, margin_sampling] - INFO - Processo iniciado
2024-06-30 23:40:31,977 - 3264736 - [user-knowledge.csv, 5NN, margin_sampling] - INFO - Processo finalizado
2024-07-01 01:34:30,658 - 3264760 - [monks1.csv, 5NN, margin_sampling] - INFO - Processo iniciado
2024-07-01 01:34:41,735 - 3264760 - [monks1.csv, 5NN, margin_sampling] - INFO - Processo finalizado
2024-07-01 03:26:39,254 - 3264772 - [balance-scale.csv, 5NN, margin_sampling] - INFO - Processo iniciado
2024-07-01 03:26:50,019 - 3264772 - [balance-scale.csv, 5NN, margin_sampling] - INFO - Processo finalizado
2024-07-01 06:08:14,461 - 3264796 - [hill-valley-without-noise.csv, 5NN, margin_sampling] - INFO - Processo iniciado
2024-07-01 06:08:30,793 - 3264796 - [hill-valley-without-noise.csv, 5NN, margin_sampling] - INFO - Processo finalizado
2024-07-01 12:16:20,424 - 3264772 - [statlog-heart.csv, 5NN, margin_sampling] - INFO - Processo iniciado
2024-07-01 12:16:28,230 - 3264772 - [statlog-heart.csv, 5NN, margin_sampling] - INFO - Processo finalizado
2024-07-01 13:13:05,425 - 3264800 - [wine-quality-red.csv, 5NN, margin_sampling] - INFO - Processo iniciado
2024-07-01 13:13:22,264 - 3264800 - [wine-quality-red.csv, 5NN, margin_sampling] - INFO - Processo finalizado
2024-07-01 14:14:58,438 - 3264813 - [artificial-characters.csv, 5NN, margin_sampling] - INFO - Processo iniciado
2024-07-01 14:16:10,682 - 3264813 - [artificial-characters.csv, 5NN, margin_sampling] - INFO - Processo finalizado
2024-07-01 18:32:14,314 - 3264809 - [steel-plates-faults.csv, 5NN, margin_sampling] - INFO - Processo iniciado
2024-07-01 18:32:30,833 - 3264809 - [steel-plates-faults.csv, 5NN, margin_sampling] - INFO - Processo finalizado
2024-07-01 20:29:03,508 - 3264751 - [phoneme.csv, 5NN, margin_sampling] - INFO - Processo iniciado
2024-07-01 20:29:41,250 - 3264751 - [phoneme.csv, 5NN, margin_sampling] - INFO - Processo finalizado
2024-07-01 22:29:05,217 - 3264757 - [habermans-survival.csv, 5NN, margin_sampling] - INFO - Processo iniciado
2024-07-01 22:29:11,528 - 3264757 - [habermans-survival.csv, 5NN, margin_sampling] - INFO - Processo finalizado
2024-07-01 23:16:35,060 - 3264772 - [volcanoes-a3.csv, 5NN, margin_sampling] - INFO - Processo iniciado
2024-07-01 23:16:48,167 - 3264772 - [volcanoes-a3.csv, 5NN, margin_sampling] - INFO - Processo finalizado
2024-07-01 23:43:05,648 - 3264785 - [autoUniv-au7-700.csv, 5NN, margin_sampling] - INFO - Processo iniciado
2024-07-01 23:43:12,914 - 3264785 - [autoUniv-au7-700.csv, 5NN, margin_sampling] - INFO - Processo finalizado
2024-07-02 00:12:37,777 - 3264755 - [autoUniv-au6-cd1-400.csv, 5NN, margin_sampling] - INFO - Processo iniciado
2024-07-02 00:12:43,690 - 3264755 - [autoUniv-au6-cd1-400.csv, 5NN, margin_sampling] - INFO - Processo finalizado
2024-07-02 00:30:50,608 - 3264759 - [page-blocks.csv, 5NN, margin_sampling] - INFO - Processo iniciado
2024-07-02 00:31:28,823 - 3264759 - [page-blocks.csv, 5NN, margin_sampling] - INFO - Processo finalizado
2024-07-02 01:06:48,552 - 3264765 - [ecoli.csv, 5NN, margin_sampling] - INFO - Processo iniciado
2024-07-02 01:06:48,565 - 3264765 - [ecoli.csv, 5NN, margin_sampling] - WARNING - The least populated class in y has only 2 members, which is less than n_splits=5.
2024-07-02 01:06:54,569 - 3264765 - [ecoli.csv, 5NN, margin_sampling] - INFO - Processo finalizado
2024-07-02 01:25:25,398 - 3264731 - [pendigits.csv, 5NN, margin_sampling] - INFO - Processo iniciado
2024-07-02 01:26:34,159 - 3264731 - [pendigits.csv, 5NN, margin_sampling] - INFO - Processo finalizado
2024-07-02 04:28:18,115 - 3264729 - [movement-libras.csv, 5NN, margin_sampling] - INFO - Processo iniciado
2024-07-02 04:28:24,628 - 3264729 - [movement-libras.csv, 5NN, margin_sampling] - INFO - Processo finalizado
2024-07-02 05:50:56,298 - 3264820 - [vertebra-column-2c.csv, 5NN, margin_sampling] - INFO - Processo iniciado
2024-07-02 05:51:03,051 - 3264820 - [vertebra-column-2c.csv, 5NN, margin_sampling] - INFO - Processo finalizado
2024-07-02 12:05:36,086 - 3264818 - [first-order-theorem.csv, 5NN, margin_sampling] - INFO - Processo iniciado
2024-07-02 12:06:18,794 - 3264818 - [first-order-theorem.csv, 5NN, margin_sampling] - INFO - Processo finalizado
2024-07-02 16:26:37,370 - 3264751 - [robot-failure-lp5.csv, 5NN, margin_sampling] - INFO - Processo iniciado
2024-07-02 16:26:42,100 - 3264751 - [robot-failure-lp5.csv, 5NN, margin_sampling] - INFO - Processo finalizado
2024-07-02 17:32:33,190 - 3264733 - [systhetic-control.csv, 5NN, margin_sampling] - INFO - Processo iniciado
2024-07-02 17:32:40,409 - 3264733 - [systhetic-control.csv, 5NN, margin_sampling] - INFO - Processo finalizado
2024-07-02 20:54:54,910 - 3264753 - [magic.csv, 5NN, margin_sampling] - INFO - Processo iniciado
2024-07-02 20:56:58,935 - 3264753 - [magic.csv, 5NN, margin_sampling] - INFO - Processo finalizado
2024-07-03 06:13:06,342 - 3264743 - [thyroid-hypothyroid.csv, 5NN, margin_sampling] - INFO - Processo iniciado
2024-07-03 06:13:27,837 - 3264743 - [thyroid-hypothyroid.csv, 5NN, margin_sampling] - INFO - Processo finalizado
2024-07-03 10:21:21,563 - 3264762 - [bupa.csv, 5NN, margin_sampling] - INFO - Processo iniciado
2024-07-03 10:21:27,819 - 3264762 - [bupa.csv, 5NN, margin_sampling] - INFO - Processo finalizado
2024-07-03 11:23:53,124 - 3264805 - [heart-disease-processed-cleveland.csv, 5NN, margin_sampling] - INFO - Processo iniciado
2024-07-03 11:23:58,547 - 3264805 - [heart-disease-processed-cleveland.csv, 5NN, margin_sampling] - INFO - Processo finalizado
2024-07-03 11:47:18,672 - 3264762 - [statlog-australian-credit.csv, 5NN, margin_sampling] - INFO - Processo iniciado
2024-07-03 11:47:26,845 - 3264762 - [statlog-australian-credit.csv, 5NN, margin_sampling] - INFO - Processo finalizado
2024-07-03 12:23:25,266 - 3264785 - [statlog-german-credit.csv, 5NN, margin_sampling] - INFO - Processo iniciado
2024-07-03 12:23:35,744 - 3264785 - [statlog-german-credit.csv, 5NN, margin_sampling] - INFO - Processo finalizado
2024-07-03 13:16:03,530 - 3558282 - [kr-vs-kp.csv, 5NN, margin_sampling] - INFO - Processo iniciado
2024-07-03 13:16:28,690 - 3558282 - [kr-vs-kp.csv, 5NN, margin_sampling] - INFO - Processo finalizado
2024-07-03 16:50:11,616 - 3264807 - [statlog-vehicle-silhouettes.csv, 5NN, margin_sampling] - INFO - Processo iniciado
2024-07-03 16:50:21,809 - 3264807 - [statlog-vehicle-silhouettes.csv, 5NN, margin_sampling] - INFO - Processo finalizado
2024-07-03 17:52:34,710 - 3264817 - [ionosphere.csv, 5NN, margin_sampling] - INFO - Processo iniciado
2024-07-03 17:52:42,094 - 3264817 - [ionosphere.csv, 5NN, margin_sampling] - INFO - Processo finalizado
2024-07-03 18:44:45,345 - 3560541 - [mfeat-fourier.csv, 5NN, margin_sampling] - INFO - Processo iniciado
2024-07-03 18:45:01,236 - 3560541 - [mfeat-fourier.csv, 5NN, margin_sampling] - INFO - Processo finalizado
2024-07-04 04:51:41,140 - 3264809 - [mushroom.csv, 5NN, margin_sampling] - INFO - Processo iniciado
2024-07-04 04:52:41,258 - 3264809 - [mushroom.csv, 5NN, margin_sampling] - INFO - Processo finalizado
