2024-06-28 00:08:00,717 - 3264777 - [wine.csv, DecisionTree, training_utility_sampling] - INFO - Processo iniciado
2024-06-28 00:08:10,821 - 3264777 - [wine.csv, DecisionTree, training_utility_sampling] - INFO - Processo finalizado
2024-06-28 00:27:47,675 - 3264783 - [climate-simulation-craches.csv, DecisionTree, training_utility_sampling] - INFO - Processo iniciado
2024-06-28 00:27:52,728 - 3264783 - [climate-simulation-craches.csv, DecisionTree, training_utility_sampling] - INFO - Processo finalizado
2024-06-28 00:43:08,549 - 3264739 - [parkinsons.csv, DecisionTree, training_utility_sampling] - INFO - Processo iniciado
2024-06-28 00:43:12,004 - 3264739 - [parkinsons.csv, DecisionTree, training_utility_sampling] - INFO - Processo finalizado
2024-06-28 01:12:35,060 - 3264751 - [volcanoes-e1.csv, DecisionTree, training_utility_sampling] - INFO - Processo iniciado
2024-06-28 01:12:58,638 - 3264751 - [volcanoes-e1.csv, DecisionTree, training_utility_sampling] - INFO - Processo finalizado
2024-06-28 01:30:22,770 - 3264782 - [autoUniv-au1-1000.csv, DecisionTree, training_utility_sampling] - INFO - Processo iniciado
2024-06-28 01:30:43,947 - 3264782 - [autoUniv-au1-1000.csv, DecisionTree, training_utility_sampling] - INFO - Processo finalizado
2024-06-28 02:06:37,924 - 3264760 - [flare.csv, DecisionTree, training_utility_sampling] - INFO - Processo iniciado
2024-06-28 02:07:09,051 - 3264760 - [flare.csv, DecisionTree, training_utility_sampling] - INFO - Processo finalizado
2024-06-28 02:35:11,506 - 3264746 - [wilt.csv, DecisionTree, training_utility_sampling] - INFO - Processo iniciado
2024-06-28 02:42:15,197 - 3264746 - [wilt.csv, DecisionTree, training_utility_sampling] - INFO - Processo finalizado
2024-06-28 03:56:29,499 - 3264760 - [monks3.csv, DecisionTree, training_utility_sampling] - INFO - Processo iniciado
2024-06-28 03:56:38,771 - 3264760 - [monks3.csv, DecisionTree, training_utility_sampling] - INFO - Processo finalizado
2024-06-28 05:41:48,333 - 3264732 - [volcanoes-d1.csv, DecisionTree, training_utility_sampling] - INFO - Processo iniciado
2024-06-28 05:56:05,730 - 3264732 - [volcanoes-d1.csv, DecisionTree, training_utility_sampling] - INFO - Processo finalizado
2024-06-28 08:54:19,736 - 3264767 - [voting.csv, DecisionTree, training_utility_sampling] - INFO - Processo iniciado
2024-06-28 08:54:27,905 - 3264767 - [voting.csv, DecisionTree, training_utility_sampling] - INFO - Processo finalizado
2024-06-28 09:59:37,439 - 3264769 - [thyroid-newthyroid.csv, DecisionTree, training_utility_sampling] - INFO - Processo iniciado
2024-06-28 09:59:46,441 - 3264769 - [thyroid-newthyroid.csv, DecisionTree, training_utility_sampling] - INFO - Processo finalizado
2024-06-28 10:29:43,393 - 3264814 - [waveform-v2.csv, DecisionTree, training_utility_sampling] - INFO - Processo iniciado
2024-06-28 10:36:22,031 - 3264814 - [waveform-v2.csv, DecisionTree, training_utility_sampling] - INFO - Processo finalizado
2024-06-28 18:26:30,026 - 3264757 - [thyroid-sick-euthyroid.csv, DecisionTree, training_utility_sampling] - INFO - Processo iniciado
2024-06-28 18:28:51,972 - 3264757 - [thyroid-sick-euthyroid.csv, DecisionTree, training_utility_sampling] - INFO - Processo finalizado
2024-06-29 01:45:27,651 - 3264741 - [vertebra-column-3c.csv, DecisionTree, training_utility_sampling] - INFO - Processo iniciado
2024-06-29 01:45:38,421 - 3264741 - [vertebra-column-3c.csv, DecisionTree, training_utility_sampling] - INFO - Processo finalizado
2024-06-29 03:12:20,644 - 3264799 - [hepatitis.csv, DecisionTree, training_utility_sampling] - INFO - Processo iniciado
2024-06-29 03:12:27,451 - 3264799 - [hepatitis.csv, DecisionTree, training_utility_sampling] - INFO - Processo finalizado
2024-06-29 14:21:32,863 - 3264779 - [eeg-eye-state.csv, DecisionTree, training_utility_sampling] - INFO - Processo iniciado
2024-06-29 14:48:34,102 - 3264779 - [eeg-eye-state.csv, DecisionTree, training_utility_sampling] - INFO - Processo finalizado
2024-06-29 18:54:25,150 - 3264819 - [mammographic-mass.csv, DecisionTree, training_utility_sampling] - INFO - Processo iniciado
2024-06-29 18:54:36,193 - 3264819 - [mammographic-mass.csv, DecisionTree, training_utility_sampling] - INFO - Processo finalizado
2024-06-29 19:53:28,776 - 3264751 - [abalone-3class.csv, DecisionTree, training_utility_sampling] - INFO - Processo iniciado
2024-06-29 19:56:29,453 - 3264751 - [abalone-3class.csv, DecisionTree, training_utility_sampling] - INFO - Processo finalizado
2024-06-29 23:47:11,577 - 3264751 - [texture.csv, DecisionTree, training_utility_sampling] - INFO - Processo iniciado
2024-06-29 23:51:40,235 - 3264751 - [texture.csv, DecisionTree, training_utility_sampling] - INFO - Processo finalizado
2024-06-30 12:11:33,688 - 3264740 - [lymphography.csv, DecisionTree, training_utility_sampling] - INFO - Processo iniciado
2024-06-30 12:11:33,697 - 3264740 - [lymphography.csv, DecisionTree, training_utility_sampling] - WARNING - The least populated class in y has only 2 members, which is less than n_splits=5.
2024-06-30 12:11:37,466 - 3264740 - [lymphography.csv, DecisionTree, training_utility_sampling] - INFO - Processo finalizado
2024-06-30 13:32:56,856 - 3264804 - [connectionist-mines-vs-rocks.csv, DecisionTree, training_utility_sampling] - INFO - Processo iniciado
2024-06-30 13:33:02,226 - 3264804 - [connectionist-mines-vs-rocks.csv, DecisionTree, training_utility_sampling] - INFO - Processo finalizado
2024-06-30 15:24:25,370 - 3264765 - [turkiye-student.csv, DecisionTree, training_utility_sampling] - INFO - Processo iniciado
2024-06-30 15:29:30,446 - 3264765 - [turkiye-student.csv, DecisionTree, training_utility_sampling] - INFO - Processo finalizado
2024-06-30 19:49:32,352 - 3264801 - [nursery.csv, DecisionTree, training_utility_sampling] - INFO - Processo iniciado
2024-06-30 19:49:32,618 - 3264801 - [nursery.csv, DecisionTree, training_utility_sampling] - WARNING - The least populated class in y has only 2 members, which is less than n_splits=5.
2024-06-30 20:26:23,585 - 3264801 - [nursery.csv, DecisionTree, training_utility_sampling] - INFO - Processo finalizado
2024-07-01 00:15:42,852 - 3264820 - [user-knowledge.csv, DecisionTree, training_utility_sampling] - INFO - Processo iniciado
2024-07-01 00:15:50,609 - 3264820 - [user-knowledge.csv, DecisionTree, training_utility_sampling] - INFO - Processo finalizado
2024-07-01 02:06:25,326 - 3264820 - [monks1.csv, DecisionTree, training_utility_sampling] - INFO - Processo iniciado
2024-07-01 02:06:35,314 - 3264820 - [monks1.csv, DecisionTree, training_utility_sampling] - INFO - Processo finalizado
2024-07-01 03:50:43,118 - 3264821 - [balance-scale.csv, DecisionTree, training_utility_sampling] - INFO - Processo iniciado
2024-07-01 03:50:52,072 - 3264821 - [balance-scale.csv, DecisionTree, training_utility_sampling] - INFO - Processo finalizado
2024-07-01 07:06:30,969 - 3264822 - [hill-valley-without-noise.csv, DecisionTree, training_utility_sampling] - INFO - Processo iniciado
2024-07-01 07:06:58,916 - 3264822 - [hill-valley-without-noise.csv, DecisionTree, training_utility_sampling] - INFO - Processo finalizado
2024-07-01 12:35:51,159 - 3264753 - [statlog-heart.csv, DecisionTree, training_utility_sampling] - INFO - Processo iniciado
2024-07-01 12:35:56,107 - 3264753 - [statlog-heart.csv, DecisionTree, training_utility_sampling] - INFO - Processo finalizado
2024-07-01 13:23:58,858 - 3264811 - [wine-quality-red.csv, DecisionTree, training_utility_sampling] - INFO - Processo iniciado
2024-07-01 13:24:28,304 - 3264811 - [wine-quality-red.csv, DecisionTree, training_utility_sampling] - INFO - Processo finalizado
2024-07-01 14:33:38,773 - 3264747 - [artificial-characters.csv, DecisionTree, training_utility_sampling] - INFO - Processo iniciado
2024-07-01 14:55:18,940 - 3264747 - [artificial-characters.csv, DecisionTree, training_utility_sampling] - INFO - Processo finalizado
2024-07-01 19:11:25,988 - 3264809 - [steel-plates-faults.csv, DecisionTree, training_utility_sampling] - INFO - Processo iniciado
2024-07-01 19:11:59,757 - 3264809 - [steel-plates-faults.csv, DecisionTree, training_utility_sampling] - INFO - Processo finalizado
2024-07-01 20:46:52,432 - 3264797 - [phoneme.csv, DecisionTree, training_utility_sampling] - INFO - Processo iniciado
2024-07-01 20:50:26,413 - 3264797 - [phoneme.csv, DecisionTree, training_utility_sampling] - INFO - Processo finalizado
2024-07-01 22:51:42,709 - 3264821 - [habermans-survival.csv, DecisionTree, training_utility_sampling] - INFO - Processo iniciado
2024-07-01 22:51:46,880 - 3264821 - [habermans-survival.csv, DecisionTree, training_utility_sampling] - INFO - Processo finalizado
2024-07-01 23:25:43,411 - 3264796 - [volcanoes-a3.csv, DecisionTree, training_utility_sampling] - INFO - Processo iniciado
2024-07-01 23:25:59,443 - 3264796 - [volcanoes-a3.csv, DecisionTree, training_utility_sampling] - INFO - Processo finalizado
2024-07-01 23:50:59,165 - 3264772 - [autoUniv-au7-700.csv, DecisionTree, training_utility_sampling] - INFO - Processo iniciado
2024-07-01 23:51:05,721 - 3264772 - [autoUniv-au7-700.csv, DecisionTree, training_utility_sampling] - INFO - Processo finalizado
2024-07-02 00:19:53,779 - 3264820 - [autoUniv-au6-cd1-400.csv, DecisionTree, training_utility_sampling] - INFO - Processo iniciado
2024-07-02 00:19:59,221 - 3264820 - [autoUniv-au6-cd1-400.csv, DecisionTree, training_utility_sampling] - INFO - Processo finalizado
2024-07-02 00:38:09,739 - 3264753 - [page-blocks.csv, DecisionTree, training_utility_sampling] - INFO - Processo iniciado
2024-07-02 00:41:52,871 - 3264753 - [page-blocks.csv, DecisionTree, training_utility_sampling] - INFO - Processo finalizado
2024-07-02 01:12:29,295 - 3264760 - [ecoli.csv, DecisionTree, training_utility_sampling] - INFO - Processo iniciado
2024-07-02 01:12:29,303 - 3264760 - [ecoli.csv, DecisionTree, training_utility_sampling] - WARNING - The least populated class in y has only 2 members, which is less than n_splits=5.
2024-07-02 01:12:33,520 - 3264760 - [ecoli.csv, DecisionTree, training_utility_sampling] - INFO - Processo finalizado
2024-07-02 02:12:36,361 - 3264766 - [pendigits.csv, DecisionTree, training_utility_sampling] - INFO - Processo iniciado
2024-07-02 02:28:25,763 - 3264766 - [pendigits.csv, DecisionTree, training_utility_sampling] - INFO - Processo finalizado
2024-07-02 04:45:53,187 - 3264802 - [movement-libras.csv, DecisionTree, training_utility_sampling] - INFO - Processo iniciado
2024-07-02 04:46:02,251 - 3264802 - [movement-libras.csv, DecisionTree, training_utility_sampling] - INFO - Processo finalizado
2024-07-02 06:11:08,886 - 3264803 - [vertebra-column-2c.csv, DecisionTree, training_utility_sampling] - INFO - Processo iniciado
2024-07-02 06:11:13,416 - 3264803 - [vertebra-column-2c.csv, DecisionTree, training_utility_sampling] - INFO - Processo finalizado
2024-07-02 14:14:23,423 - 3264784 - [first-order-theorem.csv, DecisionTree, training_utility_sampling] - INFO - Processo iniciado
2024-07-02 14:19:47,410 - 3264784 - [first-order-theorem.csv, DecisionTree, training_utility_sampling] - INFO - Processo finalizado
2024-07-02 16:40:04,685 - 3264776 - [robot-failure-lp5.csv, DecisionTree, training_utility_sampling] - INFO - Processo iniciado
2024-07-02 16:40:10,280 - 3264776 - [robot-failure-lp5.csv, DecisionTree, training_utility_sampling] - INFO - Processo finalizado
2024-07-02 18:58:30,834 - 3264737 - [systhetic-control.csv, DecisionTree, training_utility_sampling] - INFO - Processo iniciado
2024-07-02 18:58:37,662 - 3264737 - [systhetic-control.csv, DecisionTree, training_utility_sampling] - INFO - Processo finalizado
2024-07-02 23:11:40,167 - 3543730 - [magic.csv, DecisionTree, training_utility_sampling] - INFO - Processo iniciado
2024-07-03 00:02:25,061 - 3543730 - [magic.csv, DecisionTree, training_utility_sampling] - INFO - Processo finalizado
2024-07-03 07:42:02,761 - 3264817 - [thyroid-hypothyroid.csv, DecisionTree, training_utility_sampling] - INFO - Processo iniciado
2024-07-03 07:43:45,039 - 3264817 - [thyroid-hypothyroid.csv, DecisionTree, training_utility_sampling] - INFO - Processo finalizado
2024-07-03 10:44:21,157 - 3560541 - [bupa.csv, DecisionTree, training_utility_sampling] - INFO - Processo iniciado
2024-07-03 10:44:25,237 - 3560541 - [bupa.csv, DecisionTree, training_utility_sampling] - INFO - Processo finalizado
2024-07-03 11:32:07,521 - 3264763 - [heart-disease-processed-cleveland.csv, DecisionTree, training_utility_sampling] - INFO - Processo iniciado
2024-07-03 11:32:13,134 - 3264763 - [heart-disease-processed-cleveland.csv, DecisionTree, training_utility_sampling] - INFO - Processo finalizado
2024-07-03 11:53:00,467 - 3264797 - [statlog-australian-credit.csv, DecisionTree, training_utility_sampling] - INFO - Processo iniciado
2024-07-03 11:53:06,451 - 3264797 - [statlog-australian-credit.csv, DecisionTree, training_utility_sampling] - INFO - Processo finalizado
2024-07-03 12:36:39,498 - 3264738 - [statlog-german-credit.csv, DecisionTree, training_utility_sampling] - INFO - Processo iniciado
2024-07-03 12:36:51,092 - 3264738 - [statlog-german-credit.csv, DecisionTree, training_utility_sampling] - INFO - Processo finalizado
2024-07-03 13:27:04,400 - 3264793 - [kr-vs-kp.csv, DecisionTree, training_utility_sampling] - INFO - Processo iniciado
2024-07-03 13:29:07,594 - 3264793 - [kr-vs-kp.csv, DecisionTree, training_utility_sampling] - INFO - Processo finalizado
2024-07-03 17:05:55,428 - 3264782 - [statlog-vehicle-silhouettes.csv, DecisionTree, training_utility_sampling] - INFO - Processo iniciado
2024-07-03 17:06:05,619 - 3264782 - [statlog-vehicle-silhouettes.csv, DecisionTree, training_utility_sampling] - INFO - Processo finalizado
2024-07-03 18:13:36,509 - 3264734 - [ionosphere.csv, DecisionTree, training_utility_sampling] - INFO - Processo iniciado
2024-07-03 18:13:41,621 - 3264734 - [ionosphere.csv, DecisionTree, training_utility_sampling] - INFO - Processo finalizado
2024-07-03 18:51:02,056 - 3556510 - [mfeat-fourier.csv, DecisionTree, training_utility_sampling] - INFO - Processo iniciado
2024-07-03 18:51:38,037 - 3556510 - [mfeat-fourier.csv, DecisionTree, training_utility_sampling] - INFO - Processo finalizado
