2024-06-28 00:08:00,651 - 3264730 - [wine.csv, SVC, density_weighted_sampling] - INFO - Processo iniciado
2024-06-28 00:08:00,905 - 3264822 - [climate-simulation-craches.csv, SVC, density_weighted_sampling] - INFO - Processo iniciado
2024-06-28 00:08:05,914 - 3264730 - [wine.csv, SVC, density_weighted_sampling] - INFO - Processo finalizado
2024-06-28 00:08:17,220 - 3264822 - [climate-simulation-craches.csv, SVC, density_weighted_sampling] - INFO - Processo finalizado
2024-06-28 00:35:18,255 - 3264819 - [parkinsons.csv, SVC, density_weighted_sampling] - INFO - Processo iniciado
2024-06-28 00:35:24,875 - 3264819 - [parkinsons.csv, SVC, density_weighted_sampling] - INFO - Processo finalizado
2024-06-28 00:56:21,083 - 3264808 - [volcanoes-e1.csv, SVC, density_weighted_sampling] - INFO - Processo iniciado
2024-06-28 00:56:51,725 - 3264808 - [volcanoes-e1.csv, SVC, density_weighted_sampling] - INFO - Processo finalizado
2024-06-28 01:22:21,979 - 3264772 - [autoUniv-au1-1000.csv, SVC, density_weighted_sampling] - INFO - Processo iniciado
2024-06-28 01:22:45,788 - 3264772 - [autoUniv-au1-1000.csv, SVC, density_weighted_sampling] - INFO - Processo finalizado
2024-06-28 01:39:21,667 - 3264748 - [flare.csv, SVC, density_weighted_sampling] - INFO - Processo iniciado
2024-06-28 01:40:08,114 - 3264748 - [flare.csv, SVC, density_weighted_sampling] - INFO - Processo finalizado
2024-06-28 02:18:25,592 - 3264801 - [wilt.csv, SVC, density_weighted_sampling] - INFO - Processo iniciado
2024-06-28 02:24:22,944 - 3264801 - [wilt.csv, SVC, density_weighted_sampling] - INFO - Processo finalizado
2024-06-28 03:00:31,409 - 3264788 - [monks3.csv, SVC, density_weighted_sampling] - INFO - Processo iniciado
2024-06-28 03:00:40,674 - 3264788 - [monks3.csv, SVC, density_weighted_sampling] - INFO - Processo finalizado
2024-06-28 04:56:12,548 - 3264772 - [volcanoes-d1.csv, SVC, density_weighted_sampling] - INFO - Processo iniciado
2024-06-28 05:11:52,090 - 3264772 - [volcanoes-d1.csv, SVC, density_weighted_sampling] - INFO - Processo finalizado
2024-06-28 07:19:32,720 - 3264798 - [voting.csv, SVC, density_weighted_sampling] - INFO - Processo iniciado
2024-06-28 07:19:43,362 - 3264798 - [voting.csv, SVC, density_weighted_sampling] - INFO - Processo finalizado
2024-06-28 09:31:10,596 - 3264754 - [thyroid-newthyroid.csv, SVC, density_weighted_sampling] - INFO - Processo iniciado
2024-06-28 09:31:19,326 - 3264754 - [thyroid-newthyroid.csv, SVC, density_weighted_sampling] - INFO - Processo finalizado
2024-06-28 10:14:48,910 - 3264745 - [waveform-v2.csv, SVC, density_weighted_sampling] - INFO - Processo iniciado
2024-06-28 10:22:16,534 - 3264745 - [waveform-v2.csv, SVC, density_weighted_sampling] - INFO - Processo finalizado
2024-06-28 11:59:36,976 - 3264820 - [thyroid-sick-euthyroid.csv, SVC, density_weighted_sampling] - INFO - Processo iniciado
2024-06-28 12:01:52,624 - 3264820 - [thyroid-sick-euthyroid.csv, SVC, density_weighted_sampling] - INFO - Processo finalizado
2024-06-29 00:27:39,519 - 3264770 - [vertebra-column-3c.csv, SVC, density_weighted_sampling] - INFO - Processo iniciado
2024-06-29 00:27:51,664 - 3264770 - [vertebra-column-3c.csv, SVC, density_weighted_sampling] - INFO - Processo finalizado
2024-06-29 02:40:04,001 - 3264779 - [hepatitis.csv, SVC, density_weighted_sampling] - INFO - Processo iniciado
2024-06-29 02:40:17,494 - 3264779 - [hepatitis.csv, SVC, density_weighted_sampling] - INFO - Processo finalizado
2024-06-29 03:33:37,189 - 3264736 - [eeg-eye-state.csv, SVC, density_weighted_sampling] - INFO - Processo iniciado
2024-06-29 04:18:28,527 - 3264736 - [eeg-eye-state.csv, SVC, density_weighted_sampling] - INFO - Processo finalizado
2024-06-29 17:56:20,914 - 3264747 - [mammographic-mass.csv, SVC, density_weighted_sampling] - INFO - Processo iniciado
2024-06-29 17:56:33,124 - 3264747 - [mammographic-mass.csv, SVC, density_weighted_sampling] - INFO - Processo finalizado
2024-06-29 19:20:14,379 - 3264728 - [abalone-3class.csv, SVC, density_weighted_sampling] - INFO - Processo iniciado
2024-06-29 19:22:57,513 - 3264728 - [abalone-3class.csv, SVC, density_weighted_sampling] - INFO - Processo finalizado
2024-06-29 21:50:08,731 - 3264761 - [texture.csv, SVC, density_weighted_sampling] - INFO - Processo iniciado
2024-06-29 21:55:18,656 - 3264761 - [texture.csv, SVC, density_weighted_sampling] - INFO - Processo finalizado
2024-06-30 09:40:30,688 - 3264814 - [lymphography.csv, SVC, density_weighted_sampling] - INFO - Processo iniciado
2024-06-30 09:40:30,698 - 3264814 - [lymphography.csv, SVC, density_weighted_sampling] - WARNING - The least populated class in y has only 2 members, which is less than n_splits=5.
2024-06-30 09:40:36,676 - 3264814 - [lymphography.csv, SVC, density_weighted_sampling] - INFO - Processo finalizado
2024-06-30 12:42:13,217 - 3264744 - [connectionist-mines-vs-rocks.csv, SVC, density_weighted_sampling] - INFO - Processo iniciado
2024-06-30 12:42:18,464 - 3264744 - [connectionist-mines-vs-rocks.csv, SVC, density_weighted_sampling] - INFO - Processo finalizado
2024-06-30 14:13:26,247 - 3264780 - [turkiye-student.csv, SVC, density_weighted_sampling] - INFO - Processo iniciado
2024-06-30 14:18:23,662 - 3264780 - [turkiye-student.csv, SVC, density_weighted_sampling] - INFO - Processo finalizado
2024-06-30 17:38:27,493 - 3264813 - [nursery.csv, SVC, density_weighted_sampling] - INFO - Processo iniciado
2024-06-30 17:38:27,646 - 3264813 - [nursery.csv, SVC, density_weighted_sampling] - WARNING - The least populated class in y has only 2 members, which is less than n_splits=5.
2024-06-30 18:10:00,333 - 3264813 - [nursery.csv, SVC, density_weighted_sampling] - INFO - Processo finalizado
2024-06-30 22:32:03,366 - 3264759 - [user-knowledge.csv, SVC, density_weighted_sampling] - INFO - Processo iniciado
2024-06-30 22:32:14,437 - 3264759 - [user-knowledge.csv, SVC, density_weighted_sampling] - INFO - Processo finalizado
2024-07-01 01:07:44,968 - 3264772 - [monks1.csv, SVC, density_weighted_sampling] - INFO - Processo iniciado
2024-07-01 01:07:55,717 - 3264772 - [monks1.csv, SVC, density_weighted_sampling] - INFO - Processo finalizado
2024-07-01 03:00:26,864 - 3264759 - [balance-scale.csv, SVC, density_weighted_sampling] - INFO - Processo iniciado
2024-07-01 03:00:39,885 - 3264759 - [balance-scale.csv, SVC, density_weighted_sampling] - INFO - Processo finalizado
2024-07-01 04:39:01,174 - 3264821 - [hill-valley-without-noise.csv, SVC, density_weighted_sampling] - INFO - Processo iniciado
2024-07-01 04:39:39,375 - 3264821 - [hill-valley-without-noise.csv, SVC, density_weighted_sampling] - INFO - Processo finalizado
2024-07-01 11:46:10,106 - 3264769 - [statlog-heart.csv, SVC, density_weighted_sampling] - INFO - Processo iniciado
2024-07-01 11:46:17,591 - 3264769 - [statlog-heart.csv, SVC, density_weighted_sampling] - INFO - Processo finalizado
2024-07-01 13:04:16,878 - 3264779 - [wine-quality-red.csv, SVC, density_weighted_sampling] - INFO - Processo iniciado
2024-07-01 13:04:50,347 - 3264779 - [wine-quality-red.csv, SVC, density_weighted_sampling] - INFO - Processo finalizado
2024-07-01 13:55:07,142 - 3264749 - [artificial-characters.csv, SVC, density_weighted_sampling] - INFO - Processo iniciado
2024-07-01 14:15:14,363 - 3264749 - [artificial-characters.csv, SVC, density_weighted_sampling] - INFO - Processo finalizado
2024-07-01 16:57:57,423 - 3264806 - [steel-plates-faults.csv, SVC, density_weighted_sampling] - INFO - Processo iniciado
2024-07-01 16:58:42,875 - 3264806 - [steel-plates-faults.csv, SVC, density_weighted_sampling] - INFO - Processo finalizado
2024-07-01 20:01:07,988 - 3264812 - [phoneme.csv, SVC, density_weighted_sampling] - INFO - Processo iniciado
2024-07-01 20:05:11,651 - 3264812 - [phoneme.csv, SVC, density_weighted_sampling] - INFO - Processo finalizado
2024-07-01 22:00:15,330 - 3264729 - [habermans-survival.csv, SVC, density_weighted_sampling] - INFO - Processo iniciado
2024-07-01 22:00:20,517 - 3264729 - [habermans-survival.csv, SVC, density_weighted_sampling] - INFO - Processo finalizado
2024-07-01 23:09:59,536 - 3264797 - [volcanoes-a3.csv, SVC, density_weighted_sampling] - INFO - Processo iniciado
2024-07-01 23:10:19,707 - 3264797 - [volcanoes-a3.csv, SVC, density_weighted_sampling] - INFO - Processo finalizado
2024-07-01 23:38:53,441 - 3264729 - [autoUniv-au7-700.csv, SVC, density_weighted_sampling] - INFO - Processo iniciado
2024-07-01 23:39:03,377 - 3264729 - [autoUniv-au7-700.csv, SVC, density_weighted_sampling] - INFO - Processo finalizado
2024-07-02 00:02:26,243 - 3264804 - [autoUniv-au6-cd1-400.csv, SVC, density_weighted_sampling] - INFO - Processo iniciado
2024-07-02 00:02:37,059 - 3264804 - [autoUniv-au6-cd1-400.csv, SVC, density_weighted_sampling] - INFO - Processo finalizado
2024-07-02 00:26:53,115 - 3264811 - [page-blocks.csv, SVC, density_weighted_sampling] - INFO - Processo iniciado
2024-07-02 00:30:31,772 - 3264811 - [page-blocks.csv, SVC, density_weighted_sampling] - INFO - Processo finalizado
2024-07-02 01:02:07,880 - 3264752 - [ecoli.csv, SVC, density_weighted_sampling] - INFO - Processo iniciado
2024-07-02 01:02:07,886 - 3264752 - [ecoli.csv, SVC, density_weighted_sampling] - WARNING - The least populated class in y has only 2 members, which is less than n_splits=5.
2024-07-02 01:02:15,869 - 3264752 - [ecoli.csv, SVC, density_weighted_sampling] - INFO - Processo finalizado
2024-07-02 01:19:07,697 - 3264792 - [pendigits.csv, SVC, density_weighted_sampling] - INFO - Processo iniciado
2024-07-02 01:35:32,026 - 3264792 - [pendigits.csv, SVC, density_weighted_sampling] - INFO - Processo finalizado
2024-07-02 03:46:42,133 - 3264803 - [movement-libras.csv, SVC, density_weighted_sampling] - INFO - Processo iniciado
2024-07-02 03:46:59,511 - 3264803 - [movement-libras.csv, SVC, density_weighted_sampling] - INFO - Processo finalizado
2024-07-02 05:29:26,974 - 3264749 - [vertebra-column-2c.csv, SVC, density_weighted_sampling] - INFO - Processo iniciado
2024-07-02 05:29:33,293 - 3264749 - [vertebra-column-2c.csv, SVC, density_weighted_sampling] - INFO - Processo finalizado
2024-07-02 06:48:44,346 - 3264803 - [first-order-theorem.csv, SVC, density_weighted_sampling] - INFO - Processo iniciado
2024-07-02 06:55:12,292 - 3264803 - [first-order-theorem.csv, SVC, density_weighted_sampling] - INFO - Processo finalizado
2024-07-02 16:03:07,112 - 3264820 - [robot-failure-lp5.csv, SVC, density_weighted_sampling] - INFO - Processo iniciado
2024-07-02 16:03:15,388 - 3264820 - [robot-failure-lp5.csv, SVC, density_weighted_sampling] - INFO - Processo finalizado
2024-07-02 17:15:57,376 - 3264768 - [systhetic-control.csv, SVC, density_weighted_sampling] - INFO - Processo iniciado
2024-07-02 17:16:10,618 - 3264768 - [systhetic-control.csv, SVC, density_weighted_sampling] - INFO - Processo finalizado
2024-07-02 20:28:42,303 - 3264730 - [magic.csv, SVC, density_weighted_sampling] - INFO - Processo iniciado
2024-07-02 21:13:25,657 - 3264730 - [magic.csv, SVC, density_weighted_sampling] - INFO - Processo finalizado
2024-07-03 04:51:25,758 - 3556538 - [thyroid-hypothyroid.csv, SVC, density_weighted_sampling] - INFO - Processo iniciado
2024-07-03 04:53:34,544 - 3556538 - [thyroid-hypothyroid.csv, SVC, density_weighted_sampling] - INFO - Processo finalizado
2024-07-03 09:46:27,289 - 3264762 - [bupa.csv, SVC, density_weighted_sampling] - INFO - Processo iniciado
2024-07-03 09:46:33,901 - 3264762 - [bupa.csv, SVC, density_weighted_sampling] - INFO - Processo finalizado
2024-07-03 11:15:10,729 - 3264786 - [heart-disease-processed-cleveland.csv, SVC, density_weighted_sampling] - INFO - Processo iniciado
2024-07-03 11:15:19,042 - 3264786 - [heart-disease-processed-cleveland.csv, SVC, density_weighted_sampling] - INFO - Processo finalizado
2024-07-03 11:40:42,514 - 3556538 - [statlog-australian-credit.csv, SVC, density_weighted_sampling] - INFO - Processo iniciado
2024-07-03 11:40:51,188 - 3556538 - [statlog-australian-credit.csv, SVC, density_weighted_sampling] - INFO - Processo finalizado
2024-07-03 12:16:26,045 - 3264789 - [statlog-german-credit.csv, SVC, density_weighted_sampling] - INFO - Processo iniciado
2024-07-03 12:16:40,462 - 3264789 - [statlog-german-credit.csv, SVC, density_weighted_sampling] - INFO - Processo finalizado
2024-07-03 12:55:17,983 - 3264818 - [kr-vs-kp.csv, SVC, density_weighted_sampling] - INFO - Processo iniciado
2024-07-03 12:57:02,365 - 3264818 - [kr-vs-kp.csv, SVC, density_weighted_sampling] - INFO - Processo finalizado
2024-07-03 16:26:17,649 - 3264811 - [statlog-vehicle-silhouettes.csv, SVC, density_weighted_sampling] - INFO - Processo iniciado
2024-07-03 16:26:32,910 - 3264811 - [statlog-vehicle-silhouettes.csv, SVC, density_weighted_sampling] - INFO - Processo finalizado
2024-07-03 17:40:09,417 - 3264734 - [ionosphere.csv, SVC, density_weighted_sampling] - INFO - Processo iniciado
2024-07-03 17:40:14,989 - 3264734 - [ionosphere.csv, SVC, density_weighted_sampling] - INFO - Processo finalizado
2024-07-03 18:26:58,594 - 3264819 - [mfeat-fourier.csv, SVC, density_weighted_sampling] - INFO - Processo iniciado
2024-07-03 18:27:48,217 - 3264819 - [mfeat-fourier.csv, SVC, density_weighted_sampling] - INFO - Processo finalizado
2024-07-04 02:53:48,808 - 3264736 - [mushroom.csv, SVC, density_weighted_sampling] - INFO - Processo iniciado
2024-07-04 03:02:49,240 - 3264736 - [mushroom.csv, SVC, density_weighted_sampling] - INFO - Processo finalizado
2024-07-04 11:31:46,974 - 3264772 - [ringnorm.csv, SVC, density_weighted_sampling] - INFO - Processo iniciado
2024-07-04 11:47:09,843 - 3264772 - [ringnorm.csv, SVC, density_weighted_sampling] - INFO - Processo finalizado
