2024-06-28 00:08:00,651 - 3264731 - [wine.csv, SVC, training_utility_sampling] - INFO - Processo iniciado
2024-06-28 00:08:04,514 - 3264820 - [climate-simulation-craches.csv, SVC, training_utility_sampling] - INFO - Processo iniciado
2024-06-28 00:08:05,474 - 3264731 - [wine.csv, SVC, training_utility_sampling] - INFO - Processo finalizado
2024-06-28 00:08:15,250 - 3264820 - [climate-simulation-craches.csv, SVC, training_utility_sampling] - INFO - Processo finalizado
2024-06-28 00:35:19,490 - 3264772 - [parkinsons.csv, SVC, training_utility_sampling] - INFO - Processo iniciado
2024-06-28 00:35:28,265 - 3264772 - [parkinsons.csv, SVC, training_utility_sampling] - INFO - Processo finalizado
2024-06-28 00:56:22,951 - 3264806 - [volcanoes-e1.csv, SVC, training_utility_sampling] - INFO - Processo iniciado
2024-06-28 00:56:50,713 - 3264806 - [volcanoes-e1.csv, SVC, training_utility_sampling] - INFO - Processo finalizado
2024-06-28 01:22:23,957 - 3264730 - [autoUniv-au1-1000.csv, SVC, training_utility_sampling] - INFO - Processo iniciado
2024-06-28 01:22:58,379 - 3264730 - [autoUniv-au1-1000.csv, SVC, training_utility_sampling] - INFO - Processo finalizado
2024-06-28 01:39:35,680 - 3264741 - [flare.csv, SVC, training_utility_sampling] - INFO - Processo iniciado
2024-06-28 01:40:20,732 - 3264741 - [flare.csv, SVC, training_utility_sampling] - INFO - Processo finalizado
2024-06-28 02:18:39,835 - 3264809 - [wilt.csv, SVC, training_utility_sampling] - INFO - Processo iniciado
2024-06-28 02:26:06,585 - 3264809 - [wilt.csv, SVC, training_utility_sampling] - INFO - Processo finalizado
2024-06-28 03:00:40,675 - 3264788 - [monks3.csv, SVC, training_utility_sampling] - INFO - Processo iniciado
2024-06-28 03:00:48,480 - 3264788 - [monks3.csv, SVC, training_utility_sampling] - INFO - Processo finalizado
2024-06-28 05:00:02,169 - 3264818 - [volcanoes-d1.csv, SVC, training_utility_sampling] - INFO - Processo iniciado
2024-06-28 05:23:25,893 - 3264818 - [volcanoes-d1.csv, SVC, training_utility_sampling] - INFO - Processo finalizado
2024-06-28 07:19:43,364 - 3264798 - [voting.csv, SVC, training_utility_sampling] - INFO - Processo iniciado
2024-06-28 07:20:00,127 - 3264798 - [voting.csv, SVC, training_utility_sampling] - INFO - Processo finalizado
2024-06-28 09:31:19,330 - 3264754 - [thyroid-newthyroid.csv, SVC, training_utility_sampling] - INFO - Processo iniciado
2024-06-28 09:31:29,163 - 3264754 - [thyroid-newthyroid.csv, SVC, training_utility_sampling] - INFO - Processo finalizado
2024-06-28 10:15:11,404 - 3264749 - [waveform-v2.csv, SVC, training_utility_sampling] - INFO - Processo iniciado
2024-06-28 10:19:34,441 - 3264749 - [waveform-v2.csv, SVC, training_utility_sampling] - INFO - Processo finalizado
2024-06-28 12:01:33,910 - 3264733 - [thyroid-sick-euthyroid.csv, SVC, training_utility_sampling] - INFO - Processo iniciado
2024-06-28 12:03:51,780 - 3264733 - [thyroid-sick-euthyroid.csv, SVC, training_utility_sampling] - INFO - Processo finalizado
2024-06-29 00:27:51,669 - 3264770 - [vertebra-column-3c.csv, SVC, training_utility_sampling] - INFO - Processo iniciado
2024-06-29 00:28:05,828 - 3264770 - [vertebra-column-3c.csv, SVC, training_utility_sampling] - INFO - Processo finalizado
2024-06-29 02:40:09,718 - 3264822 - [hepatitis.csv, SVC, training_utility_sampling] - INFO - Processo iniciado
2024-06-29 02:40:19,714 - 3264822 - [hepatitis.csv, SVC, training_utility_sampling] - INFO - Processo finalizado
2024-06-29 03:33:50,512 - 3264799 - [eeg-eye-state.csv, SVC, training_utility_sampling] - INFO - Processo iniciado
2024-06-29 04:17:08,179 - 3264799 - [eeg-eye-state.csv, SVC, training_utility_sampling] - INFO - Processo finalizado
2024-06-29 17:56:33,126 - 3264747 - [mammographic-mass.csv, SVC, training_utility_sampling] - INFO - Processo iniciado
2024-06-29 17:56:46,677 - 3264747 - [mammographic-mass.csv, SVC, training_utility_sampling] - INFO - Processo finalizado
2024-06-29 19:20:23,598 - 3264804 - [abalone-3class.csv, SVC, training_utility_sampling] - INFO - Processo iniciado
2024-06-29 19:23:17,176 - 3264804 - [abalone-3class.csv, SVC, training_utility_sampling] - INFO - Processo finalizado
2024-06-29 21:50:38,825 - 3264811 - [texture.csv, SVC, training_utility_sampling] - INFO - Processo iniciado
2024-06-29 21:56:24,275 - 3264811 - [texture.csv, SVC, training_utility_sampling] - INFO - Processo finalizado
2024-06-30 09:40:36,677 - 3264814 - [lymphography.csv, SVC, training_utility_sampling] - INFO - Processo iniciado
2024-06-30 09:40:36,696 - 3264814 - [lymphography.csv, SVC, training_utility_sampling] - WARNING - The least populated class in y has only 2 members, which is less than n_splits=5.
2024-06-30 09:40:43,040 - 3264814 - [lymphography.csv, SVC, training_utility_sampling] - INFO - Processo finalizado
2024-06-30 12:42:18,465 - 3264744 - [connectionist-mines-vs-rocks.csv, SVC, training_utility_sampling] - INFO - Processo iniciado
2024-06-30 12:42:24,143 - 3264744 - [connectionist-mines-vs-rocks.csv, SVC, training_utility_sampling] - INFO - Processo finalizado
2024-06-30 14:14:16,335 - 3264763 - [turkiye-student.csv, SVC, training_utility_sampling] - INFO - Processo iniciado
2024-06-30 14:19:34,041 - 3264763 - [turkiye-student.csv, SVC, training_utility_sampling] - INFO - Processo finalizado
2024-06-30 17:39:31,322 - 3264800 - [nursery.csv, SVC, training_utility_sampling] - INFO - Processo iniciado
2024-06-30 17:39:31,423 - 3264800 - [nursery.csv, SVC, training_utility_sampling] - WARNING - The least populated class in y has only 2 members, which is less than n_splits=5.
2024-06-30 18:11:52,660 - 3264800 - [nursery.csv, SVC, training_utility_sampling] - INFO - Processo finalizado
2024-06-30 22:32:14,440 - 3264759 - [user-knowledge.csv, SVC, training_utility_sampling] - INFO - Processo iniciado
2024-06-30 22:32:25,699 - 3264759 - [user-knowledge.csv, SVC, training_utility_sampling] - INFO - Processo finalizado
2024-07-01 01:07:55,723 - 3264772 - [monks1.csv, SVC, training_utility_sampling] - INFO - Processo iniciado
2024-07-01 01:08:06,726 - 3264772 - [monks1.csv, SVC, training_utility_sampling] - INFO - Processo finalizado
2024-07-01 03:00:39,888 - 3264759 - [balance-scale.csv, SVC, training_utility_sampling] - INFO - Processo iniciado
2024-07-01 03:00:54,152 - 3264759 - [balance-scale.csv, SVC, training_utility_sampling] - INFO - Processo finalizado
2024-07-01 04:39:08,295 - 3264796 - [hill-valley-without-noise.csv, SVC, training_utility_sampling] - INFO - Processo iniciado
2024-07-01 04:39:49,241 - 3264796 - [hill-valley-without-noise.csv, SVC, training_utility_sampling] - INFO - Processo finalizado
2024-07-01 11:46:17,593 - 3264769 - [statlog-heart.csv, SVC, training_utility_sampling] - INFO - Processo iniciado
2024-07-01 11:46:24,954 - 3264769 - [statlog-heart.csv, SVC, training_utility_sampling] - INFO - Processo finalizado
2024-07-01 13:04:40,800 - 3264821 - [wine-quality-red.csv, SVC, training_utility_sampling] - INFO - Processo iniciado
2024-07-01 13:05:19,842 - 3264821 - [wine-quality-red.csv, SVC, training_utility_sampling] - INFO - Processo finalizado
2024-07-01 13:56:05,848 - 3264813 - [artificial-characters.csv, SVC, training_utility_sampling] - INFO - Processo iniciado
2024-07-01 14:14:58,436 - 3264813 - [artificial-characters.csv, SVC, training_utility_sampling] - INFO - Processo finalizado
2024-07-01 16:58:42,878 - 3264806 - [steel-plates-faults.csv, SVC, training_utility_sampling] - INFO - Processo iniciado
2024-07-01 16:59:23,237 - 3264806 - [steel-plates-faults.csv, SVC, training_utility_sampling] - INFO - Processo finalizado
2024-07-01 20:05:11,653 - 3264812 - [phoneme.csv, SVC, training_utility_sampling] - INFO - Processo iniciado
2024-07-01 20:09:17,084 - 3264812 - [phoneme.csv, SVC, training_utility_sampling] - INFO - Processo finalizado
2024-07-01 22:00:18,959 - 3264762 - [habermans-survival.csv, SVC, training_utility_sampling] - INFO - Processo iniciado
2024-07-01 22:00:24,382 - 3264762 - [habermans-survival.csv, SVC, training_utility_sampling] - INFO - Processo finalizado
2024-07-01 23:10:13,202 - 3264755 - [volcanoes-a3.csv, SVC, training_utility_sampling] - INFO - Processo iniciado
2024-07-01 23:10:33,707 - 3264755 - [volcanoes-a3.csv, SVC, training_utility_sampling] - INFO - Processo finalizado
2024-07-01 23:39:03,381 - 3264729 - [autoUniv-au7-700.csv, SVC, training_utility_sampling] - INFO - Processo iniciado
2024-07-01 23:39:13,820 - 3264729 - [autoUniv-au7-700.csv, SVC, training_utility_sampling] - INFO - Processo finalizado
2024-07-02 00:02:32,680 - 3264817 - [autoUniv-au6-cd1-400.csv, SVC, training_utility_sampling] - INFO - Processo iniciado
2024-07-02 00:02:44,098 - 3264817 - [autoUniv-au6-cd1-400.csv, SVC, training_utility_sampling] - INFO - Processo finalizado
2024-07-02 00:27:06,645 - 3264782 - [page-blocks.csv, SVC, training_utility_sampling] - INFO - Processo iniciado
2024-07-02 00:31:00,145 - 3264782 - [page-blocks.csv, SVC, training_utility_sampling] - INFO - Processo finalizado
2024-07-02 01:02:15,872 - 3264752 - [ecoli.csv, SVC, training_utility_sampling] - INFO - Processo iniciado
2024-07-02 01:02:15,884 - 3264752 - [ecoli.csv, SVC, training_utility_sampling] - WARNING - The least populated class in y has only 2 members, which is less than n_splits=5.
2024-07-02 01:02:25,051 - 3264752 - [ecoli.csv, SVC, training_utility_sampling] - INFO - Processo finalizado
2024-07-02 01:19:12,446 - 3264748 - [pendigits.csv, SVC, training_utility_sampling] - INFO - Processo iniciado
2024-07-02 01:35:35,163 - 3264748 - [pendigits.csv, SVC, training_utility_sampling] - INFO - Processo finalizado
2024-07-02 03:46:59,514 - 3264803 - [movement-libras.csv, SVC, training_utility_sampling] - INFO - Processo iniciado
2024-07-02 03:47:19,986 - 3264803 - [movement-libras.csv, SVC, training_utility_sampling] - INFO - Processo finalizado
2024-07-02 05:29:33,294 - 3264749 - [vertebra-column-2c.csv, SVC, training_utility_sampling] - INFO - Processo iniciado
2024-07-02 05:29:39,751 - 3264749 - [vertebra-column-2c.csv, SVC, training_utility_sampling] - INFO - Processo finalizado
2024-07-02 06:48:53,570 - 3264732 - [first-order-theorem.csv, SVC, training_utility_sampling] - INFO - Processo iniciado
2024-07-02 06:55:32,773 - 3264732 - [first-order-theorem.csv, SVC, training_utility_sampling] - INFO - Processo finalizado
2024-07-02 16:03:15,390 - 3264820 - [robot-failure-lp5.csv, SVC, training_utility_sampling] - INFO - Processo iniciado
2024-07-02 16:03:23,146 - 3264820 - [robot-failure-lp5.csv, SVC, training_utility_sampling] - INFO - Processo finalizado
2024-07-02 17:16:02,227 - 3264750 - [systhetic-control.csv, SVC, training_utility_sampling] - INFO - Processo iniciado
2024-07-02 17:16:14,870 - 3264750 - [systhetic-control.csv, SVC, training_utility_sampling] - INFO - Processo finalizado
2024-07-02 20:29:25,367 - 3264755 - [magic.csv, SVC, training_utility_sampling] - INFO - Processo iniciado
2024-07-02 21:13:19,064 - 3264755 - [magic.csv, SVC, training_utility_sampling] - INFO - Processo finalizado
2024-07-03 04:51:27,529 - 3556539 - [thyroid-hypothyroid.csv, SVC, training_utility_sampling] - INFO - Processo iniciado
2024-07-03 04:53:38,906 - 3556539 - [thyroid-hypothyroid.csv, SVC, training_utility_sampling] - INFO - Processo finalizado
2024-07-03 09:46:33,906 - 3264762 - [bupa.csv, SVC, training_utility_sampling] - INFO - Processo iniciado
2024-07-03 09:46:41,116 - 3264762 - [bupa.csv, SVC, training_utility_sampling] - INFO - Processo finalizado
2024-07-03 11:15:13,169 - 3264769 - [heart-disease-processed-cleveland.csv, SVC, training_utility_sampling] - INFO - Processo iniciado
2024-07-03 11:15:20,322 - 3264769 - [heart-disease-processed-cleveland.csv, SVC, training_utility_sampling] - INFO - Processo finalizado
2024-07-03 11:40:45,462 - 3264778 - [statlog-australian-credit.csv, SVC, training_utility_sampling] - INFO - Processo iniciado
2024-07-03 11:40:54,599 - 3264778 - [statlog-australian-credit.csv, SVC, training_utility_sampling] - INFO - Processo finalizado
2024-07-03 12:16:31,155 - 3264797 - [statlog-german-credit.csv, SVC, training_utility_sampling] - INFO - Processo iniciado
2024-07-03 12:16:46,905 - 3264797 - [statlog-german-credit.csv, SVC, training_utility_sampling] - INFO - Processo finalizado
2024-07-03 12:55:20,929 - 3264735 - [kr-vs-kp.csv, SVC, training_utility_sampling] - INFO - Processo iniciado
2024-07-03 12:57:10,123 - 3264735 - [kr-vs-kp.csv, SVC, training_utility_sampling] - INFO - Processo finalizado
2024-07-03 16:26:32,913 - 3264811 - [statlog-vehicle-silhouettes.csv, SVC, training_utility_sampling] - INFO - Processo iniciado
2024-07-03 16:26:49,246 - 3264811 - [statlog-vehicle-silhouettes.csv, SVC, training_utility_sampling] - INFO - Processo finalizado
2024-07-03 17:40:14,990 - 3264734 - [ionosphere.csv, SVC, training_utility_sampling] - INFO - Processo iniciado
2024-07-03 17:40:21,846 - 3264734 - [ionosphere.csv, SVC, training_utility_sampling] - INFO - Processo finalizado
2024-07-03 18:27:08,725 - 3556932 - [mfeat-fourier.csv, SVC, training_utility_sampling] - INFO - Processo iniciado
2024-07-03 18:27:59,972 - 3556932 - [mfeat-fourier.csv, SVC, training_utility_sampling] - INFO - Processo finalizado
2024-07-04 03:01:04,048 - 3264745 - [mushroom.csv, SVC, training_utility_sampling] - INFO - Processo iniciado
2024-07-04 03:10:26,704 - 3264745 - [mushroom.csv, SVC, training_utility_sampling] - INFO - Processo finalizado
2024-07-04 11:47:09,848 - 3264772 - [ringnorm.csv, SVC, training_utility_sampling] - INFO - Processo iniciado
2024-07-04 12:02:17,728 - 3264772 - [ringnorm.csv, SVC, training_utility_sampling] - INFO - Processo finalizado
