2024-06-28 00:08:00,671 - 3264754 - [wine.csv, 5NN, training_utility_sampling] - INFO - Processo iniciado
2024-06-28 00:08:13,946 - 3264754 - [wine.csv, 5NN, training_utility_sampling] - INFO - Processo finalizado
2024-06-28 00:19:14,570 - 3264793 - [climate-simulation-craches.csv, 5NN, training_utility_sampling] - INFO - Processo iniciado
2024-06-28 00:19:30,556 - 3264793 - [climate-simulation-craches.csv, 5NN, training_utility_sampling] - INFO - Processo finalizado
2024-06-28 00:38:26,850 - 3264785 - [parkinsons.csv, 5NN, training_utility_sampling] - INFO - Processo iniciado
2024-06-28 00:38:34,801 - 3264785 - [parkinsons.csv, 5NN, training_utility_sampling] - INFO - Processo finalizado
2024-06-28 01:03:33,880 - 3264786 - [volcanoes-e1.csv, 5NN, training_utility_sampling] - INFO - Processo iniciado
2024-06-28 01:04:06,785 - 3264786 - [volcanoes-e1.csv, 5NN, training_utility_sampling] - INFO - Processo finalizado
2024-06-28 01:27:21,343 - 3264767 - [autoUniv-au1-1000.csv, 5NN, training_utility_sampling] - INFO - Processo iniciado
2024-06-28 01:27:42,740 - 3264767 - [autoUniv-au1-1000.csv, 5NN, training_utility_sampling] - INFO - Processo finalizado
2024-06-28 01:50:45,197 - 3264809 - [flare.csv, 5NN, training_utility_sampling] - INFO - Processo iniciado
2024-06-28 01:51:25,978 - 3264809 - [flare.csv, 5NN, training_utility_sampling] - INFO - Processo finalizado
2024-06-28 02:25:07,055 - 3264747 - [wilt.csv, 5NN, training_utility_sampling] - INFO - Processo iniciado
2024-06-28 02:34:29,299 - 3264747 - [wilt.csv, 5NN, training_utility_sampling] - INFO - Processo finalizado
2024-06-28 03:28:08,322 - 3264748 - [monks3.csv, 5NN, training_utility_sampling] - INFO - Processo iniciado
2024-06-28 03:28:32,259 - 3264748 - [monks3.csv, 5NN, training_utility_sampling] - INFO - Processo finalizado
2024-06-28 05:16:33,140 - 3264788 - [volcanoes-d1.csv, 5NN, training_utility_sampling] - INFO - Processo iniciado
2024-06-28 05:35:35,881 - 3264788 - [volcanoes-d1.csv, 5NN, training_utility_sampling] - INFO - Processo finalizado
2024-06-28 08:20:45,351 - 3264731 - [voting.csv, 5NN, training_utility_sampling] - INFO - Processo iniciado
2024-06-28 08:21:05,372 - 3264731 - [voting.csv, 5NN, training_utility_sampling] - INFO - Processo finalizado
2024-06-28 09:50:19,091 - 3264766 - [thyroid-newthyroid.csv, 5NN, training_utility_sampling] - INFO - Processo iniciado
2024-06-28 09:50:31,083 - 3264766 - [thyroid-newthyroid.csv, 5NN, training_utility_sampling] - INFO - Processo finalizado
2024-06-28 10:24:06,703 - 3264742 - [waveform-v2.csv, 5NN, training_utility_sampling] - INFO - Processo iniciado
2024-06-28 10:29:30,990 - 3264742 - [waveform-v2.csv, 5NN, training_utility_sampling] - INFO - Processo finalizado
2024-06-28 15:37:21,367 - 3264803 - [thyroid-sick-euthyroid.csv, 5NN, training_utility_sampling] - INFO - Processo iniciado
2024-06-28 15:40:29,486 - 3264803 - [thyroid-sick-euthyroid.csv, 5NN, training_utility_sampling] - INFO - Processo finalizado
2024-06-29 01:14:13,785 - 3264800 - [vertebra-column-3c.csv, 5NN, training_utility_sampling] - INFO - Processo iniciado
2024-06-29 01:14:24,946 - 3264800 - [vertebra-column-3c.csv, 5NN, training_utility_sampling] - INFO - Processo finalizado
2024-06-29 02:54:12,412 - 3264812 - [hepatitis.csv, 5NN, training_utility_sampling] - INFO - Processo iniciado
2024-06-29 02:54:23,694 - 3264812 - [hepatitis.csv, 5NN, training_utility_sampling] - INFO - Processo finalizado
2024-06-29 03:51:49,219 - 3264732 - [eeg-eye-state.csv, 5NN, training_utility_sampling] - INFO - Processo iniciado
2024-06-29 04:25:59,353 - 3264732 - [eeg-eye-state.csv, 5NN, training_utility_sampling] - INFO - Processo finalizado
2024-06-29 18:36:55,981 - 3264740 - [mammographic-mass.csv, 5NN, training_utility_sampling] - INFO - Processo iniciado
2024-06-29 18:37:14,635 - 3264740 - [mammographic-mass.csv, 5NN, training_utility_sampling] - INFO - Processo finalizado
2024-06-29 19:35:36,487 - 3264769 - [abalone-3class.csv, 5NN, training_utility_sampling] - INFO - Processo iniciado
2024-06-29 19:38:45,618 - 3264769 - [abalone-3class.csv, 5NN, training_utility_sampling] - INFO - Processo finalizado
2024-06-29 23:05:21,048 - 3264739 - [texture.csv, 5NN, training_utility_sampling] - INFO - Processo iniciado
2024-06-29 23:10:23,754 - 3264739 - [texture.csv, 5NN, training_utility_sampling] - INFO - Processo finalizado
2024-06-30 11:28:35,883 - 3264787 - [lymphography.csv, 5NN, training_utility_sampling] - INFO - Processo iniciado
2024-06-30 11:28:35,892 - 3264787 - [lymphography.csv, 5NN, training_utility_sampling] - WARNING - The least populated class in y has only 2 members, which is less than n_splits=5.
2024-06-30 11:28:40,681 - 3264787 - [lymphography.csv, 5NN, training_utility_sampling] - INFO - Processo finalizado
2024-06-30 13:07:30,150 - 3264738 - [connectionist-mines-vs-rocks.csv, 5NN, training_utility_sampling] - INFO - Processo iniciado
2024-06-30 13:07:35,586 - 3264738 - [connectionist-mines-vs-rocks.csv, 5NN, training_utility_sampling] - INFO - Processo finalizado
2024-06-30 14:34:04,872 - 3264731 - [turkiye-student.csv, 5NN, training_utility_sampling] - INFO - Processo iniciado
2024-06-30 14:39:27,655 - 3264731 - [turkiye-student.csv, 5NN, training_utility_sampling] - INFO - Processo finalizado
2024-06-30 18:34:08,683 - 3264804 - [nursery.csv, 5NN, training_utility_sampling] - INFO - Processo iniciado
2024-06-30 18:34:08,814 - 3264804 - [nursery.csv, 5NN, training_utility_sampling] - WARNING - The least populated class in y has only 2 members, which is less than n_splits=5.
2024-06-30 19:10:30,989 - 3264804 - [nursery.csv, 5NN, training_utility_sampling] - INFO - Processo finalizado
2024-06-30 23:40:42,664 - 3264736 - [user-knowledge.csv, 5NN, training_utility_sampling] - INFO - Processo iniciado
2024-06-30 23:40:55,554 - 3264736 - [user-knowledge.csv, 5NN, training_utility_sampling] - INFO - Processo finalizado
2024-07-01 01:34:54,291 - 3264760 - [monks1.csv, 5NN, training_utility_sampling] - INFO - Processo iniciado
2024-07-01 01:35:07,174 - 3264760 - [monks1.csv, 5NN, training_utility_sampling] - INFO - Processo finalizado
2024-07-01 03:26:55,925 - 3264744 - [balance-scale.csv, 5NN, training_utility_sampling] - INFO - Processo iniciado
2024-07-01 03:27:12,056 - 3264744 - [balance-scale.csv, 5NN, training_utility_sampling] - INFO - Processo finalizado
2024-07-01 06:09:10,959 - 3264796 - [hill-valley-without-noise.csv, 5NN, training_utility_sampling] - INFO - Processo iniciado
2024-07-01 06:09:49,623 - 3264796 - [hill-valley-without-noise.csv, 5NN, training_utility_sampling] - INFO - Processo finalizado
2024-07-01 12:16:36,599 - 3264772 - [statlog-heart.csv, 5NN, training_utility_sampling] - INFO - Processo iniciado
2024-07-01 12:16:46,215 - 3264772 - [statlog-heart.csv, 5NN, training_utility_sampling] - INFO - Processo finalizado
2024-07-01 13:14:02,453 - 3264800 - [wine-quality-red.csv, 5NN, training_utility_sampling] - INFO - Processo iniciado
2024-07-01 13:14:46,762 - 3264800 - [wine-quality-red.csv, 5NN, training_utility_sampling] - INFO - Processo finalizado
2024-07-01 14:15:48,317 - 3264815 - [artificial-characters.csv, 5NN, training_utility_sampling] - INFO - Processo iniciado
2024-07-01 14:36:44,099 - 3264815 - [artificial-characters.csv, 5NN, training_utility_sampling] - INFO - Processo finalizado
2024-07-01 18:32:30,836 - 3264809 - [steel-plates-faults.csv, 5NN, training_utility_sampling] - INFO - Processo iniciado
2024-07-01 18:33:15,451 - 3264809 - [steel-plates-faults.csv, 5NN, training_utility_sampling] - INFO - Processo finalizado
2024-07-01 20:29:41,251 - 3264751 - [phoneme.csv, 5NN, training_utility_sampling] - INFO - Processo iniciado
2024-07-01 20:34:03,973 - 3264751 - [phoneme.csv, 5NN, training_utility_sampling] - INFO - Processo finalizado
2024-07-01 22:29:17,389 - 3264757 - [habermans-survival.csv, 5NN, training_utility_sampling] - INFO - Processo iniciado
2024-07-01 22:29:24,263 - 3264757 - [habermans-survival.csv, 5NN, training_utility_sampling] - INFO - Processo finalizado
2024-07-01 23:17:05,813 - 3264743 - [volcanoes-a3.csv, 5NN, training_utility_sampling] - INFO - Processo iniciado
2024-07-01 23:17:32,109 - 3264743 - [volcanoes-a3.csv, 5NN, training_utility_sampling] - INFO - Processo finalizado
2024-07-01 23:43:22,605 - 3264785 - [autoUniv-au7-700.csv, 5NN, training_utility_sampling] - INFO - Processo iniciado
2024-07-01 23:43:32,441 - 3264785 - [autoUniv-au7-700.csv, 5NN, training_utility_sampling] - INFO - Processo finalizado
2024-07-02 00:12:50,963 - 3264755 - [autoUniv-au6-cd1-400.csv, 5NN, training_utility_sampling] - INFO - Processo iniciado
2024-07-02 00:12:58,604 - 3264755 - [autoUniv-au6-cd1-400.csv, 5NN, training_utility_sampling] - INFO - Processo finalizado
2024-07-02 00:31:09,251 - 3264771 - [page-blocks.csv, 5NN, training_utility_sampling] - INFO - Processo iniciado
2024-07-02 00:35:24,628 - 3264771 - [page-blocks.csv, 5NN, training_utility_sampling] - INFO - Processo finalizado
2024-07-02 01:06:54,299 - 3264817 - [ecoli.csv, 5NN, training_utility_sampling] - INFO - Processo iniciado
2024-07-02 01:06:54,304 - 3264817 - [ecoli.csv, 5NN, training_utility_sampling] - WARNING - The least populated class in y has only 2 members, which is less than n_splits=5.
2024-07-02 01:07:01,409 - 3264817 - [ecoli.csv, 5NN, training_utility_sampling] - INFO - Processo finalizado
2024-07-02 01:26:00,746 - 3264785 - [pendigits.csv, 5NN, training_utility_sampling] - INFO - Processo iniciado
2024-07-02 01:42:52,721 - 3264785 - [pendigits.csv, 5NN, training_utility_sampling] - INFO - Processo finalizado
2024-07-02 04:28:33,979 - 3264729 - [movement-libras.csv, 5NN, training_utility_sampling] - INFO - Processo iniciado
2024-07-02 04:28:42,820 - 3264729 - [movement-libras.csv, 5NN, training_utility_sampling] - INFO - Processo finalizado
2024-07-02 05:51:03,056 - 3264820 - [vertebra-column-2c.csv, 5NN, training_utility_sampling] - INFO - Processo iniciado
2024-07-02 05:51:11,349 - 3264820 - [vertebra-column-2c.csv, 5NN, training_utility_sampling] - INFO - Processo finalizado
2024-07-02 12:12:39,860 - 3264818 - [first-order-theorem.csv, 5NN, training_utility_sampling] - INFO - Processo iniciado
2024-07-02 12:19:03,868 - 3264818 - [first-order-theorem.csv, 5NN, training_utility_sampling] - INFO - Processo finalizado
2024-07-02 16:26:48,159 - 3264751 - [robot-failure-lp5.csv, 5NN, training_utility_sampling] - INFO - Processo iniciado
2024-07-02 16:26:54,607 - 3264751 - [robot-failure-lp5.csv, 5NN, training_utility_sampling] - INFO - Processo finalizado
2024-07-02 17:32:49,601 - 3264733 - [systhetic-control.csv, 5NN, training_utility_sampling] - INFO - Processo iniciado
2024-07-02 17:32:59,439 - 3264733 - [systhetic-control.csv, 5NN, training_utility_sampling] - INFO - Processo finalizado
2024-07-02 20:56:58,937 - 3264753 - [magic.csv, 5NN, training_utility_sampling] - INFO - Processo iniciado
2024-07-02 21:45:24,171 - 3264753 - [magic.csv, 5NN, training_utility_sampling] - INFO - Processo finalizado
2024-07-03 06:15:23,460 - 3264743 - [thyroid-hypothyroid.csv, 5NN, training_utility_sampling] - INFO - Processo iniciado
2024-07-03 06:17:17,107 - 3264743 - [thyroid-hypothyroid.csv, 5NN, training_utility_sampling] - INFO - Processo finalizado
2024-07-03 10:21:34,951 - 3264762 - [bupa.csv, 5NN, training_utility_sampling] - INFO - Processo iniciado
2024-07-03 10:21:43,490 - 3264762 - [bupa.csv, 5NN, training_utility_sampling] - INFO - Processo finalizado
2024-07-03 11:24:05,298 - 3264805 - [heart-disease-processed-cleveland.csv, 5NN, training_utility_sampling] - INFO - Processo iniciado
2024-07-03 11:24:11,627 - 3264805 - [heart-disease-processed-cleveland.csv, 5NN, training_utility_sampling] - INFO - Processo finalizado
2024-07-03 11:47:23,489 - 3558282 - [statlog-australian-credit.csv, 5NN, training_utility_sampling] - INFO - Processo iniciado
2024-07-03 11:47:33,924 - 3558282 - [statlog-australian-credit.csv, 5NN, training_utility_sampling] - INFO - Processo finalizado
2024-07-03 12:23:29,596 - 3264743 - [statlog-german-credit.csv, 5NN, training_utility_sampling] - INFO - Processo iniciado
2024-07-03 12:23:46,165 - 3264743 - [statlog-german-credit.csv, 5NN, training_utility_sampling] - INFO - Processo finalizado
2024-07-03 13:16:28,691 - 3558282 - [kr-vs-kp.csv, 5NN, training_utility_sampling] - INFO - Processo iniciado
2024-07-03 13:18:28,688 - 3558282 - [kr-vs-kp.csv, 5NN, training_utility_sampling] - INFO - Processo finalizado
2024-07-03 16:50:38,082 - 3264807 - [statlog-vehicle-silhouettes.csv, 5NN, training_utility_sampling] - INFO - Processo iniciado
2024-07-03 16:50:55,695 - 3264807 - [statlog-vehicle-silhouettes.csv, 5NN, training_utility_sampling] - INFO - Processo finalizado
2024-07-03 17:52:50,183 - 3264817 - [ionosphere.csv, 5NN, training_utility_sampling] - INFO - Processo iniciado
2024-07-03 17:52:58,622 - 3264817 - [ionosphere.csv, 5NN, training_utility_sampling] - INFO - Processo finalizado
2024-07-03 18:45:01,237 - 3560541 - [mfeat-fourier.csv, 5NN, training_utility_sampling] - INFO - Processo iniciado
2024-07-03 18:45:46,317 - 3560541 - [mfeat-fourier.csv, 5NN, training_utility_sampling] - INFO - Processo finalizado
2024-07-04 04:54:46,887 - 3264744 - [mushroom.csv, 5NN, training_utility_sampling] - INFO - Processo iniciado
2024-07-04 05:06:24,475 - 3264744 - [mushroom.csv, 5NN, training_utility_sampling] - INFO - Processo finalizado
